2019-08-16 18:10:37 /home/mod/.darbs scripts/common/darbs_secrets_hide
2019-08-16 18:10:37 /home/mod/.darbs scripts/common/darbs_secrets_hide
2019-08-16 18:10:02 /home/mod/.darbs scripts/common/darbs_secrets_hide
2019-08-16 18:10:02 /home/mod/.darbs scripts/common/darbs_secrets_hide
2019-08-16 18:09:53 /home/mod/.darbs scripts/common/darbs_secrets_hide
2019-08-16 18:09:53 /home/mod/.darbs scripts/common/darbs_secrets_hide
2019-08-16 18:09:48 /home/mod/.darbs scripts/common/darbs_secrets_hide
2019-08-16 18:09:48 /home/mod/.darbs scripts/common/darbs_secrets_hide
2019-08-16 18:07:44 /home/mod/.darbs dotfiles/postinstall.sh
2019-08-16 18:07:44 /home/mod/.darbs dotfiles/postinstall.sh
2019-08-16 18:04:33 /home/mod/.darbs .gitsecret/paths/mapping.cfg
2019-08-16 18:04:33 /home/mod/.darbs .gitsecret/paths/mapping.cfg
2019-08-16 17:51:26 /home/mod/.darbs secrets/folders.csv
2019-08-16 17:51:26 /home/mod/.darbs secrets/folders.csv
2019-08-16 17:24:08 /home/mod/.darbs .gitignore
2019-08-16 17:24:07 /home/mod/.darbs .gitignore
2019-08-16 17:23:37 /home/mod/.darbs .gitignore
2019-08-16 17:23:37 /home/mod/.darbs .gitignore
2019-08-16 17:23:15 /home/mod/.darbs .gitignore
2019-08-16 17:23:15 /home/mod/.darbs .gitignore
2019-08-16 17:23:14 /home/mod/.darbs .gitignore
2019-08-16 17:23:14 /home/mod/.darbs .gitignore
2019-08-16 16:10:08 /home/mod/.darbs rice/arch_manjaro_i3/progs.csv
2019-08-16 16:10:08 /home/mod/.darbs rice/arch_manjaro_i3/progs.csv
2019-08-16 16:09:46 /home/mod/.darbs rice/arch_manjaro_i3/progs.csv
2019-08-16 16:09:46 /home/mod/.darbs rice/arch_manjaro_i3/progs.csv
2019-08-16 16:01:31 /home/mod/.darbs rice/arch_manjaro_i3/progs.csv
2019-08-16 16:01:31 /home/mod/.darbs rice/arch_manjaro_i3/progs.csv
2019-08-16 15:28:13 /home/mod/.darbs README.md
2019-08-16 15:28:13 /home/mod/.darbs README.md
2019-08-16 15:28:06 /home/mod/.darbs README.md
2019-08-16 15:28:06 /home/mod/.darbs README.md
2019-08-16 15:27:47 /home/mod/.darbs README.md
2019-08-16 15:27:47 /home/mod/.darbs README.md
2019-08-16 12:52:18 /home/mod/.darbs backup_exclude.txt
2019-08-16 12:52:18 /home/mod/.darbs backup_exclude.txt
2019-08-16 11:01:39 /home/mod/.darbs backup_exclude.txt
2019-08-16 11:01:39 /home/mod/.darbs backup_exclude.txt
2019-08-16 10:57:38 /home/mod/.darbs backup_exclude.txt
2019-08-16 10:57:38 /home/mod/.darbs backup_exclude.txt
2019-08-16 10:57:25 /home/mod/.darbs backup_exclude.txt
2019-08-16 10:57:25 /home/mod/.darbs backup_exclude.txt
2019-08-16 10:57:03 /home/mod/.darbs backup_exclude.txt
2019-08-16 10:57:03 /home/mod/.darbs backup_exclude.txt
2019-08-16 10:56:46 /home/mod/.darbs backup_exclude.txt
2019-08-16 10:56:46 /home/mod/.darbs backup_exclude.txt
2019-08-16 10:56:17 /home/mod/.darbs backup_exclude.txt
2019-08-16 10:56:17 /home/mod/.darbs backup_exclude.txt
2019-08-16 10:55:38 /home/mod/.darbs backup_exclude.txt
2019-08-16 10:55:38 /home/mod/.darbs backup_exclude.txt
2019-08-16 10:55:31 /home/mod/.darbs backup_exclude.txt
2019-08-16 10:55:31 /home/mod/.darbs backup_exclude.txt
2019-08-16 10:55:06 /home/mod/.darbs backup_exclude.txt
2019-08-16 10:55:06 /home/mod/.darbs backup_exclude.txt
2019-08-16 10:54:44 /home/mod/.darbs backup_exclude.txt
2019-08-16 10:54:44 /home/mod/.darbs backup_exclude.txt
2019-08-16 10:54:21 /home/mod/.darbs backup_exclude.txt
2019-08-16 10:54:21 /home/mod/.darbs backup_exclude.txt
2019-08-16 10:48:38 /home/mod/.darbs backup_exclude.txt
2019-08-16 10:48:38 /home/mod/.darbs backup_exclude.txt
2019-08-16 10:47:42 /home/mod/.darbs backup_exclude.txt
2019-08-16 10:47:42 /home/mod/.darbs backup_exclude.txt
2019-08-16 10:44:39 /home/mod/.darbs backup_exclude.txt
2019-08-16 10:44:39 /home/mod/.darbs backup_exclude.txt
2019-08-16 10:44:03 /home/mod/.darbs backup_exclude.txt
2019-08-16 10:44:03 /home/mod/.darbs backup_exclude.txt
2019-08-16 10:42:50 /home/mod/.darbs backup_exclude.txt
2019-08-16 10:42:50 /home/mod/.darbs backup_exclude.txt
2019-08-16 10:42:22 /home/mod/.darbs backup_exclude.txt
2019-08-16 10:42:22 /home/mod/.darbs backup_exclude.txt
2019-08-16 10:41:43 /home/mod/.darbs backup_exclude.txt
2019-08-16 10:41:43 /home/mod/.darbs backup_exclude.txt
2019-08-16 10:41:16 /home/mod/.darbs backup_exclude.txt
2019-08-16 10:41:16 /home/mod/.darbs backup_exclude.txt
2019-08-16 10:41:04 /home/mod/.darbs backup_exclude.txt
2019-08-16 10:41:04 /home/mod/.darbs backup_exclude.txt
2019-08-16 10:40:22 /home/mod/.darbs backup_exclude.txt
2019-08-16 10:40:22 /home/mod/.darbs backup_exclude.txt
2019-08-16 10:39:14 /home/mod/.darbs backup_exclude.txt
2019-08-16 10:39:14 /home/mod/.darbs backup_exclude.txt
2019-08-16 10:38:35 /home/mod/.darbs backup_exclude.txt
2019-08-16 10:38:35 /home/mod/.darbs backup_exclude.txt
2019-08-16 10:37:49 /home/mod/.darbs backup_exclude.txt
2019-08-16 10:37:49 /home/mod/.darbs backup_exclude.txt
2019-08-16 10:37:16 /home/mod/.darbs backup_exclude.txt
2019-08-16 10:37:16 /home/mod/.darbs backup_exclude.txt
2019-08-16 10:37:11 /home/mod/.darbs backup_exclude.txt
2019-08-16 10:37:11 /home/mod/.darbs backup_exclude.txt
2019-08-16 10:36:20 /home/mod/.darbs backup_exclude.txt
2019-08-16 10:36:20 /home/mod/.darbs backup_exclude.txt
2019-08-16 10:36:05 /home/mod/.darbs backup_exclude.txt
2019-08-16 10:36:05 /home/mod/.darbs backup_exclude.txt
2019-08-16 10:35:47 /home/mod/.darbs backup_exclude.txt
2019-08-16 10:35:47 /home/mod/.darbs backup_exclude.txt
2019-08-16 10:33:14 /home/mod/.darbs backup_exclude.txt
2019-08-16 10:33:14 /home/mod/.darbs backup_exclude.txt
2019-08-16 10:32:55 /home/mod/.darbs backup_exclude.txt
2019-08-16 10:32:55 /home/mod/.darbs backup_exclude.txt
2019-08-16 10:32:29 /home/mod/.darbs backup_exclude.txt
2019-08-16 10:32:29 /home/mod/.darbs backup_exclude.txt
2019-08-16 10:32:18 /home/mod/.darbs backup_exclude.txt
2019-08-16 10:32:18 /home/mod/.darbs backup_exclude.txt
2019-08-16 10:29:42 /home/mod/.darbs darbs
2019-08-16 10:29:42 /home/mod/.darbs darbs
2019-08-16 10:29:27 /home/mod/.darbs darbs
2019-08-16 10:29:27 /home/mod/.darbs darbs
2019-08-16 10:29:02 /home/mod/.darbs backup_exclude.txt
2019-08-16 10:29:02 /home/mod/.darbs backup_exclude.txt
2019-08-16 10:28:55 /home/mod/.darbs backup_exclude.txt
2019-08-16 10:28:55 /home/mod/.darbs backup_exclude.txt
2019-08-16 10:28:15 /home/mod/.darbs backup_exclude.txt
2019-08-16 10:28:15 /home/mod/.darbs backup_exclude.txt
2019-08-16 10:27:31 /home/mod/.darbs darbs
2019-08-16 10:27:31 /home/mod/.darbs darbs
2019-08-16 10:26:55 /home/mod/.darbs darbs
2019-08-16 10:26:55 /home/mod/.darbs darbs
2019-08-16 10:26:53 /home/mod/.darbs darbs
2019-08-16 10:26:53 /home/mod/.darbs darbs
2019-08-16 10:23:17 /home/mod/.darbs backup_exclude.txt
2019-08-16 10:23:17 /home/mod/.darbs backup_exclude.txt
2019-08-16 10:23:09 /home/mod/.darbs backup_exclude.txt
2019-08-16 10:23:09 /home/mod/.darbs backup_exclude.txt
2019-08-16 10:22:52 /home/mod/.darbs backup_exclude.txt
2019-08-16 10:22:52 /home/mod/.darbs backup_exclude.txt
2019-08-16 10:22:19 /home/mod/.darbs darbs
2019-08-16 10:22:19 /home/mod/.darbs darbs
2019-08-16 10:21:47 /home/mod/.darbs darbs
2019-08-16 10:21:47 /home/mod/.darbs darbs
2019-08-16 10:14:54 /home/mod/.darbs dotfiles/postinstall.sh
2019-08-16 10:14:54 /home/mod/.darbs dotfiles/postinstall.sh
2019-08-16 10:14:46 /home/mod/.darbs dotfiles/postinstall.sh
2019-08-16 10:14:46 /home/mod/.darbs dotfiles/postinstall.sh
2019-08-16 10:14:45 /home/mod/.darbs dotfiles/postinstall.sh
2019-08-16 10:14:45 /home/mod/.darbs dotfiles/postinstall.sh
2019-08-16 10:14:36 /home/mod/.darbs darbs
2019-08-16 10:14:36 /home/mod/.darbs darbs
2019-08-16 10:14:33 /home/mod/.darbs darbs
2019-08-16 10:14:33 /home/mod/.darbs darbs
2019-08-16 09:49:12 /home/mod/.darbs secrets/folders.csv
2019-08-16 09:49:12 /home/mod/.darbs secrets/folders.csv
2019-08-16 09:48:02 /home/mod/.darbs secrets/folders.csv
2019-08-16 09:48:02 /home/mod/.darbs secrets/folders.csv
2019-08-16 09:47:23 /home/mod/.darbs secrets/folders.csv
2019-08-16 09:47:23 /home/mod/.darbs secrets/folders.csv
2019-08-16 09:46:32 /home/mod/.darbs secrets/folders.csv
2019-08-16 09:46:32 /home/mod/.darbs secrets/folders.csv
2019-08-16 09:46:11 /home/mod/.darbs secrets/folders.csv
2019-08-16 09:46:11 /home/mod/.darbs secrets/folders.csv
2019-08-16 09:45:20 /home/mod/.darbs secrets/folders.csv
2019-08-16 09:45:20 /home/mod/.darbs secrets/folders.csv
2019-08-16 09:44:38 /home/mod/.darbs secrets/folders.csv
2019-08-16 09:44:38 /home/mod/.darbs secrets/folders.csv
2019-08-16 09:42:13 /home/mod/.darbs secrets/folders.csv
2019-08-16 09:42:13 /home/mod/.darbs secrets/folders.csv
2019-08-16 09:32:17 /home/mod/.darbs darbs
2019-08-16 09:32:17 /home/mod/.darbs darbs
2019-08-16 09:18:30 /home/mod/.darbs darbs
2019-08-16 09:18:30 /home/mod/.darbs darbs
2019-08-16 09:18:28 /home/mod/.darbs darbs
2019-08-16 09:18:28 /home/mod/.darbs darbs
2019-08-16 08:27:03 /home/mod/.darbs dotfiles/postinstall.sh
2019-08-16 08:27:03 /home/mod/.darbs dotfiles/postinstall.sh
2019-08-01 10:33:52 /home/mod/.darbs README.md
2019-08-01 10:33:52 /home/mod/.darbs README.md
2019-08-01 02:08:48 /home/mod/.darbs scripts/common/oe_attach_file
2019-08-01 02:08:48 /home/mod/.darbs scripts/common/oe_attach_file
2019-08-01 02:08:27 /home/mod/.darbs scripts/common/oe_attach_file
2019-08-01 02:08:27 /home/mod/.darbs scripts/common/oe_attach_file
2019-08-01 02:08:23 /home/mod/.darbs scripts/common/oe_attach_file
2019-08-01 02:08:23 /home/mod/.darbs scripts/common/oe_attach_file
2019-08-01 02:08:14 /home/mod/.darbs scripts/common/oe_attach_file
2019-08-01 02:08:14 /home/mod/.darbs scripts/common/oe_attach_file
2019-08-01 02:06:29 /home/mod/.darbs scripts/common/oe_attach_file
2019-08-01 02:06:29 /home/mod/.darbs scripts/common/oe_attach_file
2019-08-01 02:05:47 /home/mod/.darbs scripts/common/oe_attach_file
2019-08-01 02:05:47 /home/mod/.darbs scripts/common/oe_attach_file
2019-08-01 02:05:38 /home/mod/.darbs scripts/common/oe_attach_file
2019-08-01 02:05:38 /home/mod/.darbs scripts/common/oe_attach_file
2019-08-01 02:05:26 /home/mod/.darbs scripts/common/oe_attach_file
2019-08-01 02:05:26 /home/mod/.darbs scripts/common/oe_attach_file
2019-08-01 02:04:41 /home/mod/.darbs scripts/common/oe_attach_file
2019-08-01 02:04:41 /home/mod/.darbs scripts/common/oe_attach_file
2019-08-01 02:04:30 /home/mod/.darbs scripts/common/oe_attach_file
2019-08-01 02:04:30 /home/mod/.darbs scripts/common/oe_attach_file
2019-08-01 02:03:33 /home/mod/.darbs scripts/common/oe_attach_file
2019-08-01 02:03:33 /home/mod/.darbs scripts/common/oe_attach_file
2019-08-01 02:03:02 /home/mod/.darbs scripts/common/oe_attach_file
2019-08-01 02:03:02 /home/mod/.darbs scripts/common/oe_attach_file
2019-08-01 02:02:44 /home/mod/.darbs scripts/common/oe_attach_file
2019-08-01 02:02:44 /home/mod/.darbs scripts/common/oe_attach_file
2019-08-01 02:02:33 /home/mod/.darbs scripts/common/oe_attach_file
2019-08-01 02:02:33 /home/mod/.darbs scripts/common/oe_attach_file
2019-08-01 02:02:29 /home/mod/.darbs scripts/common/oe_attach_file
2019-08-01 02:02:29 /home/mod/.darbs scripts/common/oe_attach_file
2019-08-01 02:02:23 /home/mod/.darbs scripts/common/oe_attach_file
2019-08-01 02:02:23 /home/mod/.darbs scripts/common/oe_attach_file
2019-08-01 02:02:14 /home/mod/.darbs scripts/common/oe_attach_file
2019-08-01 02:02:14 /home/mod/.darbs scripts/common/oe_attach_file
2019-08-01 02:01:49 /home/mod/.darbs scripts/common/oe_attach_file
2019-08-01 02:01:49 /home/mod/.darbs scripts/common/oe_attach_file
2019-08-01 02:01:32 /home/mod/.darbs scripts/common/oe_attach_file
2019-08-01 02:01:32 /home/mod/.darbs scripts/common/oe_attach_file
2019-08-01 02:01:02 /home/mod/.darbs scripts/common/oe_attach_file
2019-08-01 02:01:02 /home/mod/.darbs scripts/common/oe_attach_file
2019-08-01 02:00:32 /home/mod/.darbs scripts/common/oe_attach_file
2019-08-01 02:00:32 /home/mod/.darbs scripts/common/oe_attach_file
2019-08-01 02:00:10 /home/mod/.darbs scripts/common/oe_attach_file
2019-08-01 02:00:10 /home/mod/.darbs scripts/common/oe_attach_file
2019-08-01 01:59:50 /home/mod/.darbs scripts/common/oe_attach_file
2019-08-01 01:59:50 /home/mod/.darbs scripts/common/oe_attach_file
2019-08-01 01:59:24 /home/mod/.darbs scripts/common/oe_attach_file
2019-08-01 01:59:24 /home/mod/.darbs scripts/common/oe_attach_file
2019-08-01 01:58:51 /home/mod/.darbs scripts/common/oe_attach_file
2019-08-01 01:58:51 /home/mod/.darbs scripts/common/oe_attach_file
2019-08-01 01:57:41 /home/mod/.darbs scripts/common/oe_attach_file
2019-08-01 01:57:41 /home/mod/.darbs scripts/common/oe_attach_file
2019-08-01 01:56:49 /home/mod/.darbs scripts/common/oe_attach_file
2019-08-01 01:56:49 /home/mod/.darbs scripts/common/oe_attach_file
2019-08-01 01:56:06 /home/mod/.darbs scripts/common/oe_attach_file
2019-08-01 01:56:06 /home/mod/.darbs scripts/common/oe_attach_file
2019-08-01 01:55:15 /home/mod/.darbs scripts/common/oe_attach_file
2019-08-01 01:55:15 /home/mod/.darbs scripts/common/oe_attach_file
2019-08-01 01:55:11 /home/mod/.darbs scripts/common/oe_attach_file
2019-08-01 01:55:11 /home/mod/.darbs scripts/common/oe_attach_file
2019-08-01 01:52:33 /home/mod/.darbs scripts/common/oe_attach_file
2019-08-01 01:52:33 /home/mod/.darbs scripts/common/oe_attach_file
2019-08-01 01:52:18 /home/mod/.darbs scripts/common/oe_attach_file
2019-08-01 01:52:18 /home/mod/.darbs scripts/common/oe_attach_file
2019-08-01 01:49:39 /home/mod/.darbs scripts/common/oe_attach_file
2019-08-01 01:49:39 /home/mod/.darbs scripts/common/oe_attach_file
2019-08-01 01:48:40 /home/mod/.darbs scripts/common/oe_attach_file
2019-08-01 01:48:40 /home/mod/.darbs scripts/common/oe_attach_file
2019-08-01 01:47:14 /home/mod/.darbs scripts/common/oe_attach_file
2019-08-01 01:47:14 /home/mod/.darbs scripts/common/oe_attach_file
2019-08-01 01:46:05 /home/mod/.darbs scripts/common/oe_attach_file
2019-08-01 01:46:05 /home/mod/.darbs scripts/common/oe_attach_file
2019-08-01 01:44:20 /home/mod/.darbs scripts/common/oe_attach_file
2019-08-01 01:44:20 /home/mod/.darbs scripts/common/oe_attach_file
2019-08-01 01:43:46 /home/mod/.darbs scripts/common/oe_attach_file
2019-08-01 01:43:46 /home/mod/.darbs scripts/common/oe_attach_file
2019-08-01 01:43:33 /home/mod/.darbs scripts/common/oe_attach_file
2019-08-01 01:43:33 /home/mod/.darbs scripts/common/oe_attach_file
2019-08-01 01:43:21 /home/mod/.darbs scripts/common/oe_attach_file
2019-08-01 01:43:21 /home/mod/.darbs scripts/common/oe_attach_file
2019-08-01 01:42:53 /home/mod/.darbs scripts/common/oe_attach_file
2019-08-01 01:42:53 /home/mod/.darbs scripts/common/oe_attach_file
2019-08-01 01:42:44 /home/mod/.darbs scripts/common/oe_attach_file
2019-08-01 01:42:44 /home/mod/.darbs scripts/common/oe_attach_file
2019-08-01 01:42:31 /home/mod/.darbs scripts/common/oe_attach_file
2019-08-01 01:42:31 /home/mod/.darbs scripts/common/oe_attach_file
2019-08-01 01:41:14 /home/mod/.darbs scripts/common/oe_attach_file
2019-08-01 01:41:14 /home/mod/.darbs scripts/common/oe_attach_file
2019-08-01 01:41:06 /home/mod/.darbs scripts/common/oe_attach_file
2019-08-01 01:41:06 /home/mod/.darbs scripts/common/oe_attach_file
2019-08-01 01:40:41 /home/mod/.darbs scripts/common/oe_attach_file
2019-08-01 01:40:41 /home/mod/.darbs scripts/common/oe_attach_file
