2019-10-06 07:34:42 /home/mod/.darbs/dotfiles/common/.tmuxp devops.yml
2019-10-06 07:34:42 /home/mod/.darbs/dotfiles/common/.tmuxp devops.yml
2019-10-06 07:34:30 /home/mod/.darbs/dotfiles/common/.tmuxp devops.yml
2019-10-06 07:34:30 /home/mod/.darbs/dotfiles/common/.tmuxp devops.yml
2019-10-06 07:34:04 /home/mod/.darbs/dotfiles/common/.tmuxp devops.yml
2019-10-06 07:34:04 /home/mod/.darbs/dotfiles/common/.tmuxp devops.yml
2019-10-06 07:33:54 /home/mod/.darbs/dotfiles/common/.tmuxp devops.yml
2019-10-06 07:33:54 /home/mod/.darbs/dotfiles/common/.tmuxp devops.yml
2019-10-06 07:33:28 /home/mod/.darbs/dotfiles/common/.tmuxp calpobot.yml
2019-10-06 07:33:28 /home/mod/.darbs/dotfiles/common/.tmuxp calpobot.yml
2019-10-06 07:20:55 /home/mod/.darbs/dotfiles/common/.tmuxp devops.yml
2019-10-06 07:20:55 /home/mod/.darbs/dotfiles/common/.tmuxp devops.yml
2019-10-06 07:20:49 /home/mod/.darbs/dotfiles/common/.tmuxp devops.yml
2019-10-06 07:20:49 /home/mod/.darbs/dotfiles/common/.tmuxp devops.yml
2019-10-06 07:20:28 /home/mod/.darbs/dotfiles/common/.tmuxp devops.yml
2019-10-06 07:20:28 /home/mod/.darbs/dotfiles/common/.tmuxp devops.yml
2019-10-06 07:15:32 /home/mod/.darbs/dotfiles/common/.tmuxp devops.yml
2019-10-06 07:15:32 /home/mod/.darbs/dotfiles/common/.tmuxp devops.yml
2019-10-05 07:28:08 /home/mod/.darbs/dotfiles/common/.tmuxp devops.yml
2019-10-05 07:28:08 /home/mod/.darbs/dotfiles/common/.tmuxp devops.yml
2019-10-05 07:24:56 /home/mod/.darbs/dotfiles/common/.tmuxp calpobot.yml
2019-10-05 07:24:56 /home/mod/.darbs/dotfiles/common/.tmuxp calpobot.yml
2019-10-02 07:57:43 /home/mod/.darbs/dotfiles/common/.tmuxp cplak9s.yml
2019-10-02 07:57:43 /home/mod/.darbs/dotfiles/common/.tmuxp cplak9s.yml
2019-10-02 07:57:35 /home/mod/.darbs/dotfiles/common/.tmuxp cplak9s.yml
2019-10-02 07:57:35 /home/mod/.darbs/dotfiles/common/.tmuxp cplak9s.yml
2019-10-02 07:57:17 /home/mod/.darbs/dotfiles/common/.tmuxp cplak9s.yml
2019-10-02 07:57:17 /home/mod/.darbs/dotfiles/common/.tmuxp cplak9s.yml
2019-10-02 07:57:12 /home/mod/.darbs/dotfiles/common/.tmuxp cplak9s.yml
2019-10-02 07:57:12 /home/mod/.darbs/dotfiles/common/.tmuxp cplak9s.yml
2019-10-02 07:57:06 /home/mod/.darbs/dotfiles/common/.tmuxp cplak9s.yml
2019-10-02 07:57:06 /home/mod/.darbs/dotfiles/common/.tmuxp cplak9s.yml
2019-10-02 07:56:48 /home/mod/.darbs/dotfiles/common/.tmuxp cplak9s.yml
2019-10-02 07:56:48 /home/mod/.darbs/dotfiles/common/.tmuxp cplak9s.yml
2019-10-02 07:56:44 /home/mod/.darbs/dotfiles/common/.tmuxp cplak9s.yml
2019-10-02 07:56:44 /home/mod/.darbs/dotfiles/common/.tmuxp cplak9s.yml
2019-10-02 07:56:38 /home/mod/.darbs/dotfiles/common/.tmuxp cplak9s.yml
2019-10-02 07:56:38 /home/mod/.darbs/dotfiles/common/.tmuxp cplak9s.yml
2019-10-02 07:56:36 /home/mod/.darbs/dotfiles/common/.tmuxp cplak9s.yml
2019-10-02 07:56:36 /home/mod/.darbs/dotfiles/common/.tmuxp cplak9s.yml
2019-10-02 07:56:32 /home/mod/.darbs/dotfiles/common/.tmuxp cplak9s.yml
2019-10-02 07:56:32 /home/mod/.darbs/dotfiles/common/.tmuxp cplak9s.yml
2019-10-02 07:56:20 /home/mod/.darbs/dotfiles/common/.tmuxp cplak9s.yml
2019-10-02 07:56:20 /home/mod/.darbs/dotfiles/common/.tmuxp cplak9s.yml
2019-10-01 04:49:29 /home/mod/.darbs/dotfiles/common/.tmuxp calpobot.yml
2019-10-01 04:49:29 /home/mod/.darbs/dotfiles/common/.tmuxp calpobot.yml
2019-09-27 06:43:13 /home/mod/.darbs/dotfiles/common/.tmuxp calpobot.yml
2019-09-27 06:43:13 /home/mod/.darbs/dotfiles/common/.tmuxp calpobot.yml
2019-09-27 06:29:55 /home/mod/.darbs/dotfiles/common/.tmuxp calpobot.yml
2019-09-27 06:29:55 /home/mod/.darbs/dotfiles/common/.tmuxp calpobot.yml
2019-09-27 06:17:10 /home/mod/.darbs/dotfiles/common/.tmuxp calpobot.yml
2019-09-27 06:17:10 /home/mod/.darbs/dotfiles/common/.tmuxp calpobot.yml
2019-09-27 06:16:59 /home/mod/.darbs/dotfiles/common/.tmuxp calpobot.yml
2019-09-27 06:16:59 /home/mod/.darbs/dotfiles/common/.tmuxp calpobot.yml
2019-09-27 06:16:51 /home/mod/.darbs/dotfiles/common/.tmuxp calpobot.yml
2019-09-27 06:16:51 /home/mod/.darbs/dotfiles/common/.tmuxp calpobot.yml
2019-09-25 13:59:58 /home/mod/.darbs/dotfiles/common/.tmuxp calpobot.yml
2019-09-25 13:59:58 /home/mod/.darbs/dotfiles/common/.tmuxp calpobot.yml
2019-09-25 13:59:16 /home/mod/.darbs/dotfiles/common/.tmuxp calpobot.yml
2019-09-25 13:59:16 /home/mod/.darbs/dotfiles/common/.tmuxp calpobot.yml
2019-09-25 13:59:11 /home/mod/.darbs/dotfiles/common/.tmuxp calpobot.yml
2019-09-25 13:59:11 /home/mod/.darbs/dotfiles/common/.tmuxp calpobot.yml
2019-09-25 13:59:07 /home/mod/.darbs/dotfiles/common/.tmuxp calpobot.yml
2019-09-25 13:59:07 /home/mod/.darbs/dotfiles/common/.tmuxp calpobot.yml
2019-09-25 13:58:33 /home/mod/.darbs/dotfiles/common/.tmuxp calpobot.yml
2019-09-25 13:58:33 /home/mod/.darbs/dotfiles/common/.tmuxp calpobot.yml
2019-09-25 13:58:29 /home/mod/.darbs/dotfiles/common/.tmuxp calpobot.yml
2019-09-25 13:58:29 /home/mod/.darbs/dotfiles/common/.tmuxp calpobot.yml
2019-09-25 13:57:53 /home/mod/.darbs/dotfiles/common/.tmuxp calpobot.yml
2019-09-25 13:57:53 /home/mod/.darbs/dotfiles/common/.tmuxp calpobot.yml
2019-09-25 13:56:21 /home/mod/.darbs/dotfiles/common/.tmuxp calpobot.yml
2019-09-25 13:56:21 /home/mod/.darbs/dotfiles/common/.tmuxp calpobot.yml
2019-09-25 13:56:07 /home/mod/.darbs/dotfiles/common/.tmuxp calpobot.yml
2019-09-25 13:56:07 /home/mod/.darbs/dotfiles/common/.tmuxp calpobot.yml
2019-09-25 13:55:57 /home/mod/.darbs/dotfiles/common/.tmuxp calpobot.yml
2019-09-25 13:55:57 /home/mod/.darbs/dotfiles/common/.tmuxp calpobot.yml
2019-09-25 13:52:21 /home/mod/.darbs/dotfiles/common/.tmuxp calpobot.yml
2019-09-25 13:52:21 /home/mod/.darbs/dotfiles/common/.tmuxp calpobot.yml
2019-09-25 13:51:34 /home/mod/.darbs/dotfiles/common/.tmuxp calpobot.yml
2019-09-25 13:51:34 /home/mod/.darbs/dotfiles/common/.tmuxp calpobot.yml
2019-09-25 13:50:54 /home/mod/.darbs/dotfiles/common/.tmuxp calpobot.yml
2019-09-25 13:50:54 /home/mod/.darbs/dotfiles/common/.tmuxp calpobot.yml
2019-09-25 13:45:21 /home/mod/.darbs/dotfiles/common/.tmuxp calpobot.yml
2019-09-25 13:45:21 /home/mod/.darbs/dotfiles/common/.tmuxp calpobot.yml
2019-09-25 13:44:30 /home/mod/.darbs/dotfiles/common/.tmuxp calpobot.yml
2019-09-25 13:44:30 /home/mod/.darbs/dotfiles/common/.tmuxp calpobot.yml
2019-09-25 13:15:33 /home/mod/.darbs/dotfiles/common/.tmuxp calpobot.yml
2019-09-25 13:15:33 /home/mod/.darbs/dotfiles/common/.tmuxp calpobot.yml
2019-09-25 13:03:08 /home/mod/.darbs/dotfiles/common/.tmuxp calpobot.yml
2019-09-25 13:03:08 /home/mod/.darbs/dotfiles/common/.tmuxp calpobot.yml
2019-09-25 12:57:03 /home/mod/.darbs/dotfiles/common/.tmuxp calpobot.yml
2019-09-25 12:57:03 /home/mod/.darbs/dotfiles/common/.tmuxp calpobot.yml
2019-09-25 12:56:53 /home/mod/.darbs/dotfiles/common/.tmuxp calpobot.yml
2019-09-25 12:56:53 /home/mod/.darbs/dotfiles/common/.tmuxp calpobot.yml
2019-09-25 12:52:44 /home/mod/.darbs/dotfiles/common/.tmuxp calpobot.yml
2019-09-25 12:52:44 /home/mod/.darbs/dotfiles/common/.tmuxp calpobot.yml
2019-09-25 12:51:43 /home/mod/.darbs/dotfiles/common/.tmuxp calpobot.yml
2019-09-25 12:51:43 /home/mod/.darbs/dotfiles/common/.tmuxp calpobot.yml
2019-09-25 12:42:25 /home/mod/.darbs/dotfiles/common/.tmuxp calpobot.yml
2019-09-25 12:42:25 /home/mod/.darbs/dotfiles/common/.tmuxp calpobot.yml
2019-09-25 11:48:00 /home/mod/.darbs/dotfiles/common/.tmuxp cpla.yml
2019-09-25 11:48:00 /home/mod/.darbs/dotfiles/common/.tmuxp cpla.yml
2019-09-25 08:51:39 /home/mod/.darbs/dotfiles/common/.tmuxp cpla.yml
2019-09-25 08:51:39 /home/mod/.darbs/dotfiles/common/.tmuxp cpla.yml
2019-09-25 08:51:30 /home/mod/.darbs/dotfiles/common/.tmuxp cpla.yml
2019-09-25 08:51:30 /home/mod/.darbs/dotfiles/common/.tmuxp cpla.yml
2019-09-25 08:51:26 /home/mod/.darbs/dotfiles/common/.tmuxp cpla.yml
2019-09-25 08:51:26 /home/mod/.darbs/dotfiles/common/.tmuxp cpla.yml
2019-09-25 08:50:52 /home/mod/.darbs/dotfiles/common/.tmuxp cpla.yml
2019-09-25 08:50:52 /home/mod/.darbs/dotfiles/common/.tmuxp cpla.yml
2019-09-25 08:50:26 /home/mod/.darbs/dotfiles/common/.tmuxp cpla.yml
2019-09-25 08:50:26 /home/mod/.darbs/dotfiles/common/.tmuxp cpla.yml
2019-09-25 08:49:43 /home/mod/.darbs/dotfiles/common/.tmuxp cpla.yml
2019-09-25 08:49:43 /home/mod/.darbs/dotfiles/common/.tmuxp cpla.yml
2019-09-25 08:47:55 /home/mod/.darbs/dotfiles/common/.tmuxp cpla.yml
2019-09-25 08:47:55 /home/mod/.darbs/dotfiles/common/.tmuxp cpla.yml
2019-09-25 08:47:46 /home/mod/.darbs/dotfiles/common/.tmuxp cpla.yml
2019-09-25 08:47:46 /home/mod/.darbs/dotfiles/common/.tmuxp cpla.yml
2019-09-25 08:43:10 /home/mod/.darbs/dotfiles/common/.tmuxp cpla.yml
2019-09-25 08:43:10 /home/mod/.darbs/dotfiles/common/.tmuxp cpla.yml
2019-09-25 08:43:02 /home/mod/.darbs/dotfiles/common/.tmuxp cpla.yml
2019-09-25 08:43:02 /home/mod/.darbs/dotfiles/common/.tmuxp cpla.yml
2019-09-25 08:42:55 /home/mod/.darbs/dotfiles/common/.tmuxp cpla.yml
2019-09-25 08:42:55 /home/mod/.darbs/dotfiles/common/.tmuxp cpla.yml
2019-09-25 08:42:50 /home/mod/.darbs/dotfiles/common/.tmuxp cpla.yml
2019-09-25 08:42:50 /home/mod/.darbs/dotfiles/common/.tmuxp cpla.yml
2019-09-25 08:06:31 /home/mod/.darbs/dotfiles/common/.tmuxp calpobot.yml
2019-09-25 08:06:31 /home/mod/.darbs/dotfiles/common/.tmuxp calpobot.yml
2019-09-25 07:15:59 /home/mod/.darbs/dotfiles/common/.tmuxp cpla.yml
2019-09-25 07:15:59 /home/mod/.darbs/dotfiles/common/.tmuxp cpla.yml
2019-09-25 07:15:25 /home/mod/.darbs/dotfiles/common/.tmuxp cpla.yml
2019-09-25 07:15:25 /home/mod/.darbs/dotfiles/common/.tmuxp cpla.yml
2019-09-25 06:40:59 /home/mod/.darbs/dotfiles/common/.tmuxp cpla.yml
2019-09-25 06:40:59 /home/mod/.darbs/dotfiles/common/.tmuxp cpla.yml
2019-09-25 06:40:57 /home/mod/.darbs/dotfiles/common/.tmuxp cpla.yml
2019-09-25 06:40:57 /home/mod/.darbs/dotfiles/common/.tmuxp cpla.yml
2019-09-25 06:40:54 /home/mod/.darbs/dotfiles/common/.tmuxp cpla.yml
2019-09-25 06:40:54 /home/mod/.darbs/dotfiles/common/.tmuxp cpla.yml
2019-09-25 06:40:25 /home/mod/.darbs/dotfiles/common/.tmuxp cpla.yml
2019-09-25 06:40:25 /home/mod/.darbs/dotfiles/common/.tmuxp cpla.yml
2019-09-25 06:39:46 /home/mod/.darbs/dotfiles/common/.tmuxp cpla.yml
2019-09-25 06:39:46 /home/mod/.darbs/dotfiles/common/.tmuxp cpla.yml
2019-09-25 06:39:34 /home/mod/.darbs/dotfiles/common/.tmuxp cpla.yml
2019-09-25 06:39:34 /home/mod/.darbs/dotfiles/common/.tmuxp cpla.yml
2019-09-24 16:20:57 /home/mod/.darbs/dotfiles/common/.tmuxp calpobot.yml
2019-09-24 16:20:57 /home/mod/.darbs/dotfiles/common/.tmuxp calpobot.yml
2019-09-24 15:31:34 /home/mod/.darbs/dotfiles/common/.tmuxp calpobot.yml
2019-09-24 15:31:34 /home/mod/.darbs/dotfiles/common/.tmuxp calpobot.yml
2019-09-24 15:31:18 /home/mod/.darbs/dotfiles/common/.tmuxp calpobot.yml
2019-09-24 15:31:18 /home/mod/.darbs/dotfiles/common/.tmuxp calpobot.yml
2019-09-24 12:24:22 /home/mod/.darbs/dotfiles/common/.tmuxp calpobot.yml
2019-09-24 12:24:22 /home/mod/.darbs/dotfiles/common/.tmuxp calpobot.yml
2019-09-24 12:23:59 /home/mod/.darbs/dotfiles/common/.tmuxp calpobot.yml
2019-09-24 12:23:59 /home/mod/.darbs/dotfiles/common/.tmuxp calpobot.yml
2019-09-24 09:46:46 /home/mod/.darbs/dotfiles/common/.tmuxp calpobot.yml
2019-09-24 09:46:46 /home/mod/.darbs/dotfiles/common/.tmuxp calpobot.yml
2019-09-24 06:54:30 /home/mod/.darbs/dotfiles/common/.tmuxp calpobot.yml
2019-09-24 06:54:30 /home/mod/.darbs/dotfiles/common/.tmuxp calpobot.yml
2019-09-24 04:23:35 /home/mod/.darbs/dotfiles/common/.tmuxp cpla.yml
2019-09-24 04:23:35 /home/mod/.darbs/dotfiles/common/.tmuxp cpla.yml
2019-09-24 04:23:33 /home/mod/.darbs/dotfiles/common/.tmuxp cpla.yml
2019-09-24 04:23:33 /home/mod/.darbs/dotfiles/common/.tmuxp cpla.yml
2019-09-23 17:47:54 /home/mod/.darbs/dotfiles/common/.tmuxp cpla.yml
2019-09-23 17:47:54 /home/mod/.darbs/dotfiles/common/.tmuxp cpla.yml
2019-09-23 17:47:47 /home/mod/.darbs/dotfiles/common/.tmuxp cpla.yml
2019-09-23 17:47:47 /home/mod/.darbs/dotfiles/common/.tmuxp cpla.yml
2019-09-23 17:47:40 /home/mod/.darbs/dotfiles/common/.tmuxp cpla.yml
2019-09-23 17:47:40 /home/mod/.darbs/dotfiles/common/.tmuxp cpla.yml
2019-09-23 16:29:00 /home/mod/.darbs/dotfiles/common/.tmuxp calpobot.yml
2019-09-23 16:29:00 /home/mod/.darbs/dotfiles/common/.tmuxp calpobot.yml
2019-09-23 16:28:53 /home/mod/.darbs/dotfiles/common/.tmuxp calpobot.yml
2019-09-23 16:28:53 /home/mod/.darbs/dotfiles/common/.tmuxp calpobot.yml
2019-09-23 16:21:12 /home/mod/.darbs/dotfiles/common/.tmuxp calpobot.yml
2019-09-23 16:21:12 /home/mod/.darbs/dotfiles/common/.tmuxp calpobot.yml
2019-09-23 06:33:13 /home/mod/.darbs/dotfiles/common/.tmuxp cpla.yml
2019-09-23 06:33:13 /home/mod/.darbs/dotfiles/common/.tmuxp cpla.yml
2019-09-23 06:32:49 /home/mod/.darbs/dotfiles/common/.tmuxp cpla.yml
2019-09-23 06:32:49 /home/mod/.darbs/dotfiles/common/.tmuxp cpla.yml
2019-09-23 06:32:41 /home/mod/.darbs/dotfiles/common/.tmuxp cpla.yml
2019-09-23 06:32:41 /home/mod/.darbs/dotfiles/common/.tmuxp cpla.yml
2019-09-23 06:18:10 /home/mod/.darbs/dotfiles/common/.tmuxp cpla.yml
2019-09-23 06:18:10 /home/mod/.darbs/dotfiles/common/.tmuxp cpla.yml
2019-09-23 06:16:23 /home/mod/.darbs/dotfiles/common/.tmuxp cpla.yml
2019-09-23 06:16:23 /home/mod/.darbs/dotfiles/common/.tmuxp cpla.yml
2019-09-23 05:00:27 /home/mod/.darbs/dotfiles/common/.tmuxp devops.yml
2019-09-23 05:00:27 /home/mod/.darbs/dotfiles/common/.tmuxp devops.yml
2019-09-23 05:00:22 /home/mod/.darbs/dotfiles/common/.tmuxp devops.yml
2019-09-23 05:00:22 /home/mod/.darbs/dotfiles/common/.tmuxp devops.yml
2019-09-23 05:00:10 /home/mod/.darbs/dotfiles/common/.tmuxp devops.yml
2019-09-23 05:00:10 /home/mod/.darbs/dotfiles/common/.tmuxp devops.yml
2019-09-23 05:00:08 /home/mod/.darbs/dotfiles/common/.tmuxp devops.yml
2019-09-23 05:00:08 /home/mod/.darbs/dotfiles/common/.tmuxp devops.yml
2019-09-23 05:00:06 /home/mod/.darbs/dotfiles/common/.tmuxp devops.yml
2019-09-23 05:00:06 /home/mod/.darbs/dotfiles/common/.tmuxp devops.yml
2019-09-23 04:53:52 /home/mod/.darbs/dotfiles/common/.tmuxp devops.yml
2019-09-23 04:53:52 /home/mod/.darbs/dotfiles/common/.tmuxp devops.yml
2019-09-23 04:47:06 /home/mod/.darbs/dotfiles/common/.tmuxp calpobot.yml
2019-09-23 04:47:06 /home/mod/.darbs/dotfiles/common/.tmuxp calpobot.yml
2019-09-23 04:46:37 /home/mod/.darbs/dotfiles/common/.tmuxp calpy.yml
2019-09-23 04:46:37 /home/mod/.darbs/dotfiles/common/.tmuxp calpy.yml
2019-09-23 04:44:41 /home/mod/.darbs/dotfiles/common/.tmuxp calpy.yml
2019-09-23 04:44:41 /home/mod/.darbs/dotfiles/common/.tmuxp calpy.yml
2019-09-23 04:44:31 /home/mod/.darbs/dotfiles/common/.tmuxp calpy.yml
2019-09-23 04:44:31 /home/mod/.darbs/dotfiles/common/.tmuxp calpy.yml
2019-09-23 04:40:10 /home/mod/.darbs/dotfiles/common/.tmuxp devops.yml
2019-09-23 04:40:10 /home/mod/.darbs/dotfiles/common/.tmuxp devops.yml
2019-09-23 04:40:01 /home/mod/.darbs/dotfiles/common/.tmuxp devops.yml
2019-09-23 04:40:01 /home/mod/.darbs/dotfiles/common/.tmuxp devops.yml
2019-09-23 04:30:29 /home/mod/.darbs/dotfiles/common/.tmuxp calpobot.yml
2019-09-23 04:30:29 /home/mod/.darbs/dotfiles/common/.tmuxp calpobot.yml
2019-09-23 04:30:20 /home/mod/.darbs/dotfiles/common/.tmuxp calpobot.yml
2019-09-23 04:30:20 /home/mod/.darbs/dotfiles/common/.tmuxp calpobot.yml
2019-09-23 04:28:02 /home/mod/.darbs/dotfiles/common/.tmuxp calponia.yml
2019-09-23 04:28:02 /home/mod/.darbs/dotfiles/common/.tmuxp calponia.yml
2019-09-23 04:27:25 /home/mod/.darbs/dotfiles/common/.tmuxp calpy.yml
2019-09-23 04:27:25 /home/mod/.darbs/dotfiles/common/.tmuxp calpy.yml
2019-09-23 04:27:21 /home/mod/.darbs/dotfiles/common/.tmuxp calpy.yml
2019-09-23 04:27:21 /home/mod/.darbs/dotfiles/common/.tmuxp calpy.yml
2019-09-23 04:26:58 /home/mod/.darbs/dotfiles/common/.tmuxp calponia.yml
2019-09-23 04:26:58 /home/mod/.darbs/dotfiles/common/.tmuxp calponia.yml
2019-09-23 04:26:50 /home/mod/.darbs/dotfiles/common/.tmuxp devops.yml
2019-09-23 04:26:50 /home/mod/.darbs/dotfiles/common/.tmuxp devops.yml
2019-09-23 04:26:06 /home/mod/.darbs/dotfiles/common/.tmuxp calponia.yml
2019-09-23 04:26:06 /home/mod/.darbs/dotfiles/common/.tmuxp calponia.yml
2019-09-23 04:25:27 /home/mod/.darbs/dotfiles/common/.tmuxp calpobot.yml
2019-09-23 04:25:27 /home/mod/.darbs/dotfiles/common/.tmuxp calpobot.yml
2019-09-23 04:25:20 /home/mod/.darbs/dotfiles/common/.tmuxp calpobot.yml
2019-09-23 04:25:20 /home/mod/.darbs/dotfiles/common/.tmuxp calpobot.yml
2019-09-23 04:25:10 /home/mod/.darbs/dotfiles/common/.tmuxp calpobot.yml
2019-09-23 04:25:10 /home/mod/.darbs/dotfiles/common/.tmuxp calpobot.yml
2019-09-23 04:25:01 /home/mod/.darbs/dotfiles/common/.tmuxp calpobot.yml
2019-09-23 04:25:01 /home/mod/.darbs/dotfiles/common/.tmuxp calpobot.yml
2019-09-23 04:24:02 /home/mod/.darbs/dotfiles/common/.tmuxp cops2.yml
2019-09-23 04:24:02 /home/mod/.darbs/dotfiles/common/.tmuxp cops2.yml
2019-09-23 04:13:16 /home/mod/.darbs/dotfiles/common/.tmuxp cops2.yml
2019-09-23 04:13:16 /home/mod/.darbs/dotfiles/common/.tmuxp cops2.yml
2019-09-23 04:12:40 /home/mod/.darbs/dotfiles/common/.tmuxp cops2.yml
2019-09-23 04:12:40 /home/mod/.darbs/dotfiles/common/.tmuxp cops2.yml
2019-09-23 04:12:36 /home/mod/.darbs/dotfiles/common/.tmuxp cops2.yml
2019-09-23 04:12:36 /home/mod/.darbs/dotfiles/common/.tmuxp cops2.yml
2019-09-23 03:40:33 /home/mod/.darbs/dotfiles/common/.tmuxp cops2.yml
2019-09-23 03:40:33 /home/mod/.darbs/dotfiles/common/.tmuxp cops2.yml
2019-09-22 06:45:38 /home/mod/.darbs/dotfiles/common/.tmuxp cpla.yml
2019-09-22 06:45:38 /home/mod/.darbs/dotfiles/common/.tmuxp cpla.yml
2019-09-22 06:45:27 /home/mod/.darbs/dotfiles/common/.tmuxp cpla.yml
2019-09-22 06:45:27 /home/mod/.darbs/dotfiles/common/.tmuxp cpla.yml
2019-09-21 07:20:57 /home/mod/.darbs/dotfiles/common/.tmuxp cops2cor.yml
2019-09-21 07:20:57 /home/mod/.darbs/dotfiles/common/.tmuxp cops2cor.yml
2019-09-20 08:31:09 /home/mod/.darbs/dotfiles/common/.tmuxp cops2.yml
2019-09-20 08:31:09 /home/mod/.darbs/dotfiles/common/.tmuxp cops2.yml
2019-09-20 08:31:00 /home/mod/.darbs/dotfiles/common/.tmuxp cops2.yml
2019-09-20 08:31:00 /home/mod/.darbs/dotfiles/common/.tmuxp cops2.yml
2019-09-20 04:49:26 /home/mod/.darbs/dotfiles/common/.tmuxp cops2.yml
2019-09-20 04:49:26 /home/mod/.darbs/dotfiles/common/.tmuxp cops2.yml
2019-09-17 15:43:33 /home/mod/.darbs/dotfiles/common/.tmuxp cpla.yml
2019-09-17 15:43:33 /home/mod/.darbs/dotfiles/common/.tmuxp cpla.yml
2019-09-17 08:48:12 /home/mod/.darbs/dotfiles/common/.tmuxp cops2.yml
2019-09-17 08:48:12 /home/mod/.darbs/dotfiles/common/.tmuxp cops2.yml
2019-09-17 08:48:11 /home/mod/.darbs/dotfiles/common/.tmuxp cops2.yml
2019-09-17 08:48:11 /home/mod/.darbs/dotfiles/common/.tmuxp cops2.yml
2019-09-17 08:47:47 /home/mod/.darbs/dotfiles/common/.tmuxp cops2.yml
2019-09-17 08:47:47 /home/mod/.darbs/dotfiles/common/.tmuxp cops2.yml
2019-09-17 04:37:20 /home/mod/.darbs/dotfiles/common/.tmuxp cops2.yml
2019-09-17 04:37:20 /home/mod/.darbs/dotfiles/common/.tmuxp cops2.yml
2019-09-17 04:37:16 /home/mod/.darbs/dotfiles/common/.tmuxp cops2.yml
2019-09-17 04:37:16 /home/mod/.darbs/dotfiles/common/.tmuxp cops2.yml
2019-09-16 05:22:35 /home/mod/.darbs/dotfiles/common/.tmuxp cops2cor.yml
2019-09-16 05:22:35 /home/mod/.darbs/dotfiles/common/.tmuxp cops2cor.yml
2019-09-16 05:21:50 /home/mod/.darbs/dotfiles/common/.tmuxp cops2cor.yml
2019-09-16 05:21:50 /home/mod/.darbs/dotfiles/common/.tmuxp cops2cor.yml
2019-09-16 05:21:29 /home/mod/.darbs/dotfiles/common/.tmuxp cops2cor.yml
2019-09-16 05:21:29 /home/mod/.darbs/dotfiles/common/.tmuxp cops2cor.yml
2019-09-16 05:21:16 /home/mod/.darbs/dotfiles/common/.tmuxp cops2cor.yml
2019-09-16 05:21:16 /home/mod/.darbs/dotfiles/common/.tmuxp cops2cor.yml
2019-09-15 20:51:12 /home/mod/.darbs/dotfiles/common/.tmuxp cpla.yml
2019-09-15 20:51:12 /home/mod/.darbs/dotfiles/common/.tmuxp cpla.yml
2019-09-15 18:33:10 /home/mod/.darbs/dotfiles/common/.tmuxp cpla.yml
2019-09-15 18:33:10 /home/mod/.darbs/dotfiles/common/.tmuxp cpla.yml
2019-09-15 17:10:31 /home/mod/.darbs/dotfiles/common/.tmuxp cops2.yml
2019-09-15 17:10:31 /home/mod/.darbs/dotfiles/common/.tmuxp cops2.yml
2019-09-15 08:23:32 /home/mod/.darbs/dotfiles/common/.tmuxp cops2.yml
2019-09-15 08:23:32 /home/mod/.darbs/dotfiles/common/.tmuxp cops2.yml
2019-09-15 08:23:14 /home/mod/.darbs/dotfiles/common/.tmuxp cops2.yml
2019-09-15 08:23:14 /home/mod/.darbs/dotfiles/common/.tmuxp cops2.yml
2019-09-15 07:37:13 /home/mod/.darbs/dotfiles/common/.tmuxp cpla.yml
2019-09-15 07:37:13 /home/mod/.darbs/dotfiles/common/.tmuxp cpla.yml
2019-09-15 07:25:49 /home/mod/.darbs/dotfiles/common/.tmuxp cpla.yml
2019-09-15 07:25:49 /home/mod/.darbs/dotfiles/common/.tmuxp cpla.yml
2019-09-14 17:57:36 /home/mod/.darbs/dotfiles/common/.tmuxp cops2.yml
2019-09-14 17:57:36 /home/mod/.darbs/dotfiles/common/.tmuxp cops2.yml
2019-09-13 21:34:10 /home/mod/.darbs/dotfiles/common/.tmuxp cpla.yml
2019-09-13 21:34:10 /home/mod/.darbs/dotfiles/common/.tmuxp cpla.yml
2019-09-13 21:34:04 /home/mod/.darbs/dotfiles/common/.tmuxp cpla.yml
2019-09-13 21:34:04 /home/mod/.darbs/dotfiles/common/.tmuxp cpla.yml
2019-09-13 20:45:13 /home/mod/.darbs/dotfiles/common/.tmuxp cpla.yml
2019-09-13 20:45:13 /home/mod/.darbs/dotfiles/common/.tmuxp cpla.yml
2019-09-13 16:11:27 /home/mod/.darbs/dotfiles/common/.tmuxp cops2.yml
2019-09-13 16:11:27 /home/mod/.darbs/dotfiles/common/.tmuxp cops2.yml
2019-09-13 15:50:14 /home/mod/.darbs/dotfiles/common/.tmuxp cops2.yml
2019-09-13 15:50:14 /home/mod/.darbs/dotfiles/common/.tmuxp cops2.yml
2019-09-13 15:49:49 /home/mod/.darbs/dotfiles/common/.tmuxp cops2.yml
2019-09-13 15:49:49 /home/mod/.darbs/dotfiles/common/.tmuxp cops2.yml
2019-09-05 16:43:31 /home/mod/.darbs/dotfiles/common/.tmuxp cpla.yml
2019-09-05 16:43:31 /home/mod/.darbs/dotfiles/common/.tmuxp cpla.yml
2019-09-05 16:43:24 /home/mod/.darbs/dotfiles/common/.tmuxp cpla.yml
2019-09-05 16:43:24 /home/mod/.darbs/dotfiles/common/.tmuxp cpla.yml
2019-09-05 16:06:11 /home/mod/.darbs/dotfiles/common/.tmuxp cops2.yml
2019-09-05 16:06:11 /home/mod/.darbs/dotfiles/common/.tmuxp cops2.yml
2019-09-05 16:04:02 /home/mod/.darbs/dotfiles/common/.tmuxp cops2.yml
2019-09-05 16:04:02 /home/mod/.darbs/dotfiles/common/.tmuxp cops2.yml
2019-09-05 16:03:35 /home/mod/.darbs/dotfiles/common/.tmuxp cops2.yml
2019-09-05 16:03:35 /home/mod/.darbs/dotfiles/common/.tmuxp cops2.yml
2019-09-04 06:08:14 /home/mod/.darbs/dotfiles/common/.tmuxp cpla.yml
2019-09-04 06:08:14 /home/mod/.darbs/dotfiles/common/.tmuxp cpla.yml
2019-09-04 03:01:30 /home/mod/.darbs/dotfiles/common/.tmuxp cops2.yml
2019-09-04 03:01:30 /home/mod/.darbs/dotfiles/common/.tmuxp cops2.yml
2019-09-04 02:59:17 /home/mod/.darbs/dotfiles/common/.tmuxp cops2.yml
2019-09-04 02:59:17 /home/mod/.darbs/dotfiles/common/.tmuxp cops2.yml
2019-09-04 02:27:24 /home/mod/.darbs/dotfiles/common/.tmuxp cpla.yml
2019-09-04 02:27:24 /home/mod/.darbs/dotfiles/common/.tmuxp cpla.yml
2019-09-04 02:23:23 /home/mod/.darbs/dotfiles/common/.tmuxp cpla.yml
2019-09-04 02:23:23 /home/mod/.darbs/dotfiles/common/.tmuxp cpla.yml
2019-09-03 21:26:24 /home/mod/.darbs/dotfiles/common/.tmuxp cpla.yml
2019-09-03 21:26:24 /home/mod/.darbs/dotfiles/common/.tmuxp cpla.yml
2019-09-03 21:20:57 /home/mod/.darbs/dotfiles/common/.tmuxp cops2.yml
2019-09-03 21:20:57 /home/mod/.darbs/dotfiles/common/.tmuxp cops2.yml
2019-09-03 21:19:55 /home/mod/.darbs/dotfiles/common/.tmuxp cpla.yml
2019-09-03 21:19:55 /home/mod/.darbs/dotfiles/common/.tmuxp cpla.yml
2019-09-03 20:06:11 /home/mod/.darbs/dotfiles/common/.tmuxp cops2.yml
2019-09-03 20:06:11 /home/mod/.darbs/dotfiles/common/.tmuxp cops2.yml
2019-09-03 20:06:09 /home/mod/.darbs/dotfiles/common/.tmuxp cops2.yml
2019-09-03 20:06:09 /home/mod/.darbs/dotfiles/common/.tmuxp cops2.yml
2019-09-03 20:05:47 /home/mod/.darbs/dotfiles/common/.tmuxp cops2.yml
2019-09-03 20:05:47 /home/mod/.darbs/dotfiles/common/.tmuxp cops2.yml
2019-09-03 11:31:42 /home/mod/.darbs/dotfiles/common/.tmuxp cops2cor.yml
2019-09-03 11:31:42 /home/mod/.darbs/dotfiles/common/.tmuxp cops2cor.yml
2019-09-03 11:30:47 /home/mod/.darbs/dotfiles/common/.tmuxp cops2cor.yml
2019-09-03 11:30:47 /home/mod/.darbs/dotfiles/common/.tmuxp cops2cor.yml
2019-09-02 20:35:43 /home/mod/.darbs/dotfiles/common/.tmuxp cpla.yml
2019-09-02 20:35:43 /home/mod/.darbs/dotfiles/common/.tmuxp cpla.yml
2019-08-29 18:50:39 /home/mod/.darbs/dotfiles/common/.tmuxp cops2cor.yml
2019-08-29 18:50:39 /home/mod/.darbs/dotfiles/common/.tmuxp cops2cor.yml
2019-08-29 18:20:33 /home/mod/.darbs/dotfiles/common/.tmuxp cops2.yml
2019-08-29 18:20:33 /home/mod/.darbs/dotfiles/common/.tmuxp cops2.yml
2019-08-28 10:16:18 /home/mod/.darbs/dotfiles/common/.tmuxp cops2cor.yml
2019-08-28 10:16:18 /home/mod/.darbs/dotfiles/common/.tmuxp cops2cor.yml
2019-08-28 10:16:07 /home/mod/.darbs/dotfiles/common/.tmuxp cops2cor.yml
2019-08-28 10:16:07 /home/mod/.darbs/dotfiles/common/.tmuxp cops2cor.yml
2019-08-28 10:15:54 /home/mod/.darbs/dotfiles/common/.tmuxp cops1.yml
2019-08-28 10:15:54 /home/mod/.darbs/dotfiles/common/.tmuxp cops1.yml
2019-08-28 10:14:34 /home/mod/.darbs/dotfiles/common/.tmuxp cops.yml
2019-08-28 10:14:34 /home/mod/.darbs/dotfiles/common/.tmuxp cops.yml
2019-08-28 10:09:38 /home/mod/.darbs/dotfiles/common/.tmuxp cpla.yml
2019-08-28 10:09:38 /home/mod/.darbs/dotfiles/common/.tmuxp cpla.yml
2019-08-28 10:08:26 /home/mod/.darbs/dotfiles/common/.tmuxp cpla.yml
2019-08-28 10:08:26 /home/mod/.darbs/dotfiles/common/.tmuxp cpla.yml
2019-08-28 10:08:20 /home/mod/.darbs/dotfiles/common/.tmuxp cpla.yml
2019-08-28 10:08:20 /home/mod/.darbs/dotfiles/common/.tmuxp cpla.yml
2019-08-28 10:08:11 /home/mod/.darbs/dotfiles/common/.tmuxp cpla.yml
2019-08-28 10:08:11 /home/mod/.darbs/dotfiles/common/.tmuxp cpla.yml
2019-08-28 10:08:05 /home/mod/.darbs/dotfiles/common/.tmuxp cpla.yml
2019-08-28 10:08:05 /home/mod/.darbs/dotfiles/common/.tmuxp cpla.yml
2019-08-28 10:07:48 /home/mod/.darbs/dotfiles/common/.tmuxp cpla.yml
2019-08-28 10:07:48 /home/mod/.darbs/dotfiles/common/.tmuxp cpla.yml
2019-08-28 09:58:19 /home/mod/.darbs/dotfiles/common/.tmuxp cops-run.yml
2019-08-28 09:58:19 /home/mod/.darbs/dotfiles/common/.tmuxp cops-run.yml
2019-08-28 08:58:30 /home/mod/.darbs/dotfiles/common/.tmuxp cops-run.yml
2019-08-28 08:58:30 /home/mod/.darbs/dotfiles/common/.tmuxp cops-run.yml
2019-08-28 08:58:26 /home/mod/.darbs/dotfiles/common/.tmuxp cops-run.yml
2019-08-28 08:58:26 /home/mod/.darbs/dotfiles/common/.tmuxp cops-run.yml
2019-08-28 08:56:07 /home/mod/.darbs/dotfiles/common/.tmuxp cops-run.yml
2019-08-28 08:56:07 /home/mod/.darbs/dotfiles/common/.tmuxp cops-run.yml
2019-08-28 08:55:34 /home/mod/.darbs/dotfiles/common/.tmuxp cops-run.yml
2019-08-28 08:55:34 /home/mod/.darbs/dotfiles/common/.tmuxp cops-run.yml
2019-08-28 08:16:55 /home/mod/.darbs/dotfiles/common/.tmuxp cops-run.yml
2019-08-28 08:16:55 /home/mod/.darbs/dotfiles/common/.tmuxp cops-run.yml
2019-08-27 13:51:02 /home/mod/.darbs/dotfiles/common/.tmuxp cops-run.yml
2019-08-27 13:51:02 /home/mod/.darbs/dotfiles/common/.tmuxp cops-run.yml
2019-08-27 13:50:29 /home/mod/.darbs/dotfiles/common/.tmuxp cops-run.yml
2019-08-27 13:50:29 /home/mod/.darbs/dotfiles/common/.tmuxp cops-run.yml
2019-08-27 13:49:05 /home/mod/.darbs/dotfiles/common/.tmuxp cops2.yml
2019-08-27 13:49:05 /home/mod/.darbs/dotfiles/common/.tmuxp cops2.yml
2019-08-27 13:48:46 /home/mod/.darbs/dotfiles/common/.tmuxp cops2.yml
2019-08-27 13:48:46 /home/mod/.darbs/dotfiles/common/.tmuxp cops2.yml
2019-08-27 11:49:44 /home/mod/.darbs/dotfiles/common/.tmuxp cops-run.yml
2019-08-27 11:49:44 /home/mod/.darbs/dotfiles/common/.tmuxp cops-run.yml
2019-08-27 11:49:35 /home/mod/.darbs/dotfiles/common/.tmuxp cops-run.yml
2019-08-27 11:49:35 /home/mod/.darbs/dotfiles/common/.tmuxp cops-run.yml
2019-08-27 11:49:29 /home/mod/.darbs/dotfiles/common/.tmuxp cops-run.yml
2019-08-27 11:49:29 /home/mod/.darbs/dotfiles/common/.tmuxp cops-run.yml
2019-08-27 11:47:58 /home/mod/.darbs/dotfiles/common/.tmuxp cops2.yml
2019-08-27 11:47:58 /home/mod/.darbs/dotfiles/common/.tmuxp cops2.yml
2019-08-27 11:47:49 /home/mod/.darbs/dotfiles/common/.tmuxp cops2.yml
2019-08-27 11:47:49 /home/mod/.darbs/dotfiles/common/.tmuxp cops2.yml
2019-08-27 11:38:07 /home/mod/.darbs/dotfiles/common/.tmuxp cops2.yml
2019-08-27 11:38:07 /home/mod/.darbs/dotfiles/common/.tmuxp cops2.yml
2019-08-27 11:37:52 /home/mod/.darbs/dotfiles/common/.tmuxp cops-run.yml
2019-08-27 11:37:52 /home/mod/.darbs/dotfiles/common/.tmuxp cops-run.yml
2019-08-27 11:36:53 /home/mod/.darbs/dotfiles/common/.tmuxp cops2.yml
2019-08-27 11:36:53 /home/mod/.darbs/dotfiles/common/.tmuxp cops2.yml
2019-08-27 11:36:50 /home/mod/.darbs/dotfiles/common/.tmuxp cops2.yml
2019-08-27 11:36:50 /home/mod/.darbs/dotfiles/common/.tmuxp cops2.yml
2019-08-27 11:36:47 /home/mod/.darbs/dotfiles/common/.tmuxp cops2.yml
2019-08-27 11:36:47 /home/mod/.darbs/dotfiles/common/.tmuxp cops2.yml
2019-08-27 11:36:20 /home/mod/.darbs/dotfiles/common/.tmuxp cops2.yml
2019-08-27 11:36:20 /home/mod/.darbs/dotfiles/common/.tmuxp cops2.yml
2019-08-27 11:36:04 /home/mod/.darbs/dotfiles/common/.tmuxp cops2.yml
2019-08-27 11:36:04 /home/mod/.darbs/dotfiles/common/.tmuxp cops2.yml
2019-08-27 11:33:11 /home/mod/.darbs/dotfiles/common/.tmuxp cops-run.yml
2019-08-27 11:33:10 /home/mod/.darbs/dotfiles/common/.tmuxp cops-run.yml
2019-08-27 11:31:20 /home/mod/.darbs/dotfiles/common/.tmuxp cops-run.yml
2019-08-27 11:31:20 /home/mod/.darbs/dotfiles/common/.tmuxp cops-run.yml
2019-08-27 11:31:15 /home/mod/.darbs/dotfiles/common/.tmuxp cops-run.yml
2019-08-27 11:31:15 /home/mod/.darbs/dotfiles/common/.tmuxp cops-run.yml
2019-08-27 11:30:40 /home/mod/.darbs/dotfiles/common/.tmuxp cops-run.yml
2019-08-27 11:30:40 /home/mod/.darbs/dotfiles/common/.tmuxp cops-run.yml
2019-08-27 11:30:35 /home/mod/.darbs/dotfiles/common/.tmuxp cops-run.yml
2019-08-27 11:30:35 /home/mod/.darbs/dotfiles/common/.tmuxp cops-run.yml
2019-08-27 11:25:41 /home/mod/.darbs/dotfiles/common/.tmuxp cops-run.yml
2019-08-27 11:25:41 /home/mod/.darbs/dotfiles/common/.tmuxp cops-run.yml
2019-08-27 11:25:29 /home/mod/.darbs/dotfiles/common/.tmuxp cops-run.yml
2019-08-27 11:25:29 /home/mod/.darbs/dotfiles/common/.tmuxp cops-run.yml
2019-08-27 11:24:25 /home/mod/.darbs/dotfiles/common/.tmuxp cops-run.yml
2019-08-27 11:24:25 /home/mod/.darbs/dotfiles/common/.tmuxp cops-run.yml
2019-08-27 11:24:12 /home/mod/.darbs/dotfiles/common/.tmuxp cops-run.yml
2019-08-27 11:24:12 /home/mod/.darbs/dotfiles/common/.tmuxp cops-run.yml
2019-08-27 11:17:37 /home/mod/.darbs/dotfiles/common/.tmuxp cops-run.yml
2019-08-27 11:17:37 /home/mod/.darbs/dotfiles/common/.tmuxp cops-run.yml
2019-08-27 11:17:22 /home/mod/.darbs/dotfiles/common/.tmuxp cops-run.yml
2019-08-27 11:17:22 /home/mod/.darbs/dotfiles/common/.tmuxp cops-run.yml
2019-08-27 11:15:51 /home/mod/.darbs/dotfiles/common/.tmuxp cops2.yml
2019-08-27 11:15:51 /home/mod/.darbs/dotfiles/common/.tmuxp cops2.yml
2019-08-27 11:15:38 /home/mod/.darbs/dotfiles/common/.tmuxp cops2.yml
2019-08-27 11:15:38 /home/mod/.darbs/dotfiles/common/.tmuxp cops2.yml
2019-08-27 11:14:22 /home/mod/.darbs/dotfiles/common/.tmuxp cops2.yml
2019-08-27 11:14:22 /home/mod/.darbs/dotfiles/common/.tmuxp cops2.yml
2019-08-27 11:14:09 /home/mod/.darbs/dotfiles/common/.tmuxp cops2.yml
2019-08-27 11:14:09 /home/mod/.darbs/dotfiles/common/.tmuxp cops2.yml
2019-08-27 11:13:20 /home/mod/.darbs/dotfiles/common/.tmuxp cops2.yml
2019-08-27 11:13:20 /home/mod/.darbs/dotfiles/common/.tmuxp cops2.yml
2019-08-27 11:12:50 /home/mod/.darbs/dotfiles/common/.tmuxp cops2.yml
2019-08-27 11:12:50 /home/mod/.darbs/dotfiles/common/.tmuxp cops2.yml
2019-08-27 11:12:45 /home/mod/.darbs/dotfiles/common/.tmuxp cops2.yml
2019-08-27 11:12:45 /home/mod/.darbs/dotfiles/common/.tmuxp cops2.yml
2019-08-27 11:12:18 /home/mod/.darbs/dotfiles/common/.tmuxp cops2.yml
2019-08-27 11:12:18 /home/mod/.darbs/dotfiles/common/.tmuxp cops2.yml
2019-08-27 11:12:13 /home/mod/.darbs/dotfiles/common/.tmuxp cops2.yml
2019-08-27 11:12:13 /home/mod/.darbs/dotfiles/common/.tmuxp cops2.yml
2019-08-27 11:06:34 /home/mod/.darbs/dotfiles/common/.tmuxp cops-run.yml
2019-08-27 11:06:34 /home/mod/.darbs/dotfiles/common/.tmuxp cops-run.yml
2019-08-27 11:06:22 /home/mod/.darbs/dotfiles/common/.tmuxp cops-run.yml
2019-08-27 11:06:22 /home/mod/.darbs/dotfiles/common/.tmuxp cops-run.yml
2019-08-27 11:06:18 /home/mod/.darbs/dotfiles/common/.tmuxp cops-run.yml
2019-08-27 11:06:18 /home/mod/.darbs/dotfiles/common/.tmuxp cops-run.yml
2019-08-27 11:06:15 /home/mod/.darbs/dotfiles/common/.tmuxp cops-run.yml
2019-08-27 11:06:15 /home/mod/.darbs/dotfiles/common/.tmuxp cops-run.yml
2019-08-27 11:06:02 /home/mod/.darbs/dotfiles/common/.tmuxp cops-run.yml
2019-08-27 11:06:02 /home/mod/.darbs/dotfiles/common/.tmuxp cops-run.yml
2019-08-27 11:05:48 /home/mod/.darbs/dotfiles/common/.tmuxp cops-run.yml
2019-08-27 11:05:48 /home/mod/.darbs/dotfiles/common/.tmuxp cops-run.yml
2019-08-27 11:05:15 /home/mod/.darbs/dotfiles/common/.tmuxp cops-run.yml
2019-08-27 11:05:15 /home/mod/.darbs/dotfiles/common/.tmuxp cops-run.yml
2019-08-27 11:04:20 /home/mod/.darbs/dotfiles/common/.tmuxp cops-run.yml
2019-08-27 11:04:20 /home/mod/.darbs/dotfiles/common/.tmuxp cops-run.yml
2019-08-23 09:43:59 /home/mod/.darbs/dotfiles/common/.tmuxp cpla.yml
2019-08-23 09:43:59 /home/mod/.darbs/dotfiles/common/.tmuxp cpla.yml
2019-08-23 09:43:04 /home/mod/.darbs/dotfiles/common/.tmuxp cpla.yml
2019-08-23 09:43:04 /home/mod/.darbs/dotfiles/common/.tmuxp cpla.yml
2019-08-23 09:42:46 /home/mod/.darbs/dotfiles/common/.tmuxp cpla.yml
2019-08-23 09:42:46 /home/mod/.darbs/dotfiles/common/.tmuxp cpla.yml
2019-08-19 09:46:00 /home/mod/.darbs/dotfiles/common/.tmuxp cops.yml
2019-08-19 09:46:00 /home/mod/.darbs/dotfiles/common/.tmuxp cops.yml
2019-08-19 09:45:55 /home/mod/.darbs/dotfiles/common/.tmuxp cops.yml
2019-08-19 09:45:55 /home/mod/.darbs/dotfiles/common/.tmuxp cops.yml
2019-08-19 09:36:33 /home/mod/.darbs/dotfiles/common/.tmuxp cpla.yml
2019-08-19 09:36:33 /home/mod/.darbs/dotfiles/common/.tmuxp cpla.yml
2019-08-19 09:36:20 /home/mod/.darbs/dotfiles/common/.tmuxp cpla.yml
2019-08-19 09:36:20 /home/mod/.darbs/dotfiles/common/.tmuxp cpla.yml
2019-08-19 09:33:06 /home/mod/.darbs/dotfiles/common/.tmuxp cops.yml
2019-08-19 09:33:06 /home/mod/.darbs/dotfiles/common/.tmuxp cops.yml
2019-08-19 09:32:03 /home/mod/.darbs/dotfiles/common/.tmuxp cops.yml
2019-08-19 09:32:03 /home/mod/.darbs/dotfiles/common/.tmuxp cops.yml
2019-08-19 09:31:49 /home/mod/.darbs/dotfiles/common/.tmuxp cops.yml
2019-08-19 09:31:49 /home/mod/.darbs/dotfiles/common/.tmuxp cops.yml
2019-08-19 09:31:13 /home/mod/.darbs/dotfiles/common/.tmuxp cops.yml
2019-08-19 09:31:13 /home/mod/.darbs/dotfiles/common/.tmuxp cops.yml
2019-08-19 09:31:11 /home/mod/.darbs/dotfiles/common/.tmuxp cops.yml
2019-08-19 09:31:11 /home/mod/.darbs/dotfiles/common/.tmuxp cops.yml
2019-08-19 09:30:46 /home/mod/.darbs/dotfiles/common/.tmuxp cops.yml
2019-08-19 09:30:46 /home/mod/.darbs/dotfiles/common/.tmuxp cops.yml
2019-08-19 07:40:37 /home/mod/.darbs/dotfiles/common/.tmuxp cops.yml
2019-08-19 07:40:37 /home/mod/.darbs/dotfiles/common/.tmuxp cops.yml
2019-08-14 07:19:45 /home/mod/.darbs/dotfiles/common/.tmuxp cpla.yml
2019-08-14 07:19:45 /home/mod/.darbs/dotfiles/common/.tmuxp cpla.yml
2019-08-14 07:19:31 /home/mod/.darbs/dotfiles/common/.tmuxp cpla.yml
2019-08-14 07:19:31 /home/mod/.darbs/dotfiles/common/.tmuxp cpla.yml
2019-08-14 06:22:00 /home/mod/.darbs/dotfiles/common/.tmuxp cpla.yml
2019-08-14 06:22:00 /home/mod/.darbs/dotfiles/common/.tmuxp cpla.yml
2019-08-13 18:55:09 /home/mod/.darbs/dotfiles/common/.tmuxp cpla.yml
2019-08-13 18:55:09 /home/mod/.darbs/dotfiles/common/.tmuxp cpla.yml
2019-08-13 18:54:42 /home/mod/.darbs/dotfiles/common/.tmuxp cpla.yml
2019-08-13 18:54:42 /home/mod/.darbs/dotfiles/common/.tmuxp cpla.yml
2019-08-13 04:12:55 /home/mod/.darbs/dotfiles/common/.tmuxp cpla.yml
2019-08-13 04:12:55 /home/mod/.darbs/dotfiles/common/.tmuxp cpla.yml
2019-08-13 04:12:46 /home/mod/.darbs/dotfiles/common/.tmuxp cpla.yml
2019-08-13 04:12:46 /home/mod/.darbs/dotfiles/common/.tmuxp cpla.yml
2019-08-13 02:42:47 /home/mod/.darbs/dotfiles/common/.tmuxp cops.yml
2019-08-13 02:42:47 /home/mod/.darbs/dotfiles/common/.tmuxp cops.yml
2019-08-13 02:42:42 /home/mod/.darbs/dotfiles/common/.tmuxp cops.yml
2019-08-13 02:42:42 /home/mod/.darbs/dotfiles/common/.tmuxp cops.yml
2019-08-13 02:42:29 /home/mod/.darbs/dotfiles/common/.tmuxp cops.yml
2019-08-13 02:42:29 /home/mod/.darbs/dotfiles/common/.tmuxp cops.yml
2019-08-13 02:42:22 /home/mod/.darbs/dotfiles/common/.tmuxp cops.yml
2019-08-13 02:42:22 /home/mod/.darbs/dotfiles/common/.tmuxp cops.yml
2019-08-13 02:38:19 /home/mod/.darbs/dotfiles/common/.tmuxp cops.yml
2019-08-13 02:38:19 /home/mod/.darbs/dotfiles/common/.tmuxp cops.yml
2019-08-11 05:38:32 /home/mod/.darbs/dotfiles/common/.tmuxp cpla.yml
2019-08-11 05:38:32 /home/mod/.darbs/dotfiles/common/.tmuxp cpla.yml
2019-08-11 05:38:27 /home/mod/.darbs/dotfiles/common/.tmuxp cpla.yml
2019-08-11 05:38:27 /home/mod/.darbs/dotfiles/common/.tmuxp cpla.yml
2019-08-10 09:25:15 /home/mod/.darbs/dotfiles/common/.tmuxp cpla.yml
2019-08-10 09:25:15 /home/mod/.darbs/dotfiles/common/.tmuxp cpla.yml
2019-08-10 09:24:59 /home/mod/.darbs/dotfiles/common/.tmuxp cpla.yml
2019-08-10 09:24:59 /home/mod/.darbs/dotfiles/common/.tmuxp cpla.yml
2019-08-10 09:24:43 /home/mod/.darbs/dotfiles/common/.tmuxp cpla.yml
2019-08-10 09:24:43 /home/mod/.darbs/dotfiles/common/.tmuxp cpla.yml
2019-08-10 09:24:07 /home/mod/.darbs/dotfiles/common/.tmuxp cpla.yml
2019-08-10 09:24:07 /home/mod/.darbs/dotfiles/common/.tmuxp cpla.yml
2019-08-10 09:23:09 /home/mod/.darbs/dotfiles/common/.tmuxp cpla.yml
2019-08-10 09:23:09 /home/mod/.darbs/dotfiles/common/.tmuxp cpla.yml
2019-08-10 09:23:05 /home/mod/.darbs/dotfiles/common/.tmuxp cpla.yml
2019-08-10 09:23:05 /home/mod/.darbs/dotfiles/common/.tmuxp cpla.yml
2019-08-10 09:22:12 /home/mod/.darbs/dotfiles/common/.tmuxp cpla.yml
2019-08-10 09:22:12 /home/mod/.darbs/dotfiles/common/.tmuxp cpla.yml
2019-08-10 09:21:52 /home/mod/.darbs/dotfiles/common/.tmuxp cpla.yml
2019-08-10 09:21:52 /home/mod/.darbs/dotfiles/common/.tmuxp cpla.yml
2019-08-10 09:21:36 /home/mod/.darbs/dotfiles/common/.tmuxp cpla.yml
2019-08-10 09:21:36 /home/mod/.darbs/dotfiles/common/.tmuxp cpla.yml
2019-08-10 07:00:57 /home/mod/.darbs/dotfiles/common/.tmuxp cpla.yml
2019-08-10 07:00:57 /home/mod/.darbs/dotfiles/common/.tmuxp cpla.yml
2019-08-10 07:00:44 /home/mod/.darbs/dotfiles/common/.tmuxp cpla.yml
2019-08-10 07:00:44 /home/mod/.darbs/dotfiles/common/.tmuxp cpla.yml
2019-08-10 07:00:38 /home/mod/.darbs/dotfiles/common/.tmuxp cpla.yml
2019-08-10 07:00:38 /home/mod/.darbs/dotfiles/common/.tmuxp cpla.yml
2019-08-10 06:50:22 /home/mod/.darbs/dotfiles/common/.tmuxp cpla.yml
2019-08-10 06:50:22 /home/mod/.darbs/dotfiles/common/.tmuxp cpla.yml
2019-08-10 05:27:07 /home/mod/.darbs/dotfiles/common/.tmuxp cpla.yml
2019-08-10 05:27:07 /home/mod/.darbs/dotfiles/common/.tmuxp cpla.yml
2019-08-10 05:27:03 /home/mod/.darbs/dotfiles/common/.tmuxp cpla.yml
2019-08-10 05:27:03 /home/mod/.darbs/dotfiles/common/.tmuxp cpla.yml
2019-08-10 05:26:48 /home/mod/.darbs/dotfiles/common/.tmuxp cpla.yml
2019-08-10 05:26:48 /home/mod/.darbs/dotfiles/common/.tmuxp cpla.yml
2019-08-07 05:42:23 /home/mod/.darbs/dotfiles/common/.tmuxp cops.yml
2019-08-07 05:42:23 /home/mod/.darbs/dotfiles/common/.tmuxp cops.yml
2019-08-07 05:18:29 /home/mod/.darbs/dotfiles/common/.tmuxp cpla.yml
2019-08-07 05:18:29 /home/mod/.darbs/dotfiles/common/.tmuxp cpla.yml
2019-08-07 05:14:57 /home/mod/.darbs/dotfiles/common/.tmuxp cpla.yml
2019-08-07 05:14:57 /home/mod/.darbs/dotfiles/common/.tmuxp cpla.yml
2019-08-07 05:14:52 /home/mod/.darbs/dotfiles/common/.tmuxp cpla.yml
2019-08-07 05:14:52 /home/mod/.darbs/dotfiles/common/.tmuxp cpla.yml
2019-08-07 05:14:26 /home/mod/.darbs/dotfiles/common/.tmuxp cpla.yml
2019-08-07 05:14:26 /home/mod/.darbs/dotfiles/common/.tmuxp cpla.yml
2019-08-07 05:14:09 /home/mod/.darbs/dotfiles/common/.tmuxp cpla.yml
2019-08-07 05:14:09 /home/mod/.darbs/dotfiles/common/.tmuxp cpla.yml
2019-08-07 05:13:41 /home/mod/.darbs/dotfiles/common/.tmuxp cpla.yml
2019-08-07 05:13:41 /home/mod/.darbs/dotfiles/common/.tmuxp cpla.yml
2019-08-07 05:13:17 /home/mod/.darbs/dotfiles/common/.tmuxp cpla.yml
2019-08-07 05:13:17 /home/mod/.darbs/dotfiles/common/.tmuxp cpla.yml
2019-08-07 05:12:52 /home/mod/.darbs/dotfiles/common/.tmuxp cpla.yml
2019-08-07 05:12:52 /home/mod/.darbs/dotfiles/common/.tmuxp cpla.yml
2019-08-07 05:11:20 /home/mod/.darbs/dotfiles/common/.tmuxp cpla.yml
2019-08-07 05:11:20 /home/mod/.darbs/dotfiles/common/.tmuxp cpla.yml
2019-08-07 05:11:15 /home/mod/.darbs/dotfiles/common/.tmuxp cpla.yml
2019-08-07 05:11:15 /home/mod/.darbs/dotfiles/common/.tmuxp cpla.yml
2019-08-07 05:10:34 /home/mod/.darbs/dotfiles/common/.tmuxp cpla.yml
2019-08-07 05:10:34 /home/mod/.darbs/dotfiles/common/.tmuxp cpla.yml
2019-08-07 05:09:11 /home/mod/.darbs/dotfiles/common/.tmuxp cpla.yml
2019-08-07 05:09:11 /home/mod/.darbs/dotfiles/common/.tmuxp cpla.yml
2019-08-07 05:08:22 /home/mod/.darbs/dotfiles/common/.tmuxp cpla.yml
2019-08-07 05:08:22 /home/mod/.darbs/dotfiles/common/.tmuxp cpla.yml
2019-08-07 05:08:02 /home/mod/.darbs/dotfiles/common/.tmuxp cpla.yml
2019-08-07 05:08:02 /home/mod/.darbs/dotfiles/common/.tmuxp cpla.yml
2019-08-07 05:05:50 /home/mod/.darbs/dotfiles/common/.tmuxp cpla.yml
2019-08-07 05:05:50 /home/mod/.darbs/dotfiles/common/.tmuxp cpla.yml
2019-08-07 05:04:21 /home/mod/.darbs/dotfiles/common/.tmuxp cpla.yml
2019-08-07 05:04:21 /home/mod/.darbs/dotfiles/common/.tmuxp cpla.yml
2019-08-07 05:02:47 /home/mod/.darbs/dotfiles/common/.tmuxp cpla.yml
2019-08-07 05:02:47 /home/mod/.darbs/dotfiles/common/.tmuxp cpla.yml
2019-08-07 05:01:15 /home/mod/.darbs/dotfiles/common/.tmuxp cpla.yml
2019-08-07 05:01:15 /home/mod/.darbs/dotfiles/common/.tmuxp cpla.yml
2019-08-06 06:39:40 /home/mod/.darbs/dotfiles/common/.tmuxp cops.yml
2019-08-06 06:39:40 /home/mod/.darbs/dotfiles/common/.tmuxp cops.yml
2019-08-06 06:39:14 /home/mod/.darbs/dotfiles/common/.tmuxp cops.yml
2019-08-06 06:39:14 /home/mod/.darbs/dotfiles/common/.tmuxp cops.yml
2019-08-06 06:38:36 /home/mod/.darbs/dotfiles/common/.tmuxp cops.yml
2019-08-06 06:38:36 /home/mod/.darbs/dotfiles/common/.tmuxp cops.yml
2019-08-05 12:21:13 /home/mod/.darbs/dotfiles/common/.tmuxp cbot.yml
2019-08-05 12:21:13 /home/mod/.darbs/dotfiles/common/.tmuxp cbot.yml
2019-08-05 12:20:46 /home/mod/.darbs/dotfiles/common/.tmuxp cbot.yml
2019-08-05 12:20:46 /home/mod/.darbs/dotfiles/common/.tmuxp cbot.yml
2019-08-05 12:19:33 /home/mod/.darbs/dotfiles/common/.tmuxp cbot.yml
2019-08-05 12:19:33 /home/mod/.darbs/dotfiles/common/.tmuxp cbot.yml
2019-08-05 12:18:25 /home/mod/.darbs/dotfiles/common/.tmuxp cbot.yml
2019-08-05 12:18:25 /home/mod/.darbs/dotfiles/common/.tmuxp cbot.yml
2019-08-05 12:16:18 /home/mod/.darbs/dotfiles/common/.tmuxp cbot.yml
2019-08-05 12:16:18 /home/mod/.darbs/dotfiles/common/.tmuxp cbot.yml
2019-08-05 12:16:11 /home/mod/.darbs/dotfiles/common/.tmuxp cbot.yml
2019-08-05 12:16:11 /home/mod/.darbs/dotfiles/common/.tmuxp cbot.yml
2019-08-05 06:07:28 /home/mod/.darbs/dotfiles/common/.tmuxp cbot.yml
2019-08-05 06:07:28 /home/mod/.darbs/dotfiles/common/.tmuxp cbot.yml
2019-08-04 09:31:53 /home/mod/.darbs/dotfiles/common/.tmuxp cops.yml
2019-08-04 09:31:53 /home/mod/.darbs/dotfiles/common/.tmuxp cops.yml
2019-08-03 16:45:01 /home/mod/.darbs/dotfiles/common/.tmuxp cops.yml
2019-08-03 16:45:01 /home/mod/.darbs/dotfiles/common/.tmuxp cops.yml
2019-08-02 09:11:47 /home/mod/.darbs/dotfiles/common/.tmuxp cops.yml
2019-08-02 09:11:47 /home/mod/.darbs/dotfiles/common/.tmuxp cops.yml
2019-08-02 06:55:58 /home/mod/.darbs/dotfiles/common/.tmuxp cbot.yml
2019-08-02 06:55:58 /home/mod/.darbs/dotfiles/common/.tmuxp cbot.yml
2019-08-01 22:27:44 /home/mod/.darbs/dotfiles/common/.tmuxp cops.yml
2019-08-01 22:27:44 /home/mod/.darbs/dotfiles/common/.tmuxp cops.yml
2019-08-01 19:37:35 /home/mod/.darbs/dotfiles/common/.tmuxp cbot.yml
2019-08-01 19:37:35 /home/mod/.darbs/dotfiles/common/.tmuxp cbot.yml
2019-08-01 19:36:35 /home/mod/.darbs/dotfiles/common/.tmuxp cbot.yml
2019-08-01 19:36:35 /home/mod/.darbs/dotfiles/common/.tmuxp cbot.yml
2019-08-01 18:57:17 /home/mod/.darbs/dotfiles/common/.tmuxp cpla.yml
2019-08-01 18:57:17 /home/mod/.darbs/dotfiles/common/.tmuxp cpla.yml
2019-08-01 18:56:43 /home/mod/.darbs/dotfiles/common/.tmuxp cpla.yml
2019-08-01 18:56:43 /home/mod/.darbs/dotfiles/common/.tmuxp cpla.yml
2019-08-01 18:55:11 /home/mod/.darbs/dotfiles/common/.tmuxp cpla.yml
2019-08-01 18:55:11 /home/mod/.darbs/dotfiles/common/.tmuxp cpla.yml
2019-08-01 18:54:31 /home/mod/.darbs/dotfiles/common/.tmuxp cpla.yml
2019-08-01 18:54:31 /home/mod/.darbs/dotfiles/common/.tmuxp cpla.yml
2019-08-01 18:45:24 /home/mod/.darbs/dotfiles/common/.tmuxp cpla.yml
2019-08-01 18:45:24 /home/mod/.darbs/dotfiles/common/.tmuxp cpla.yml
2019-08-01 18:44:15 /home/mod/.darbs/dotfiles/common/.tmuxp cpla.yml
2019-08-01 18:44:15 /home/mod/.darbs/dotfiles/common/.tmuxp cpla.yml
2019-08-01 18:41:41 /home/mod/.darbs/dotfiles/common/.tmuxp cpla.yml
2019-08-01 18:41:41 /home/mod/.darbs/dotfiles/common/.tmuxp cpla.yml
2019-08-01 18:13:56 /home/mod/.darbs/dotfiles/common/.tmuxp cbot.yml
2019-08-01 18:13:56 /home/mod/.darbs/dotfiles/common/.tmuxp cbot.yml
2019-08-01 18:12:56 /home/mod/.darbs/dotfiles/common/.tmuxp cbot.yml
2019-08-01 18:12:56 /home/mod/.darbs/dotfiles/common/.tmuxp cbot.yml
2019-08-01 18:12:50 /home/mod/.darbs/dotfiles/common/.tmuxp cbot.yml
2019-08-01 18:12:50 /home/mod/.darbs/dotfiles/common/.tmuxp cbot.yml
2019-07-31 19:43:30 /home/mod/.darbs/dotfiles/common/.tmuxp cops.yml
2019-07-31 19:43:30 /home/mod/.darbs/dotfiles/common/.tmuxp cops.yml
2019-07-31 19:43:14 /home/mod/.darbs/dotfiles/common/.tmuxp cops.yml
2019-07-31 19:43:14 /home/mod/.darbs/dotfiles/common/.tmuxp cops.yml
2019-07-31 19:41:51 /home/mod/.darbs/dotfiles/common/.tmuxp cops.yml
2019-07-31 19:41:51 /home/mod/.darbs/dotfiles/common/.tmuxp cops.yml
2019-07-31 19:41:48 /home/mod/.darbs/dotfiles/common/.tmuxp cops.yml
2019-07-31 19:41:48 /home/mod/.darbs/dotfiles/common/.tmuxp cops.yml
2019-07-31 19:41:21 /home/mod/.darbs/dotfiles/common/.tmuxp cops.yml
2019-07-31 19:41:21 /home/mod/.darbs/dotfiles/common/.tmuxp cops.yml
2019-07-31 11:49:28 /home/mod/.darbs/dotfiles/common/.tmuxp cops.yml
2019-07-31 11:49:28 /home/mod/.darbs/dotfiles/common/.tmuxp cops.yml
2019-07-31 11:48:15 /home/mod/.darbs/dotfiles/common/.tmuxp cops.yml
2019-07-31 11:48:15 /home/mod/.darbs/dotfiles/common/.tmuxp cops.yml
2019-07-31 11:47:48 /home/mod/.darbs/dotfiles/common/.tmuxp cops.yml
2019-07-31 11:47:48 /home/mod/.darbs/dotfiles/common/.tmuxp cops.yml
2019-07-31 11:47:00 /home/mod/.darbs/dotfiles/common/.tmuxp cops.yml
2019-07-31 11:47:00 /home/mod/.darbs/dotfiles/common/.tmuxp cops.yml
2019-07-31 11:46:18 /home/mod/.darbs/dotfiles/common/.tmuxp cops.yml
2019-07-31 11:46:18 /home/mod/.darbs/dotfiles/common/.tmuxp cops.yml
2019-07-31 11:46:09 /home/mod/.darbs/dotfiles/common/.tmuxp cops.yml
2019-07-31 11:46:09 /home/mod/.darbs/dotfiles/common/.tmuxp cops.yml
2019-07-31 11:45:18 /home/mod/.darbs/dotfiles/common/.tmuxp cops.yml
2019-07-31 11:45:18 /home/mod/.darbs/dotfiles/common/.tmuxp cops.yml
2019-07-31 11:43:22 /home/mod/.darbs/dotfiles/common/.tmuxp cops.yml
2019-07-31 11:43:22 /home/mod/.darbs/dotfiles/common/.tmuxp cops.yml
2019-07-31 11:43:01 /home/mod/.darbs/dotfiles/common/.tmuxp cops.yml
2019-07-31 11:43:01 /home/mod/.darbs/dotfiles/common/.tmuxp cops.yml
2019-07-31 11:42:52 /home/mod/.darbs/dotfiles/common/.tmuxp cops.yml
2019-07-31 11:42:52 /home/mod/.darbs/dotfiles/common/.tmuxp cops.yml
2019-07-31 11:41:45 /home/mod/.darbs/dotfiles/common/.tmuxp cops.yml
2019-07-31 11:41:45 /home/mod/.darbs/dotfiles/common/.tmuxp cops.yml
2019-07-31 11:41:22 /home/mod/.darbs/dotfiles/common/.tmuxp cops.yml
2019-07-31 11:41:22 /home/mod/.darbs/dotfiles/common/.tmuxp cops.yml
2019-07-31 11:41:17 /home/mod/.darbs/dotfiles/common/.tmuxp cops.yml
2019-07-31 11:41:17 /home/mod/.darbs/dotfiles/common/.tmuxp cops.yml
2019-07-31 10:12:50 /home/mod/.darbs/dotfiles/common/.tmuxp cops.yml
2019-07-31 10:12:50 /home/mod/.darbs/dotfiles/common/.tmuxp cops.yml
2019-07-31 10:11:39 /home/mod/.darbs/dotfiles/common/.tmuxp cops.yml
2019-07-31 10:11:39 /home/mod/.darbs/dotfiles/common/.tmuxp cops.yml
2019-07-31 10:09:37 /home/mod/.darbs/dotfiles/common/.tmuxp cops.yml
2019-07-31 10:09:37 /home/mod/.darbs/dotfiles/common/.tmuxp cops.yml
2019-07-31 10:09:26 /home/mod/.darbs/dotfiles/common/.tmuxp cops.yml
2019-07-31 10:09:26 /home/mod/.darbs/dotfiles/common/.tmuxp cops.yml
2019-07-31 10:09:16 /home/mod/.darbs/dotfiles/common/.tmuxp cops.yml
2019-07-31 10:09:16 /home/mod/.darbs/dotfiles/common/.tmuxp cops.yml
2019-07-31 10:08:58 /home/mod/.darbs/dotfiles/common/.tmuxp cops.yml
2019-07-31 10:08:58 /home/mod/.darbs/dotfiles/common/.tmuxp cops.yml
2019-07-31 10:08:50 /home/mod/.darbs/dotfiles/common/.tmuxp cops.yml
2019-07-31 10:08:50 /home/mod/.darbs/dotfiles/common/.tmuxp cops.yml
2019-07-31 09:22:56 /home/mod/.darbs/dotfiles/common/.tmuxp cops.yml
2019-07-31 09:22:56 /home/mod/.darbs/dotfiles/common/.tmuxp cops.yml
2019-07-31 09:21:31 /home/mod/.darbs/dotfiles/common/.tmuxp cops.yml
2019-07-31 09:21:31 /home/mod/.darbs/dotfiles/common/.tmuxp cops.yml
2019-07-31 09:21:07 /home/mod/.darbs/dotfiles/common/.tmuxp cops.yml
2019-07-31 09:21:07 /home/mod/.darbs/dotfiles/common/.tmuxp cops.yml
2019-07-31 09:20:04 /home/mod/.darbs/dotfiles/common/.tmuxp cops.yml
2019-07-31 09:20:04 /home/mod/.darbs/dotfiles/common/.tmuxp cops.yml
2019-07-31 09:10:03 /home/mod/.darbs/dotfiles/common/.tmuxp cops.yml
2019-07-31 09:10:03 /home/mod/.darbs/dotfiles/common/.tmuxp cops.yml
2019-07-31 08:51:32 /home/mod/.darbs/dotfiles/common/.tmuxp cops.yml
2019-07-31 08:51:32 /home/mod/.darbs/dotfiles/common/.tmuxp cops.yml
2019-07-31 08:38:17 /home/mod/.darbs/dotfiles/common/.tmuxp cops.yml
2019-07-31 08:38:17 /home/mod/.darbs/dotfiles/common/.tmuxp cops.yml
2019-07-31 08:35:10 /home/mod/.darbs/dotfiles/common/.tmuxp cops.yml
2019-07-31 08:35:10 /home/mod/.darbs/dotfiles/common/.tmuxp cops.yml
2019-07-31 08:33:26 /home/mod/.darbs/dotfiles/common/.tmuxp cops.yml
2019-07-31 08:33:26 /home/mod/.darbs/dotfiles/common/.tmuxp cops.yml
2019-07-31 08:33:23 /home/mod/.darbs/dotfiles/common/.tmuxp cops.yml
2019-07-31 08:33:23 /home/mod/.darbs/dotfiles/common/.tmuxp cops.yml
2019-07-31 08:31:55 /home/mod/.darbs/dotfiles/common/.tmuxp cops.yml
2019-07-31 08:31:55 /home/mod/.darbs/dotfiles/common/.tmuxp cops.yml
2019-07-31 08:31:51 /home/mod/.darbs/dotfiles/common/.tmuxp cops.yml
2019-07-31 08:31:51 /home/mod/.darbs/dotfiles/common/.tmuxp cops.yml
2019-07-31 08:31:44 /home/mod/.darbs/dotfiles/common/.tmuxp cops.yml
2019-07-31 08:31:44 /home/mod/.darbs/dotfiles/common/.tmuxp cops.yml
2019-07-31 08:31:11 /home/mod/.darbs/dotfiles/common/.tmuxp cops.yml
2019-07-31 08:31:11 /home/mod/.darbs/dotfiles/common/.tmuxp cops.yml
2019-07-31 08:30:48 /home/mod/.darbs/dotfiles/common/.tmuxp cops.yml
2019-07-31 08:30:48 /home/mod/.darbs/dotfiles/common/.tmuxp cops.yml
2019-07-31 07:39:29 /home/mod/.darbs/dotfiles/common/.tmuxp cops.yml
2019-07-31 07:39:29 /home/mod/.darbs/dotfiles/common/.tmuxp cops.yml
