2020-01-09 11:33:28 /home/mod /tmp/tmpefqp0efr
2019-11-22 18:32:31 /home/mod dev/scripts/d-sshfs
2019-11-22 18:32:31 /home/mod dev/scripts/d-sshfs
2019-11-22 18:32:02 /home/mod dev/scripts/d-sshfs
2019-11-22 18:32:02 /home/mod dev/scripts/d-sshfs
2019-11-22 18:27:27 /home/mod dev/scripts/d-sshfs
2019-11-22 18:27:27 /home/mod dev/scripts/d-sshfs
2019-11-22 18:25:38 /home/mod dev/scripts/d-sshfs
2019-11-22 18:25:38 /home/mod dev/scripts/d-sshfs
2019-11-22 18:23:16 /home/mod dev/scripts/d-sshfs
2019-11-22 18:23:16 /home/mod dev/scripts/d-sshfs
2019-11-22 18:22:13 /home/mod dev/scripts/d-sshfs
2019-11-22 18:22:13 /home/mod dev/scripts/d-sshfs
2019-11-22 18:21:24 /home/mod dev/scripts/d-sshfs
2019-11-22 18:21:24 /home/mod dev/scripts/d-sshfs
2019-11-22 18:20:29 /home/mod dev/scripts/d-sshfs
2019-11-22 18:20:29 /home/mod dev/scripts/d-sshfs
2019-11-22 18:20:05 /home/mod dev/scripts/d-sshfs
2019-11-22 18:20:05 /home/mod dev/scripts/d-sshfs
2019-11-22 18:15:54 /home/mod dev/scripts/d-sshfs
2019-11-22 18:15:54 /home/mod dev/scripts/d-sshfs
2019-11-22 18:15:19 /home/mod dev/scripts/d-sshfs
2019-11-22 18:15:19 /home/mod dev/scripts/d-sshfs
2019-11-22 18:15:17 /home/mod dev/scripts/d-sshfs
2019-11-22 18:15:17 /home/mod dev/scripts/d-sshfs
2019-11-06 06:54:18 /home/mod .bashrc
2019-11-06 06:54:18 /home/mod .bashrc
2019-10-21 19:16:03 /home/mod .sec/hetzner
2019-10-21 19:16:03 /home/mod .sec/hetzner
2019-10-21 19:14:44 /home/mod .config/fish/abbrs.fish
2019-10-21 19:14:44 /home/mod .config/fish/abbrs.fish
2019-10-20 16:35:52 /home/mod dev/dotfiles/fish/fish/config.fish
2019-10-20 16:35:52 /home/mod dev/dotfiles/fish/fish/config.fish
2019-10-15 07:43:38 /home/mod dev/shortcuts.txt
2019-10-15 07:43:38 /home/mod dev/shortcuts.txt
2019-10-15 07:43:15 /home/mod dev/shortcuts.txt
2019-10-15 07:43:15 /home/mod dev/shortcuts.txt
2019-10-15 07:43:03 /home/mod dev/shortcuts.txt
2019-10-15 07:43:03 /home/mod dev/shortcuts.txt
2019-10-15 07:42:31 /home/mod dev/shortcuts.txt
2019-10-15 07:42:31 /home/mod dev/shortcuts.txt
2019-10-15 07:42:16 /home/mod dev/shortcuts.txt
2019-10-15 07:42:16 /home/mod dev/shortcuts.txt
2019-10-15 07:42:13 /home/mod dev/shortcuts.txt
2019-10-15 07:42:13 /home/mod dev/shortcuts.txt
2019-10-15 07:42:06 /home/mod dev/shortcuts.txt
2019-10-15 07:42:06 /home/mod dev/shortcuts.txt
2019-10-15 07:41:27 /home/mod dev/shortcuts.txt
2019-10-15 07:41:27 /home/mod dev/shortcuts.txt
2019-10-15 07:40:29 /home/mod dev/shortcuts.txt
2019-10-15 07:40:29 /home/mod dev/shortcuts.txt
2019-10-15 07:40:06 /home/mod dev/shortcuts.txt
2019-10-15 07:40:06 /home/mod dev/shortcuts.txt
2019-10-15 07:40:02 /home/mod dev/shortcuts.txt
2019-10-15 07:40:02 /home/mod dev/shortcuts.txt
2019-10-15 07:38:59 /home/mod dev/shortcuts.txt
2019-10-15 07:38:59 /home/mod dev/shortcuts.txt
2019-10-15 07:38:57 /home/mod dev/shortcuts.txt
2019-10-15 07:38:57 /home/mod dev/shortcuts.txt
2019-10-14 17:42:57 /home/mod .envrc
2019-10-14 17:42:57 /home/mod .envrc
2019-10-14 17:42:54 /home/mod .envrc
2019-10-14 17:42:54 /home/mod .envrc
2019-10-14 17:42:27 /home/mod .envrc
2019-10-14 17:42:27 /home/mod .envrc
2019-10-14 17:42:26 /home/mod .envrc
2019-10-14 17:42:26 /home/mod .envrc
2019-10-14 17:41:53 /home/mod .envrc
2019-10-14 17:41:53 /home/mod .envrc
2019-10-13 05:10:21 /home/mod /etc/ssh/ssh_config
2019-10-13 05:10:21 /home/mod /etc/ssh/ssh_config
2019-10-13 05:10:14 /home/mod /etc/ssh/ssh_config
2019-10-13 05:10:14 /home/mod /etc/ssh/ssh_config
2019-10-13 05:10:11 /home/mod /etc/ssh/ssh_config
2019-10-13 05:10:11 /home/mod /etc/ssh/ssh_config
2019-09-26 17:09:56 /home/mod .bashrc
2019-09-26 17:09:56 /home/mod .bashrc
2019-09-25 07:00:01 /home/mod .zshrc
2019-09-25 07:00:01 /home/mod .zshrc
2019-09-25 06:59:49 /home/mod .zshrc
2019-09-25 06:59:49 /home/mod .zshrc
2019-09-23 04:36:29 /home/mod/.darbs/dotfiles/arch_manjaro_i3 .tmux.conf
2019-09-23 04:36:29 /home/mod/.darbs/dotfiles/arch_manjaro_i3 .tmux.conf
2019-09-15 07:22:08 /home/mod/.darbs/dotfiles/arch_manjaro_i3 .tmux.conf
2019-09-15 07:22:08 /home/mod/.darbs/dotfiles/arch_manjaro_i3 .tmux.conf
2019-08-27 11:27:32 /home/mod .darbs/dotfiles/common/.tmuxp/cops-run.yml
2019-08-27 11:27:32 /home/mod .darbs/dotfiles/common/.tmuxp/cops-run.yml
2019-08-27 11:27:24 /home/mod .darbs/dotfiles/common/.tmuxp/cops-run.yml
2019-08-27 11:27:24 /home/mod .darbs/dotfiles/common/.tmuxp/cops-run.yml
2019-08-21 10:40:48 /home/mod ccccert.pem
2019-08-21 10:40:48 /home/mod ccccert.pem
2019-08-17 06:21:32 /home/mod .darbs/rice/arch_manjaro_i3/progs.csv
2019-08-17 06:21:32 /home/mod .darbs/rice/arch_manjaro_i3/progs.csv
2019-08-16 20:13:18 /home/mod .darbs/dotfiles/postinstall.sh
2019-08-16 20:13:18 /home/mod .darbs/dotfiles/postinstall.sh
2019-08-16 20:13:18 /home/mod .darbs/dotfiles/postinstall.sh
2019-08-16 20:13:18 /home/mod .darbs/dotfiles/postinstall.sh
2019-08-16 19:11:29 /home/mod .darbs/rice/arch_manjaro_i3/progs_all.csv
2019-08-16 19:11:29 /home/mod .darbs/rice/arch_manjaro_i3/progs_all.csv
2019-08-16 19:11:19 /home/mod .darbs/rice/arch_manjaro_i3/progs_all.csv
2019-08-16 19:11:19 /home/mod .darbs/rice/arch_manjaro_i3/progs_all.csv
2019-08-16 19:11:13 /home/mod .darbs/rice/arch_manjaro_i3/progs_all.csv
2019-08-16 19:11:13 /home/mod .darbs/rice/arch_manjaro_i3/progs_all.csv
2019-08-16 19:11:07 /home/mod .darbs/rice/arch_manjaro_i3/progs_all.csv
2019-08-16 19:11:07 /home/mod .darbs/rice/arch_manjaro_i3/progs_all.csv
2019-08-16 19:10:51 /home/mod .darbs/rice/arch_manjaro_i3/progs_all.csv
2019-08-16 19:10:51 /home/mod .darbs/rice/arch_manjaro_i3/progs_all.csv
2019-08-16 18:15:05 /home/mod .darbs/darbs
2019-08-16 18:15:05 /home/mod .darbs/darbs
2019-08-16 18:05:23 /home/mod .darbs/darbs
2019-08-16 18:05:23 /home/mod .darbs/darbs
2019-08-16 18:05:04 /home/mod .darbs/dotfiles/postinstall.sh
2019-08-16 18:05:04 /home/mod .darbs/dotfiles/postinstall.sh
2019-08-16 17:43:44 /home/mod .darbs/rice/arch_manjaro_i3/progs.csv
2019-08-16 17:43:44 /home/mod .darbs/rice/arch_manjaro_i3/progs.csv
2019-08-16 17:43:08 /home/mod .darbs/rice/arch_manjaro_i3/progs.csv
2019-08-16 17:43:08 /home/mod .darbs/rice/arch_manjaro_i3/progs.csv
2019-08-16 17:40:49 /home/mod .darbs/rice/arch_manjaro_i3/progs.csv
2019-08-16 17:40:49 /home/mod .darbs/rice/arch_manjaro_i3/progs.csv
2019-08-16 17:40:44 /home/mod .darbs/rice/arch_manjaro_i3/progs.csv
2019-08-16 17:40:44 /home/mod .darbs/rice/arch_manjaro_i3/progs.csv
2019-08-16 17:40:12 /home/mod .darbs/rice/arch_manjaro_i3/progs.csv
2019-08-16 17:40:12 /home/mod .darbs/rice/arch_manjaro_i3/progs.csv
2019-08-16 17:40:01 /home/mod .darbs/rice/arch_manjaro_i3/progs.csv
2019-08-16 17:40:01 /home/mod .darbs/rice/arch_manjaro_i3/progs.csv
2019-08-16 17:38:42 /home/mod .darbs/rice/arch_manjaro_i3/progs.csv
2019-08-16 17:38:42 /home/mod .darbs/rice/arch_manjaro_i3/progs.csv
2019-08-16 17:38:30 /home/mod .darbs/rice/arch_manjaro_i3/progs.csv
2019-08-16 17:38:30 /home/mod .darbs/rice/arch_manjaro_i3/progs.csv
2019-08-16 17:36:58 /home/mod .darbs/rice/arch_manjaro_i3/progs.csv
2019-08-16 17:36:58 /home/mod .darbs/rice/arch_manjaro_i3/progs.csv
2019-08-16 17:32:57 /home/mod .darbs/rice/arch_manjaro_i3/progs.csv
2019-08-16 17:32:57 /home/mod .darbs/rice/arch_manjaro_i3/progs.csv
2019-08-16 17:27:32 /home/mod .darbs/dotfiles/postinstall.sh
2019-08-16 17:27:32 /home/mod .darbs/dotfiles/postinstall.sh
2019-08-16 17:27:22 /home/mod .darbs/dotfiles/postinstall.sh
2019-08-16 17:27:22 /home/mod .darbs/dotfiles/postinstall.sh
2019-08-16 17:27:02 /home/mod .darbs/dotfiles/postinstall.sh
2019-08-16 17:27:02 /home/mod .darbs/dotfiles/postinstall.sh
2019-08-16 17:26:36 /home/mod .darbs/dotfiles/postinstall.sh
2019-08-16 17:26:36 /home/mod .darbs/dotfiles/postinstall.sh
2019-08-16 17:21:57 /home/mod .darbs/rice/arch_manjaro_i3/progs.csv
2019-08-16 17:21:57 /home/mod .darbs/rice/arch_manjaro_i3/progs.csv
2019-08-16 17:20:22 /home/mod .darbs/dotfiles/postinstall.sh
2019-08-16 17:20:22 /home/mod .darbs/dotfiles/postinstall.sh
2019-08-16 17:14:24 /home/mod .darbs/rice/arch_manjaro_i3/progs.csv
2019-08-16 17:14:24 /home/mod .darbs/rice/arch_manjaro_i3/progs.csv
2019-08-16 17:04:18 /home/mod .darbs/rice/arch_manjaro_i3/progs.csv
2019-08-16 17:04:18 /home/mod .darbs/rice/arch_manjaro_i3/progs.csv
2019-08-16 17:00:35 /home/mod .darbs/rice/arch_manjaro_i3/progs.csv
2019-08-16 17:00:35 /home/mod .darbs/rice/arch_manjaro_i3/progs.csv
2019-08-16 16:58:44 /home/mod .darbs/dotfiles/postinstall.sh
2019-08-16 16:58:44 /home/mod .darbs/dotfiles/postinstall.sh
2019-08-16 16:58:26 /home/mod .darbs/dotfiles/postinstall.sh
2019-08-16 16:58:26 /home/mod .darbs/dotfiles/postinstall.sh
2019-08-16 16:58:11 /home/mod .darbs/dotfiles/postinstall.sh
2019-08-16 16:58:11 /home/mod .darbs/dotfiles/postinstall.sh
2019-08-16 16:57:59 /home/mod .darbs/dotfiles/postinstall.sh
2019-08-16 16:57:59 /home/mod .darbs/dotfiles/postinstall.sh
2019-08-16 16:57:49 /home/mod .darbs/dotfiles/postinstall.sh
2019-08-16 16:57:49 /home/mod .darbs/dotfiles/postinstall.sh
2019-08-01 20:29:24 /home/mod/.darbs/dotfiles/arch_manjaro_i3 .tmux.conf
2019-08-01 20:29:24 /home/mod/.darbs/dotfiles/arch_manjaro_i3 .tmux.conf
2019-08-01 20:29:00 /home/mod/.darbs/dotfiles/arch_manjaro_i3 .tmux.conf
2019-08-01 20:29:00 /home/mod/.darbs/dotfiles/arch_manjaro_i3 .tmux.conf
2019-08-01 20:28:15 /home/mod/.darbs/dotfiles/arch_manjaro_i3 .tmux.conf
2019-08-01 20:28:15 /home/mod/.darbs/dotfiles/arch_manjaro_i3 .tmux.conf
2019-08-01 18:20:19 /home/mod/.darbs/dotfiles/arch_manjaro_i3 .tmux.conf
2019-08-01 18:20:19 /home/mod/.darbs/dotfiles/arch_manjaro_i3 .tmux.conf
2019-08-01 17:46:48 /home/mod/.darbs/dotfiles/arch_manjaro_i3 .tmux.conf
2019-08-01 17:46:48 /home/mod/.darbs/dotfiles/arch_manjaro_i3 .tmux.conf
2019-08-01 17:45:30 /home/mod/.darbs/dotfiles/arch_manjaro_i3 .tmux.conf
2019-08-01 17:45:30 /home/mod/.darbs/dotfiles/arch_manjaro_i3 .tmux.conf
2019-08-01 11:26:33 /home/mod/.darbs/dotfiles/arch_manjaro_i3 .tmux.conf
2019-08-01 11:26:33 /home/mod/.darbs/dotfiles/arch_manjaro_i3 .tmux.conf
2019-08-01 11:26:04 /home/mod/.darbs/dotfiles/arch_manjaro_i3 .tmux.conf
2019-08-01 11:26:04 /home/mod/.darbs/dotfiles/arch_manjaro_i3 .tmux.conf
2019-08-01 11:17:25 /home/mod/.darbs/dotfiles/arch_manjaro_i3 .tmux.conf
2019-08-01 11:17:25 /home/mod/.darbs/dotfiles/arch_manjaro_i3 .tmux.conf
2019-08-01 10:52:49 /home/mod/.darbs/dotfiles/arch_manjaro_i3 .tmux.conf
2019-08-01 10:52:49 /home/mod/.darbs/dotfiles/arch_manjaro_i3 .tmux.conf
2019-08-01 10:52:35 /home/mod/.darbs/dotfiles/arch_manjaro_i3 .tmux.conf
2019-08-01 10:52:35 /home/mod/.darbs/dotfiles/arch_manjaro_i3 .tmux.conf
2019-08-01 10:51:38 /home/mod/.darbs/dotfiles/arch_manjaro_i3 .tmux.conf
2019-08-01 10:51:38 /home/mod/.darbs/dotfiles/arch_manjaro_i3 .tmux.conf
2019-08-01 10:50:20 /home/mod/.darbs/dotfiles/arch_manjaro_i3 .tmux.conf
2019-08-01 10:50:20 /home/mod/.darbs/dotfiles/arch_manjaro_i3 .tmux.conf
2019-08-01 10:49:38 /home/mod/.darbs/dotfiles/arch_manjaro_i3 .tmux.conf
2019-08-01 10:49:38 /home/mod/.darbs/dotfiles/arch_manjaro_i3 .tmux.conf
