2019-08-17 07:48:25 /home/mod/.darbs/scripts/common monitor
2019-08-17 07:48:25 /home/mod/.darbs/scripts/common monitor
2019-08-17 07:47:26 /home/mod/.darbs/scripts/common monitor
2019-08-17 07:47:26 /home/mod/.darbs/scripts/common monitor
2019-08-17 07:47:17 /home/mod/.darbs/scripts/common monitor
2019-08-17 07:47:17 /home/mod/.darbs/scripts/common monitor
2019-08-17 07:46:41 /home/mod/.darbs/scripts/common monitor
2019-08-17 07:46:41 /home/mod/.darbs/scripts/common monitor
2019-08-17 07:24:58 /home/mod/.darbs/scripts/common darbs_pull
2019-08-17 07:24:58 /home/mod/.darbs/scripts/common darbs_pull
2019-08-17 07:24:47 /home/mod/.darbs/scripts/common darbs_pull
2019-08-17 07:24:47 /home/mod/.darbs/scripts/common darbs_pull
2019-08-17 07:23:50 /home/mod/.darbs/scripts/common darbs_pull
2019-08-17 07:23:50 /home/mod/.darbs/scripts/common darbs_pull
2019-08-17 07:23:43 /home/mod/.darbs/scripts/common darbs_pull
2019-08-17 07:23:43 /home/mod/.darbs/scripts/common darbs_pull
2019-08-17 07:23:16 /home/mod/.darbs/scripts/common darbs_pull
2019-08-17 07:23:16 /home/mod/.darbs/scripts/common darbs_pull
2019-08-17 07:22:21 /home/mod/.darbs/scripts/common darbs_push
2019-08-17 07:22:21 /home/mod/.darbs/scripts/common darbs_push
2019-08-17 07:20:25 /home/mod/.darbs/scripts/common darbs_push
2019-08-17 07:20:25 /home/mod/.darbs/scripts/common darbs_push
2019-08-17 07:08:48 /home/mod/.darbs/scripts/common darbs_pull
2019-08-17 07:08:48 /home/mod/.darbs/scripts/common darbs_pull
2019-08-17 07:07:44 /home/mod/.darbs/scripts/common darbs_push
2019-08-17 07:07:44 /home/mod/.darbs/scripts/common darbs_push
2019-08-17 07:07:00 /home/mod/.darbs/scripts/common darbs_secrets_hide
2019-08-17 07:07:00 /home/mod/.darbs/scripts/common darbs_secrets_hide
2019-08-17 07:06:34 /home/mod/.darbs/scripts/common darbs_secrets_hide
2019-08-17 07:06:34 /home/mod/.darbs/scripts/common darbs_secrets_hide
2019-08-17 07:04:57 /home/mod/.darbs/scripts/common general
2019-08-17 07:04:57 /home/mod/.darbs/scripts/common general
2019-08-17 07:02:32 /home/mod/.darbs/scripts/common general
2019-08-17 07:02:32 /home/mod/.darbs/scripts/common general
2019-08-17 07:02:29 /home/mod/.darbs/scripts/common general
2019-08-17 07:02:29 /home/mod/.darbs/scripts/common general
2019-08-17 07:01:19 /home/mod/.darbs/scripts/common general
2019-08-17 07:01:19 /home/mod/.darbs/scripts/common general
2019-08-17 07:00:57 /home/mod/.darbs/scripts/common general
2019-08-17 07:00:57 /home/mod/.darbs/scripts/common general
2019-08-17 07:00:43 /home/mod/.darbs/scripts/common general
2019-08-17 07:00:43 /home/mod/.darbs/scripts/common general
2019-08-17 07:00:42 /home/mod/.darbs/scripts/common general
2019-08-17 07:00:42 /home/mod/.darbs/scripts/common general
2019-08-17 07:00:39 /home/mod/.darbs/scripts/common general
2019-08-17 07:00:39 /home/mod/.darbs/scripts/common general
2019-08-17 07:00:36 /home/mod/.darbs/scripts/common general
2019-08-17 07:00:36 /home/mod/.darbs/scripts/common general
2019-08-17 07:00:16 /home/mod/.darbs/scripts/common general
2019-08-17 07:00:16 /home/mod/.darbs/scripts/common general
2019-08-14 06:15:56 /home/mod/.darbs/scripts/common open_everything_man_links.txt
2019-08-14 06:15:56 /home/mod/.darbs/scripts/common open_everything_man_links.txt
2019-08-11 06:00:34 /home/mod/.darbs/scripts/common wik
2019-08-11 06:00:34 /home/mod/.darbs/scripts/common wik
2019-08-11 06:00:18 /home/mod/.darbs/scripts/common wik
2019-08-11 06:00:18 /home/mod/.darbs/scripts/common wik
2019-08-11 06:00:02 /home/mod/.darbs/scripts/common wik
2019-08-11 06:00:02 /home/mod/.darbs/scripts/common wik
2019-08-11 05:39:30 /home/mod/.darbs/scripts/common open_everything_issues.txt
2019-08-11 05:39:30 /home/mod/.darbs/scripts/common open_everything_issues.txt
2019-08-10 07:07:05 /home/mod/.darbs/scripts/common open_everything_issues.txt
2019-08-10 07:07:05 /home/mod/.darbs/scripts/common open_everything_issues.txt
2019-08-06 08:53:25 /home/mod/.darbs/scripts/common open_everything_man_links.txt
2019-08-06 08:53:25 /home/mod/.darbs/scripts/common open_everything_man_links.txt
2019-08-04 09:07:39 /home/mod/.darbs/scripts/common vim_last_edited_open
2019-08-04 09:07:39 /home/mod/.darbs/scripts/common vim_last_edited_open
2019-08-03 19:50:40 /home/mod/.darbs/scripts/common /home/mod/.darbs/dotfiles/common/.config/nvim/plugged/divramod.vim/autoload/ts.vim
2019-08-03 19:50:40 /home/mod/.darbs/scripts/common /home/mod/.darbs/dotfiles/common/.config/nvim/plugged/divramod.vim/autoload/ts.vim
2019-08-03 19:50:38 /home/mod/.darbs/scripts/common /home/mod/.darbs/dotfiles/common/.config/nvim/plugged/divramod.vim/autoload/ts.vim
2019-08-03 19:50:38 /home/mod/.darbs/scripts/common /home/mod/.darbs/dotfiles/common/.config/nvim/plugged/divramod.vim/autoload/ts.vim
2019-08-03 19:49:24 /home/mod/.darbs/scripts/common /home/mod/.darbs/dotfiles/common/.config/nvim/plugged/divramod.vim/autoload/ts.vim
2019-08-03 19:49:24 /home/mod/.darbs/scripts/common /home/mod/.darbs/dotfiles/common/.config/nvim/plugged/divramod.vim/autoload/ts.vim
2019-08-03 19:36:16 /home/mod/.darbs/scripts/common vim_get_corresponding_test_file
2019-08-03 19:36:16 /home/mod/.darbs/scripts/common vim_get_corresponding_test_file
2019-08-03 19:36:03 /home/mod/.darbs/scripts/common vim_get_corresponding_test_file
2019-08-03 19:36:03 /home/mod/.darbs/scripts/common vim_get_corresponding_test_file
2019-08-03 19:36:02 /home/mod/.darbs/scripts/common vim_get_corresponding_test_file
2019-08-03 19:36:02 /home/mod/.darbs/scripts/common vim_get_corresponding_test_file
2019-08-03 19:35:34 /home/mod/.darbs/scripts/common vim_get_corresponding_test_file
2019-08-03 19:35:34 /home/mod/.darbs/scripts/common vim_get_corresponding_test_file
2019-08-03 19:35:05 /home/mod/.darbs/scripts/common vim_get_corresponding_test_file
2019-08-03 19:35:05 /home/mod/.darbs/scripts/common vim_get_corresponding_test_file
2019-08-03 19:34:45 /home/mod/.darbs/scripts/common vim_get_corresponding_test_file
2019-08-03 19:34:45 /home/mod/.darbs/scripts/common vim_get_corresponding_test_file
2019-08-03 19:32:18 /home/mod/.darbs/scripts/common vim_get_corresponding_test_file
2019-08-03 19:32:18 /home/mod/.darbs/scripts/common vim_get_corresponding_test_file
2019-08-03 19:31:55 /home/mod/.darbs/scripts/common vim_get_corresponding_test_file
2019-08-03 19:31:55 /home/mod/.darbs/scripts/common vim_get_corresponding_test_file
2019-08-03 19:31:37 /home/mod/.darbs/scripts/common vim_get_corresponding_test_file
2019-08-03 19:31:37 /home/mod/.darbs/scripts/common vim_get_corresponding_test_file
2019-08-03 19:31:24 /home/mod/.darbs/scripts/common vim_get_corresponding_test_file
2019-08-03 19:31:24 /home/mod/.darbs/scripts/common vim_get_corresponding_test_file
2019-08-03 19:31:11 /home/mod/.darbs/scripts/common vim_get_corresponding_test_file
2019-08-03 19:31:11 /home/mod/.darbs/scripts/common vim_get_corresponding_test_file
2019-08-03 19:30:31 /home/mod/.darbs/scripts/common vim_get_corresponding_test_file
2019-08-03 19:30:31 /home/mod/.darbs/scripts/common vim_get_corresponding_test_file
2019-08-03 19:30:08 /home/mod/.darbs/scripts/common vim_get_corresponding_test_file
2019-08-03 19:30:08 /home/mod/.darbs/scripts/common vim_get_corresponding_test_file
2019-08-03 19:29:23 /home/mod/.darbs/scripts/common vim_get_corresponding_test_file
2019-08-03 19:29:23 /home/mod/.darbs/scripts/common vim_get_corresponding_test_file
2019-08-03 19:28:57 /home/mod/.darbs/scripts/common vim_get_corresponding_test_file
2019-08-03 19:28:57 /home/mod/.darbs/scripts/common vim_get_corresponding_test_file
2019-08-03 19:27:49 /home/mod/.darbs/scripts/common vim_get_corresponding_test_file
2019-08-03 19:27:49 /home/mod/.darbs/scripts/common vim_get_corresponding_test_file
2019-08-03 19:26:26 /home/mod/.darbs/scripts/common vim_get_corresponding_test_file
2019-08-03 19:26:26 /home/mod/.darbs/scripts/common vim_get_corresponding_test_file
2019-08-03 19:26:01 /home/mod/.darbs/scripts/common vim_get_corresponding_test_file
2019-08-03 19:26:01 /home/mod/.darbs/scripts/common vim_get_corresponding_test_file
2019-08-03 19:24:12 /home/mod/.darbs/scripts/common vim_get_corresponding_test_file
2019-08-03 19:24:12 /home/mod/.darbs/scripts/common vim_get_corresponding_test_file
2019-08-03 19:23:26 /home/mod/.darbs/scripts/common vim_get_corresponding_test_file
2019-08-03 19:23:26 /home/mod/.darbs/scripts/common vim_get_corresponding_test_file
2019-08-03 19:20:41 /home/mod/.darbs/scripts/common vim_get_corresponding_test_file
2019-08-03 19:20:41 /home/mod/.darbs/scripts/common vim_get_corresponding_test_file
2019-08-03 19:19:45 /home/mod/.darbs/scripts/common vim_get_corresponding_test_file
2019-08-03 19:19:45 /home/mod/.darbs/scripts/common vim_get_corresponding_test_file
2019-08-03 19:19:43 /home/mod/.darbs/scripts/common vim_get_corresponding_test_file
2019-08-03 19:19:43 /home/mod/.darbs/scripts/common vim_get_corresponding_test_file
2019-08-03 19:16:19 /home/mod/.darbs/scripts/common vim_get_corresponding_test_file
2019-08-03 19:16:19 /home/mod/.darbs/scripts/common vim_get_corresponding_test_file
2019-08-03 19:15:04 /home/mod/.darbs/scripts/common vim_get_corresponding_test_file
2019-08-03 19:15:04 /home/mod/.darbs/scripts/common vim_get_corresponding_test_file
2019-08-03 19:14:59 /home/mod/.darbs/scripts/common vim_get_corresponding_test_file
2019-08-03 19:14:59 /home/mod/.darbs/scripts/common vim_get_corresponding_test_file
2019-08-03 19:14:51 /home/mod/.darbs/scripts/common vim_get_corresponding_test_file
2019-08-03 19:14:51 /home/mod/.darbs/scripts/common vim_get_corresponding_test_file
2019-08-03 19:12:45 /home/mod/.darbs/scripts/common vim_get_corresponding_test_file
2019-08-03 19:12:45 /home/mod/.darbs/scripts/common vim_get_corresponding_test_file
2019-08-03 19:11:21 /home/mod/.darbs/scripts/common vim_get_corresponding_test_file
2019-08-03 19:11:21 /home/mod/.darbs/scripts/common vim_get_corresponding_test_file
2019-08-03 19:11:19 /home/mod/.darbs/scripts/common vim_get_corresponding_test_file
2019-08-03 19:11:19 /home/mod/.darbs/scripts/common vim_get_corresponding_test_file
2019-08-03 19:11:01 /home/mod/.darbs/scripts/common vim_get_corresponding_test_file
2019-08-03 19:11:01 /home/mod/.darbs/scripts/common vim_get_corresponding_test_file
2019-08-03 19:10:51 /home/mod/.darbs/scripts/common vim_get_corresponding_test_file
2019-08-03 19:10:51 /home/mod/.darbs/scripts/common vim_get_corresponding_test_file
2019-08-03 19:10:43 /home/mod/.darbs/scripts/common vim_get_corresponding_test_file
2019-08-03 19:10:43 /home/mod/.darbs/scripts/common vim_get_corresponding_test_file
2019-08-03 19:10:31 /home/mod/.darbs/scripts/common vim_get_corresponding_test_file
2019-08-03 19:10:31 /home/mod/.darbs/scripts/common vim_get_corresponding_test_file
2019-08-03 19:08:14 /home/mod/.darbs/scripts/common vim_get_corresponding_test_file
2019-08-03 19:08:14 /home/mod/.darbs/scripts/common vim_get_corresponding_test_file
2019-08-03 19:07:26 /home/mod/.darbs/scripts/common vim_get_corresponding_test_file
2019-08-03 19:07:26 /home/mod/.darbs/scripts/common vim_get_corresponding_test_file
2019-08-03 19:06:47 /home/mod/.darbs/scripts/common vim_get_corresponding_test_file
2019-08-03 19:06:47 /home/mod/.darbs/scripts/common vim_get_corresponding_test_file
2019-08-03 19:06:14 /home/mod/.darbs/scripts/common vim_get_corresponding_test_file
2019-08-03 19:06:14 /home/mod/.darbs/scripts/common vim_get_corresponding_test_file
2019-08-03 19:05:35 /home/mod/.darbs/scripts/common vim_get_corresponding_test_file
2019-08-03 19:05:35 /home/mod/.darbs/scripts/common vim_get_corresponding_test_file
2019-08-03 19:05:33 /home/mod/.darbs/scripts/common vim_get_corresponding_test_file
2019-08-03 19:05:33 /home/mod/.darbs/scripts/common vim_get_corresponding_test_file
2019-08-03 19:05:13 /home/mod/.darbs/scripts/common vim_get_corresponding_test_file
2019-08-03 19:05:13 /home/mod/.darbs/scripts/common vim_get_corresponding_test_file
2019-08-03 19:04:45 /home/mod/.darbs/scripts/common vim_get_corresponding_test_file
2019-08-03 19:04:45 /home/mod/.darbs/scripts/common vim_get_corresponding_test_file
2019-08-03 18:58:29 /home/mod/.darbs/scripts/common vim_get_corresponding_test_file
2019-08-03 18:58:29 /home/mod/.darbs/scripts/common vim_get_corresponding_test_file
2019-08-03 18:58:27 /home/mod/.darbs/scripts/common vim_get_corresponding_test_file
2019-08-03 18:58:27 /home/mod/.darbs/scripts/common vim_get_corresponding_test_file
2019-08-03 18:57:57 /home/mod/.darbs/scripts/common vim_get_corresponding_test_file
2019-08-03 18:57:57 /home/mod/.darbs/scripts/common vim_get_corresponding_test_file
2019-08-03 18:57:21 /home/mod/.darbs/scripts/common vim_get_corresponding_test_file
2019-08-03 18:57:21 /home/mod/.darbs/scripts/common vim_get_corresponding_test_file
2019-08-02 08:41:12 /home/mod/.darbs/scripts/common open_everything
2019-08-02 08:41:12 /home/mod/.darbs/scripts/common open_everything
2019-08-02 08:39:09 /home/mod/.darbs/scripts/common open_everything_issues.txt
2019-08-02 08:39:09 /home/mod/.darbs/scripts/common open_everything_issues.txt
2019-08-02 08:38:44 /home/mod/.darbs/scripts/common open_everything_issues.txt
2019-08-02 08:38:44 /home/mod/.darbs/scripts/common open_everything_issues.txt
2019-08-02 08:38:44 /home/mod/.darbs/scripts/common open_everything_commands.txt
2019-08-02 08:38:44 /home/mod/.darbs/scripts/common open_everything_commands.txt
2019-08-02 07:53:28 /home/mod/.darbs/scripts/common open_everything_man_links.txt
2019-08-02 07:53:28 /home/mod/.darbs/scripts/common open_everything_man_links.txt
2019-08-01 20:32:48 /home/mod/.darbs/scripts/common open_everything_man_links.txt
2019-08-01 20:32:48 /home/mod/.darbs/scripts/common open_everything_man_links.txt
2019-08-01 18:56:28 /home/mod/.darbs/scripts/common tmux_layout_yank
2019-08-01 18:56:28 /home/mod/.darbs/scripts/common tmux_layout_yank
2019-08-01 18:53:32 /home/mod/.darbs/scripts/common tmux_layout_yank
2019-08-01 18:53:32 /home/mod/.darbs/scripts/common tmux_layout_yank
2019-08-01 18:53:20 /home/mod/.darbs/scripts/common tmux_layout_yank
2019-08-01 18:53:20 /home/mod/.darbs/scripts/common tmux_layout_yank
2019-08-01 18:53:11 /home/mod/.darbs/scripts/common tmux_layout_yank
2019-08-01 18:53:11 /home/mod/.darbs/scripts/common tmux_layout_yank
2019-08-01 18:52:58 /home/mod/.darbs/scripts/common tmux_layout_yank
2019-08-01 18:52:58 /home/mod/.darbs/scripts/common tmux_layout_yank
2019-08-01 18:52:53 /home/mod/.darbs/scripts/common tmux_layout_yank
2019-08-01 18:52:53 /home/mod/.darbs/scripts/common tmux_layout_yank
2019-08-01 18:52:39 /home/mod/.darbs/scripts/common tmux_layout_yank
2019-08-01 18:52:39 /home/mod/.darbs/scripts/common tmux_layout_yank
2019-08-01 18:51:58 /home/mod/.darbs/scripts/common tmux_layout_yank
2019-08-01 18:51:58 /home/mod/.darbs/scripts/common tmux_layout_yank
2019-08-01 18:51:45 /home/mod/.darbs/scripts/common tmux_layout_yank
2019-08-01 18:51:45 /home/mod/.darbs/scripts/common tmux_layout_yank
2019-08-01 18:51:08 /home/mod/.darbs/scripts/common tmux_layout_yank
2019-08-01 18:51:08 /home/mod/.darbs/scripts/common tmux_layout_yank
2019-08-01 18:51:02 /home/mod/.darbs/scripts/common tmux_layout_yank
2019-08-01 18:51:02 /home/mod/.darbs/scripts/common tmux_layout_yank
2019-08-01 18:50:18 /home/mod/.darbs/scripts/common tmux_layout_yank
2019-08-01 18:50:18 /home/mod/.darbs/scripts/common tmux_layout_yank
2019-08-01 18:50:15 /home/mod/.darbs/scripts/common tmux_layout_yank
2019-08-01 18:50:15 /home/mod/.darbs/scripts/common tmux_layout_yank
2019-08-01 18:50:13 /home/mod/.darbs/scripts/common tmux_layout_yank
2019-08-01 18:50:13 /home/mod/.darbs/scripts/common tmux_layout_yank
2019-08-01 18:48:54 /home/mod/.darbs/scripts/common tmux_layout_yank
2019-08-01 18:48:54 /home/mod/.darbs/scripts/common tmux_layout_yank
2019-08-01 11:53:55 /home/mod/.darbs/scripts/common play
2019-08-01 11:53:55 /home/mod/.darbs/scripts/common play
2019-08-01 11:29:55 /home/mod/.darbs/scripts/common tmux_yank_pane_to_vim
2019-08-01 11:29:55 /home/mod/.darbs/scripts/common tmux_yank_pane_to_vim
2019-08-01 11:28:20 /home/mod/.darbs/scripts/common tmux_yank_pane_to_vim
2019-08-01 11:28:20 /home/mod/.darbs/scripts/common tmux_yank_pane_to_vim
2019-08-01 11:24:37 /home/mod/.darbs/scripts/common tmux_yank_pane_to_vim
2019-08-01 11:24:37 /home/mod/.darbs/scripts/common tmux_yank_pane_to_vim
2019-08-01 11:22:49 /home/mod/.darbs/scripts/common tmux_yank_pane_to_vim
2019-08-01 11:22:49 /home/mod/.darbs/scripts/common tmux_yank_pane_to_vim
2019-08-01 11:21:41 /home/mod/.darbs/scripts/common tmux_yank_pane_to_vim
2019-08-01 11:21:41 /home/mod/.darbs/scripts/common tmux_yank_pane_to_vim
2019-08-01 11:21:21 /home/mod/.darbs/scripts/common tmux_yank_pane_to_vim
2019-08-01 11:21:21 /home/mod/.darbs/scripts/common tmux_yank_pane_to_vim
2019-08-01 11:14:40 /home/mod/.darbs/scripts/common tmux_yank_pane_to_vim
2019-08-01 11:14:40 /home/mod/.darbs/scripts/common tmux_yank_pane_to_vim
2019-08-01 11:14:08 /home/mod/.darbs/scripts/common oe_attach_file
2019-08-01 11:14:08 /home/mod/.darbs/scripts/common oe_attach_file
2019-08-01 11:13:44 /home/mod/.darbs/scripts/common tmux_yank_pane_to_vim
2019-08-01 11:13:44 /home/mod/.darbs/scripts/common tmux_yank_pane_to_vim
2019-08-01 11:13:40 /home/mod/.darbs/scripts/common tmux_yank_pane_to_vim
2019-08-01 11:13:40 /home/mod/.darbs/scripts/common tmux_yank_pane_to_vim
2019-08-01 11:13:00 /home/mod/.darbs/scripts/common oe_attach_file
2019-08-01 11:13:00 /home/mod/.darbs/scripts/common oe_attach_file
2019-08-01 11:12:23 /home/mod/.darbs/scripts/common tmux_yank_pane_to_vim
2019-08-01 11:12:23 /home/mod/.darbs/scripts/common tmux_yank_pane_to_vim
2019-08-01 11:11:42 /home/mod/.darbs/scripts/common tmux_yank_pane_to_vim
2019-08-01 11:11:42 /home/mod/.darbs/scripts/common tmux_yank_pane_to_vim
2019-08-01 11:11:05 /home/mod/.darbs/scripts/common tmux_yank_pane_to_vim
2019-08-01 11:11:05 /home/mod/.darbs/scripts/common tmux_yank_pane_to_vim
2019-08-01 11:10:54 /home/mod/.darbs/scripts/common tmux_yank_pane_to_vim
2019-08-01 11:10:54 /home/mod/.darbs/scripts/common tmux_yank_pane_to_vim
2019-08-01 11:10:23 /home/mod/.darbs/scripts/common tmux_yank_pane_to_vim
2019-08-01 11:10:23 /home/mod/.darbs/scripts/common tmux_yank_pane_to_vim
2019-08-01 11:09:56 /home/mod/.darbs/scripts/common tmux_yank_pane_to_vim
2019-08-01 11:09:56 /home/mod/.darbs/scripts/common tmux_yank_pane_to_vim
2019-08-01 11:09:05 /home/mod/.darbs/scripts/common tmux_yank_pane_to_vim
2019-08-01 11:09:05 /home/mod/.darbs/scripts/common tmux_yank_pane_to_vim
2019-08-01 11:07:46 /home/mod/.darbs/scripts/common oe_attach_file
2019-08-01 11:07:46 /home/mod/.darbs/scripts/common oe_attach_file
2019-08-01 11:05:40 /home/mod/.darbs/scripts/common oe_attach_file
2019-08-01 11:05:40 /home/mod/.darbs/scripts/common oe_attach_file
2019-08-01 11:05:15 /home/mod/.darbs/scripts/common oe_attach_file
2019-08-01 11:05:15 /home/mod/.darbs/scripts/common oe_attach_file
2019-08-01 11:04:52 /home/mod/.darbs/scripts/common oe_attach_file
2019-08-01 11:04:52 /home/mod/.darbs/scripts/common oe_attach_file
2019-08-01 11:04:38 /home/mod/.darbs/scripts/common oe_attach_file
2019-08-01 11:04:38 /home/mod/.darbs/scripts/common oe_attach_file
2019-08-01 11:04:34 /home/mod/.darbs/scripts/common oe_attach_file
2019-08-01 11:04:34 /home/mod/.darbs/scripts/common oe_attach_file
2019-08-01 11:04:19 /home/mod/.darbs/scripts/common oe_attach_file
2019-08-01 11:04:19 /home/mod/.darbs/scripts/common oe_attach_file
2019-08-01 11:03:56 /home/mod/.darbs/scripts/common oe_attach_file
2019-08-01 11:03:56 /home/mod/.darbs/scripts/common oe_attach_file
2019-08-01 11:03:03 /home/mod/.darbs/scripts/common tmux_yank_pane_to_vim
2019-08-01 11:03:03 /home/mod/.darbs/scripts/common tmux_yank_pane_to_vim
2019-08-01 11:00:10 /home/mod/.darbs/scripts/common tmux_yank_pane_to_vim
2019-08-01 11:00:10 /home/mod/.darbs/scripts/common tmux_yank_pane_to_vim
2019-08-01 10:59:41 /home/mod/.darbs/scripts/common tmux_yank_pane_to_vim
2019-08-01 10:59:41 /home/mod/.darbs/scripts/common tmux_yank_pane_to_vim
2019-08-01 10:41:16 /home/mod/.darbs/scripts/common oe_attach_file
2019-08-01 10:41:16 /home/mod/.darbs/scripts/common oe_attach_file
2019-08-01 10:38:09 /home/mod/.darbs/scripts/common oe_attach_file
2019-08-01 10:38:09 /home/mod/.darbs/scripts/common oe_attach_file
2019-08-01 10:37:53 /home/mod/.darbs/scripts/common oe_attach_file
2019-08-01 10:37:53 /home/mod/.darbs/scripts/common oe_attach_file
2019-08-01 10:37:20 /home/mod/.darbs/scripts/common oe_attach_file
2019-08-01 10:37:20 /home/mod/.darbs/scripts/common oe_attach_file
2019-08-01 09:19:35 /home/mod/.darbs/scripts/common open_everything_man_links.txt
2019-08-01 09:19:35 /home/mod/.darbs/scripts/common open_everything_man_links.txt
2019-08-01 09:03:34 /home/mod/.darbs/scripts/common oe_attach_dir
2019-08-01 09:03:34 /home/mod/.darbs/scripts/common oe_attach_dir
2019-08-01 09:02:41 /home/mod/.darbs/scripts/common oe_attach_dir
2019-08-01 09:02:41 /home/mod/.darbs/scripts/common oe_attach_dir
2019-08-01 09:01:51 /home/mod/.darbs/scripts/common oe_attach_dir
2019-08-01 09:01:51 /home/mod/.darbs/scripts/common oe_attach_dir
2019-08-01 03:12:08 /home/mod/.darbs/scripts/common open_everything
2019-08-01 03:12:08 /home/mod/.darbs/scripts/common open_everything
2019-08-01 03:11:11 /home/mod/.darbs/scripts/common open_everything
2019-08-01 03:11:11 /home/mod/.darbs/scripts/common open_everything
2019-08-01 03:10:55 /home/mod/.darbs/scripts/common open_everything
2019-08-01 03:10:55 /home/mod/.darbs/scripts/common open_everything
2019-08-01 02:58:01 /home/mod/.darbs/scripts/common oe_attach_script
2019-08-01 02:58:01 /home/mod/.darbs/scripts/common oe_attach_script
2019-08-01 02:57:17 /home/mod/.darbs/scripts/common oe_attach_script
2019-08-01 02:57:17 /home/mod/.darbs/scripts/common oe_attach_script
2019-08-01 02:50:46 /home/mod/.darbs/scripts/common tmux_colorpalette
2019-08-01 02:50:46 /home/mod/.darbs/scripts/common tmux_colorpalette
2019-08-01 02:49:31 /home/mod/.darbs/scripts/common open_everything
2019-08-01 02:49:31 /home/mod/.darbs/scripts/common open_everything
2019-08-01 02:48:39 /home/mod/.darbs/scripts/common oe_attach_script
2019-08-01 02:48:39 /home/mod/.darbs/scripts/common oe_attach_script
2019-08-01 02:48:32 /home/mod/.darbs/scripts/common oe_attach_script
2019-08-01 02:48:32 /home/mod/.darbs/scripts/common oe_attach_script
2019-08-01 02:48:05 /home/mod/.darbs/scripts/common oe_attach_script
2019-08-01 02:48:05 /home/mod/.darbs/scripts/common oe_attach_script
2019-08-01 02:46:35 /home/mod/.darbs/scripts/common open_everything
2019-08-01 02:46:35 /home/mod/.darbs/scripts/common open_everything
2019-08-01 02:46:17 /home/mod/.darbs/scripts/common open_everything
2019-08-01 02:46:17 /home/mod/.darbs/scripts/common open_everything
2019-08-01 02:42:05 /home/mod/.darbs/scripts/common open_everything
2019-08-01 02:42:05 /home/mod/.darbs/scripts/common open_everything
2019-08-01 02:40:33 /home/mod/.darbs/scripts/common oe_attach_script
2019-08-01 02:40:33 /home/mod/.darbs/scripts/common oe_attach_script
2019-08-01 02:40:14 /home/mod/.darbs/scripts/common oe_attach_script
2019-08-01 02:40:14 /home/mod/.darbs/scripts/common oe_attach_script
2019-08-01 02:39:27 /home/mod/.darbs/scripts/common oe_attach_script
2019-08-01 02:39:27 /home/mod/.darbs/scripts/common oe_attach_script
2019-08-01 02:39:07 /home/mod/.darbs/scripts/common oe_attach_script
2019-08-01 02:39:07 /home/mod/.darbs/scripts/common oe_attach_script
2019-08-01 02:39:00 /home/mod/.darbs/scripts/common oe_attach_script
2019-08-01 02:39:00 /home/mod/.darbs/scripts/common oe_attach_script
2019-08-01 01:32:44 /home/mod/.darbs/scripts/common tmux_loop_through_windows
2019-08-01 01:32:44 /home/mod/.darbs/scripts/common tmux_loop_through_windows
2019-08-01 01:32:39 /home/mod/.darbs/scripts/common tmux_loop_through_windows
2019-08-01 01:32:39 /home/mod/.darbs/scripts/common tmux_loop_through_windows
2019-08-01 01:32:30 /home/mod/.darbs/scripts/common tmux_loop_through_windows
2019-08-01 01:32:30 /home/mod/.darbs/scripts/common tmux_loop_through_windows
2019-08-01 01:32:26 /home/mod/.darbs/scripts/common tmux_loop_through_windows
2019-08-01 01:32:26 /home/mod/.darbs/scripts/common tmux_loop_through_windows
2019-08-01 01:32:18 /home/mod/.darbs/scripts/common tmux_loop_through_windows
2019-08-01 01:32:18 /home/mod/.darbs/scripts/common tmux_loop_through_windows
2019-08-01 01:32:14 /home/mod/.darbs/scripts/common tmux_loop_through_windows
2019-08-01 01:32:14 /home/mod/.darbs/scripts/common tmux_loop_through_windows
2019-08-01 01:32:07 /home/mod/.darbs/scripts/common tmux_loop_through_windows
2019-08-01 01:32:07 /home/mod/.darbs/scripts/common tmux_loop_through_windows
2019-08-01 01:32:01 /home/mod/.darbs/scripts/common tmux_loop_through_windows
2019-08-01 01:32:01 /home/mod/.darbs/scripts/common tmux_loop_through_windows
2019-08-01 01:31:50 /home/mod/.darbs/scripts/common tmux_loop_through_windows
2019-08-01 01:31:50 /home/mod/.darbs/scripts/common tmux_loop_through_windows
2019-08-01 01:31:31 /home/mod/.darbs/scripts/common tmux_loop_through_windows
2019-08-01 01:31:31 /home/mod/.darbs/scripts/common tmux_loop_through_windows
2019-08-01 01:31:25 /home/mod/.darbs/scripts/common tmux_loop_through_windows
2019-08-01 01:31:25 /home/mod/.darbs/scripts/common tmux_loop_through_windows
2019-08-01 01:30:58 /home/mod/.darbs/scripts/common tmux_loop_through_windows
2019-08-01 01:30:58 /home/mod/.darbs/scripts/common tmux_loop_through_windows
2019-08-01 01:30:29 /home/mod/.darbs/scripts/common tmux_loop_through_windows
2019-08-01 01:30:29 /home/mod/.darbs/scripts/common tmux_loop_through_windows
2019-08-01 01:30:20 /home/mod/.darbs/scripts/common tmux_loop_through_windows
2019-08-01 01:30:20 /home/mod/.darbs/scripts/common tmux_loop_through_windows
2019-08-01 01:30:11 /home/mod/.darbs/scripts/common tmux_loop_through_windows
2019-08-01 01:30:11 /home/mod/.darbs/scripts/common tmux_loop_through_windows
2019-08-01 01:22:29 /home/mod/.darbs/scripts/common tmux_loop_through_windows
2019-08-01 01:22:29 /home/mod/.darbs/scripts/common tmux_loop_through_windows
2019-08-01 01:22:19 /home/mod/.darbs/scripts/common tmux_loop_through_windows
2019-08-01 01:22:19 /home/mod/.darbs/scripts/common tmux_loop_through_windows
2019-08-01 01:21:53 /home/mod/.darbs/scripts/common tmux_loop_through_windows
2019-08-01 01:21:53 /home/mod/.darbs/scripts/common tmux_loop_through_windows
2019-08-01 01:20:37 /home/mod/.darbs/scripts/common tmux_loop_through_windows
2019-08-01 01:20:37 /home/mod/.darbs/scripts/common tmux_loop_through_windows
2019-08-01 01:20:29 /home/mod/.darbs/scripts/common tmux_loop_through_windows
2019-08-01 01:20:29 /home/mod/.darbs/scripts/common tmux_loop_through_windows
2019-08-01 01:20:26 /home/mod/.darbs/scripts/common tmux_loop_through_windows
2019-08-01 01:20:26 /home/mod/.darbs/scripts/common tmux_loop_through_windows
2019-08-01 01:20:20 /home/mod/.darbs/scripts/common tmux_loop_through_windows
2019-08-01 01:20:20 /home/mod/.darbs/scripts/common tmux_loop_through_windows
2019-08-01 01:19:44 /home/mod/.darbs/scripts/common tmux_loop_through_windows
2019-08-01 01:19:44 /home/mod/.darbs/scripts/common tmux_loop_through_windows
2019-08-01 01:19:41 /home/mod/.darbs/scripts/common tmux_loop_through_windows
2019-08-01 01:19:41 /home/mod/.darbs/scripts/common tmux_loop_through_windows
2019-08-01 01:19:34 /home/mod/.darbs/scripts/common tmux_loop_through_windows
2019-08-01 01:19:34 /home/mod/.darbs/scripts/common tmux_loop_through_windows
2019-08-01 01:19:30 /home/mod/.darbs/scripts/common tmux_loop_through_windows
2019-08-01 01:19:30 /home/mod/.darbs/scripts/common tmux_loop_through_windows
2019-08-01 01:19:24 /home/mod/.darbs/scripts/common tmux_loop_through_windows
2019-08-01 01:19:24 /home/mod/.darbs/scripts/common tmux_loop_through_windows
2019-08-01 01:19:13 /home/mod/.darbs/scripts/common tmux_loop_through_windows
2019-08-01 01:19:13 /home/mod/.darbs/scripts/common tmux_loop_through_windows
2019-08-01 01:17:25 /home/mod/.darbs/scripts/common tmux_loop_through_windows
2019-08-01 01:17:25 /home/mod/.darbs/scripts/common tmux_loop_through_windows
2019-08-01 00:43:47 /home/mod/.darbs/scripts/common diff_so_fancy_config
2019-08-01 00:43:47 /home/mod/.darbs/scripts/common diff_so_fancy_config
2019-08-01 00:43:39 /home/mod/.darbs/scripts/common diff_so_fancy_config
2019-08-01 00:43:39 /home/mod/.darbs/scripts/common diff_so_fancy_config
2019-08-01 00:43:28 /home/mod/.darbs/scripts/common diff_so_fancy_config
2019-08-01 00:43:28 /home/mod/.darbs/scripts/common diff_so_fancy_config
2019-08-01 00:15:29 /home/mod/.darbs/scripts/common forgit_choose
2019-08-01 00:15:29 /home/mod/.darbs/scripts/common forgit_choose
2019-08-01 00:14:35 /home/mod/.darbs/scripts/common forgit_choose
2019-08-01 00:14:35 /home/mod/.darbs/scripts/common forgit_choose
2019-08-01 00:14:01 /home/mod/.darbs/scripts/common forgit_choose
2019-08-01 00:14:01 /home/mod/.darbs/scripts/common forgit_choose
2019-08-01 00:13:15 /home/mod/.darbs/scripts/common forgit_choose
2019-08-01 00:13:15 /home/mod/.darbs/scripts/common forgit_choose
2019-08-01 00:12:25 /home/mod/.darbs/scripts/common forgit_open
2019-08-01 00:12:25 /home/mod/.darbs/scripts/common forgit_open
2019-08-01 00:11:59 /home/mod/.darbs/scripts/common forgit_choose
2019-08-01 00:11:59 /home/mod/.darbs/scripts/common forgit_choose
2019-08-01 00:11:41 /home/mod/.darbs/scripts/common forgit_choose
2019-08-01 00:11:41 /home/mod/.darbs/scripts/common forgit_choose
2019-08-01 00:11:08 /home/mod/.darbs/scripts/common forgit_choose
2019-08-01 00:11:08 /home/mod/.darbs/scripts/common forgit_choose
2019-08-01 00:10:37 /home/mod/.darbs/scripts/common forgit_choose
2019-08-01 00:10:36 /home/mod/.darbs/scripts/common forgit_choose
2019-08-01 00:10:13 /home/mod/.darbs/scripts/common forgit_choose
2019-08-01 00:10:13 /home/mod/.darbs/scripts/common forgit_choose
2019-08-01 00:10:11 /home/mod/.darbs/scripts/common forgit_choose
2019-08-01 00:10:11 /home/mod/.darbs/scripts/common forgit_choose
2019-08-01 00:09:58 /home/mod/.darbs/scripts/common forgit_choose
2019-08-01 00:09:58 /home/mod/.darbs/scripts/common forgit_choose
2019-08-01 00:08:26 /home/mod/.darbs/scripts/common forgit_commands.txt
2019-08-01 00:08:26 /home/mod/.darbs/scripts/common forgit_commands.txt
2019-08-01 00:08:25 /home/mod/.darbs/scripts/common forgit_commands.txt
2019-08-01 00:08:25 /home/mod/.darbs/scripts/common forgit_commands.txt
2019-08-01 00:06:28 /home/mod/.darbs/scripts/common forgit_open
2019-08-01 00:06:28 /home/mod/.darbs/scripts/common forgit_open
2019-07-31 23:58:55 /home/mod/.darbs/scripts/common forgit_open
2019-07-31 23:58:55 /home/mod/.darbs/scripts/common forgit_open
2019-07-31 23:58:30 /home/mod/.darbs/scripts/common forgit_open
2019-07-31 23:58:30 /home/mod/.darbs/scripts/common forgit_open
2019-07-31 23:58:28 /home/mod/.darbs/scripts/common forgit_open
2019-07-31 23:58:28 /home/mod/.darbs/scripts/common forgit_open
2019-07-31 23:58:02 /home/mod/.darbs/scripts/common forgit_open
2019-07-31 23:58:02 /home/mod/.darbs/scripts/common forgit_open
2019-07-31 23:57:48 /home/mod/.darbs/scripts/common forgit_open
2019-07-31 23:57:48 /home/mod/.darbs/scripts/common forgit_open
2019-07-31 23:57:21 /home/mod/.darbs/scripts/common forgit_open
2019-07-31 23:57:21 /home/mod/.darbs/scripts/common forgit_open
2019-07-31 23:54:31 /home/mod/.darbs/scripts/common forgit_open
2019-07-31 23:54:31 /home/mod/.darbs/scripts/common forgit_open
2019-07-31 23:54:18 /home/mod/.darbs/scripts/common forgit_open
2019-07-31 23:54:18 /home/mod/.darbs/scripts/common forgit_open
2019-07-31 23:54:00 /home/mod/.darbs/scripts/common forgit_open
2019-07-31 23:54:00 /home/mod/.darbs/scripts/common forgit_open
2019-07-31 23:53:32 /home/mod/.darbs/scripts/common forgit_open
2019-07-31 23:53:32 /home/mod/.darbs/scripts/common forgit_open
2019-07-31 23:39:58 /home/mod/.darbs/scripts/common forgit
2019-07-31 23:39:58 /home/mod/.darbs/scripts/common forgit
2019-07-31 23:39:57 /home/mod/.darbs/scripts/common forgit
2019-07-31 23:39:57 /home/mod/.darbs/scripts/common forgit
2019-07-31 23:38:53 /home/mod/.darbs/scripts/common forgit
2019-07-31 23:38:53 /home/mod/.darbs/scripts/common forgit
2019-07-31 23:30:07 /home/mod/.darbs/scripts/common processes_kill
2019-07-31 23:30:07 /home/mod/.darbs/scripts/common processes_kill
2019-07-31 23:29:57 /home/mod/.darbs/scripts/common processes_kill
2019-07-31 23:29:57 /home/mod/.darbs/scripts/common processes_kill
2019-07-31 23:29:52 /home/mod/.darbs/scripts/common processes_kill
2019-07-31 23:29:52 /home/mod/.darbs/scripts/common processes_kill
2019-07-31 07:01:51 /home/mod/.darbs/scripts/common wik
