2019-08-27 10:14:53 /home/mod/.darbs/scripts/arch_manjaro_i3/statusbar keyboard
2019-08-27 10:14:53 /home/mod/.darbs/scripts/arch_manjaro_i3/statusbar keyboard
2019-08-19 15:03:23 /home/mod/.darbs/scripts/arch_manjaro_i3/statusbar updown
2019-08-19 15:03:23 /home/mod/.darbs/scripts/arch_manjaro_i3/statusbar updown
2019-08-19 07:39:36 /home/mod/.darbs/scripts/arch_manjaro_i3/statusbar clock
2019-08-19 07:39:36 /home/mod/.darbs/scripts/arch_manjaro_i3/statusbar clock
2019-08-17 22:34:55 /home/mod/.darbs/scripts/arch_manjaro_i3/statusbar updown
2019-08-17 22:34:55 /home/mod/.darbs/scripts/arch_manjaro_i3/statusbar updown
2019-08-17 22:32:11 /home/mod/.darbs/scripts/arch_manjaro_i3/statusbar updown
2019-08-17 22:32:11 /home/mod/.darbs/scripts/arch_manjaro_i3/statusbar updown
2019-08-17 22:30:53 /home/mod/.darbs/scripts/arch_manjaro_i3/statusbar ip
2019-08-17 22:30:53 /home/mod/.darbs/scripts/arch_manjaro_i3/statusbar ip
2019-08-17 22:29:07 /home/mod/.darbs/scripts/arch_manjaro_i3/statusbar updown
2019-08-17 22:29:07 /home/mod/.darbs/scripts/arch_manjaro_i3/statusbar updown
2019-08-17 22:28:59 /home/mod/.darbs/scripts/arch_manjaro_i3/statusbar updown
2019-08-17 22:28:59 /home/mod/.darbs/scripts/arch_manjaro_i3/statusbar updown
2019-08-17 22:28:38 /home/mod/.darbs/scripts/arch_manjaro_i3/statusbar updown
2019-08-17 22:28:38 /home/mod/.darbs/scripts/arch_manjaro_i3/statusbar updown
2019-08-17 22:18:36 /home/mod/.darbs/scripts/arch_manjaro_i3/statusbar server
2019-08-17 22:18:36 /home/mod/.darbs/scripts/arch_manjaro_i3/statusbar server
2019-08-17 22:18:16 /home/mod/.darbs/scripts/arch_manjaro_i3/statusbar server
2019-08-17 22:18:16 /home/mod/.darbs/scripts/arch_manjaro_i3/statusbar server
2019-08-17 22:16:00 /home/mod/.darbs/scripts/arch_manjaro_i3/statusbar down
2019-08-17 22:16:00 /home/mod/.darbs/scripts/arch_manjaro_i3/statusbar down
2019-08-17 22:12:43 /home/mod/.darbs/scripts/arch_manjaro_i3/statusbar up
2019-08-17 22:12:43 /home/mod/.darbs/scripts/arch_manjaro_i3/statusbar up
2019-08-17 22:09:56 /home/mod/.darbs/scripts/arch_manjaro_i3/statusbar down
2019-08-17 22:09:56 /home/mod/.darbs/scripts/arch_manjaro_i3/statusbar down
2019-08-17 22:09:33 /home/mod/.darbs/scripts/arch_manjaro_i3/statusbar down
2019-08-17 22:09:33 /home/mod/.darbs/scripts/arch_manjaro_i3/statusbar down
2019-08-17 22:09:10 /home/mod/.darbs/scripts/arch_manjaro_i3/statusbar down
2019-08-17 22:09:10 /home/mod/.darbs/scripts/arch_manjaro_i3/statusbar down
2019-08-17 22:09:01 /home/mod/.darbs/scripts/arch_manjaro_i3/statusbar down
2019-08-17 22:09:01 /home/mod/.darbs/scripts/arch_manjaro_i3/statusbar down
2019-08-17 22:08:38 /home/mod/.darbs/scripts/arch_manjaro_i3/statusbar up
2019-08-17 22:08:38 /home/mod/.darbs/scripts/arch_manjaro_i3/statusbar up
2019-08-17 22:08:38 /home/mod/.darbs/scripts/arch_manjaro_i3/statusbar down
2019-08-17 22:08:38 /home/mod/.darbs/scripts/arch_manjaro_i3/statusbar down
2019-08-17 22:00:50 /home/mod/.darbs/scripts/arch_manjaro_i3/statusbar ip
2019-08-17 22:00:50 /home/mod/.darbs/scripts/arch_manjaro_i3/statusbar ip
2019-08-17 22:00:48 /home/mod/.darbs/scripts/arch_manjaro_i3/statusbar ip
2019-08-17 22:00:48 /home/mod/.darbs/scripts/arch_manjaro_i3/statusbar ip
2019-08-17 22:00:43 /home/mod/.darbs/scripts/arch_manjaro_i3/statusbar ip
2019-08-17 22:00:43 /home/mod/.darbs/scripts/arch_manjaro_i3/statusbar ip
2019-08-17 21:56:03 /home/mod/.darbs/scripts/arch_manjaro_i3/statusbar battery
2019-08-17 21:56:03 /home/mod/.darbs/scripts/arch_manjaro_i3/statusbar battery
2019-08-17 21:45:56 /home/mod/.darbs/scripts/arch_manjaro_i3/statusbar clock
2019-08-17 21:45:56 /home/mod/.darbs/scripts/arch_manjaro_i3/statusbar clock
2019-08-17 21:44:39 /home/mod/.darbs/scripts/arch_manjaro_i3/statusbar clock
2019-08-17 21:44:39 /home/mod/.darbs/scripts/arch_manjaro_i3/statusbar clock
2019-08-17 21:43:57 /home/mod/.darbs/scripts/arch_manjaro_i3/statusbar clock
2019-08-17 21:43:57 /home/mod/.darbs/scripts/arch_manjaro_i3/statusbar clock
