2019-08-13 05:59:44 /home/mod/.darbs/dotfiles/common/.config/nvim/init/topic mappings_n.vim
2019-08-13 05:59:44 /home/mod/.darbs/dotfiles/common/.config/nvim/init/topic mappings_n.vim
2019-08-11 07:11:51 /home/mod/.darbs/dotfiles/common/.config/nvim/init/topic mappings_n.vim
2019-08-11 07:11:51 /home/mod/.darbs/dotfiles/common/.config/nvim/init/topic mappings_n.vim
2019-08-11 07:11:44 /home/mod/.darbs/dotfiles/common/.config/nvim/init/topic mappings_n.vim
2019-08-11 07:11:44 /home/mod/.darbs/dotfiles/common/.config/nvim/init/topic mappings_n.vim
2019-08-11 07:11:22 /home/mod/.darbs/dotfiles/common/.config/nvim/init/topic mappings_n.vim
2019-08-11 07:11:22 /home/mod/.darbs/dotfiles/common/.config/nvim/init/topic mappings_n.vim
2019-08-04 17:04:55 /home/mod/.darbs/dotfiles/common/.config/nvim/init/topic mappings_n.vim
2019-08-04 17:04:55 /home/mod/.darbs/dotfiles/common/.config/nvim/init/topic mappings_n.vim
2019-08-04 11:32:54 /home/mod/.darbs/dotfiles/common/.config/nvim/init/topic plugins.vim
2019-08-04 11:32:54 /home/mod/.darbs/dotfiles/common/.config/nvim/init/topic plugins.vim
2019-08-03 19:52:27 /home/mod/.darbs/dotfiles/common/.config/nvim/init/topic mappings_n.vim
2019-08-03 19:52:27 /home/mod/.darbs/dotfiles/common/.config/nvim/init/topic mappings_n.vim
2019-08-03 19:51:51 /home/mod/.darbs/dotfiles/common/.config/nvim/init/topic mappings_n.vim
2019-08-03 19:51:51 /home/mod/.darbs/dotfiles/common/.config/nvim/init/topic mappings_n.vim
2019-08-03 18:32:35 /home/mod/.darbs/dotfiles/common/.config/nvim/init/topic mappings_n.vim
2019-08-03 18:32:35 /home/mod/.darbs/dotfiles/common/.config/nvim/init/topic mappings_n.vim
2019-08-03 17:05:08 /home/mod/.darbs/dotfiles/common/.config/nvim/init/topic mappings_n.vim
2019-08-03 17:05:08 /home/mod/.darbs/dotfiles/common/.config/nvim/init/topic mappings_n.vim
2019-08-03 17:03:24 /home/mod/.darbs/dotfiles/common/.config/nvim/init/topic mappings_n.vim
2019-08-03 17:03:24 /home/mod/.darbs/dotfiles/common/.config/nvim/init/topic mappings_n.vim
2019-08-02 09:21:43 /home/mod/.darbs/dotfiles/common/.config/nvim/init/topic session.vim
2019-08-02 09:21:43 /home/mod/.darbs/dotfiles/common/.config/nvim/init/topic session.vim
2019-08-02 09:21:36 /home/mod/.darbs/dotfiles/common/.config/nvim/init/topic session.vim
2019-08-02 09:21:36 /home/mod/.darbs/dotfiles/common/.config/nvim/init/topic session.vim
2019-08-02 09:19:27 /home/mod/.darbs/dotfiles/common/.config/nvim/init/topic mappings_n.vim
2019-08-02 09:19:27 /home/mod/.darbs/dotfiles/common/.config/nvim/init/topic mappings_n.vim
2019-08-02 07:53:54 /home/mod/.darbs/dotfiles/common/.config/nvim/init/topic mappings_n.vim
2019-08-02 07:53:54 /home/mod/.darbs/dotfiles/common/.config/nvim/init/topic mappings_n.vim
2019-08-02 07:53:51 /home/mod/.darbs/dotfiles/common/.config/nvim/init/topic mappings_n.vim
2019-08-02 07:53:51 /home/mod/.darbs/dotfiles/common/.config/nvim/init/topic mappings_n.vim
2019-08-02 07:25:52 /home/mod/.darbs/dotfiles/common/.config/nvim/init/topic autocmd.vim
2019-08-02 07:25:52 /home/mod/.darbs/dotfiles/common/.config/nvim/init/topic autocmd.vim
2019-08-02 07:25:07 /home/mod/.darbs/dotfiles/common/.config/nvim/init/topic autocmd.vim
2019-08-02 07:25:07 /home/mod/.darbs/dotfiles/common/.config/nvim/init/topic autocmd.vim
2019-08-02 07:16:45 /home/mod/.darbs/dotfiles/common/.config/nvim/init/topic autocmd.vim
2019-08-02 07:16:45 /home/mod/.darbs/dotfiles/common/.config/nvim/init/topic autocmd.vim
2019-08-02 07:13:15 /home/mod/.darbs/dotfiles/common/.config/nvim/init/topic mappings_n.vim
2019-08-02 07:13:15 /home/mod/.darbs/dotfiles/common/.config/nvim/init/topic mappings_n.vim
2019-08-02 07:13:15 /home/mod/.darbs/dotfiles/common/.config/nvim/init/topic mappings_n.vim
2019-08-02 07:13:15 /home/mod/.darbs/dotfiles/common/.config/nvim/init/topic mappings_n.vim
2019-08-02 07:12:52 /home/mod/.darbs/dotfiles/common/.config/nvim/init/topic mappings_n.vim
2019-08-02 07:12:52 /home/mod/.darbs/dotfiles/common/.config/nvim/init/topic mappings_n.vim
2019-08-02 07:12:52 /home/mod/.darbs/dotfiles/common/.config/nvim/init/topic mappings_n.vim
2019-08-02 07:12:52 /home/mod/.darbs/dotfiles/common/.config/nvim/init/topic mappings_n.vim
2019-08-02 07:12:46 /home/mod/.darbs/dotfiles/common/.config/nvim/init/topic mappings_n.vim
2019-08-02 07:12:46 /home/mod/.darbs/dotfiles/common/.config/nvim/init/topic mappings_n.vim
2019-08-02 07:12:46 /home/mod/.darbs/dotfiles/common/.config/nvim/init/topic mappings_n.vim
2019-08-02 07:12:46 /home/mod/.darbs/dotfiles/common/.config/nvim/init/topic mappings_n.vim
2019-08-02 06:52:08 /home/mod/.darbs/dotfiles/common/.config/nvim/init/topic mappings_n.vim
2019-08-02 06:52:08 /home/mod/.darbs/dotfiles/common/.config/nvim/init/topic mappings_n.vim
2019-08-02 06:52:08 /home/mod/.darbs/dotfiles/common/.config/nvim/init/topic mappings_n.vim
2019-08-02 06:52:08 /home/mod/.darbs/dotfiles/common/.config/nvim/init/topic mappings_n.vim
2019-08-02 06:52:00 /home/mod/.darbs/dotfiles/common/.config/nvim/init/topic mappings_n.vim
2019-08-02 06:52:00 /home/mod/.darbs/dotfiles/common/.config/nvim/init/topic mappings_n.vim
2019-08-02 06:52:00 /home/mod/.darbs/dotfiles/common/.config/nvim/init/topic mappings_n.vim
2019-08-02 06:52:00 /home/mod/.darbs/dotfiles/common/.config/nvim/init/topic mappings_n.vim
2019-08-02 06:46:10 /home/mod/.darbs/dotfiles/common/.config/nvim/init/topic mappings_n.vim
2019-08-02 06:46:10 /home/mod/.darbs/dotfiles/common/.config/nvim/init/topic mappings_n.vim
2019-08-02 06:46:10 /home/mod/.darbs/dotfiles/common/.config/nvim/init/topic mappings_n.vim
2019-08-02 06:46:10 /home/mod/.darbs/dotfiles/common/.config/nvim/init/topic mappings_n.vim
2019-08-02 06:45:51 /home/mod/.darbs/dotfiles/common/.config/nvim/init/topic mappings_n.vim
2019-08-02 06:45:51 /home/mod/.darbs/dotfiles/common/.config/nvim/init/topic mappings_n.vim
2019-08-02 06:45:51 /home/mod/.darbs/dotfiles/common/.config/nvim/init/topic mappings_n.vim
2019-08-02 06:45:51 /home/mod/.darbs/dotfiles/common/.config/nvim/init/topic mappings_n.vim
2019-08-02 06:41:17 /home/mod/.darbs/dotfiles/common/.config/nvim/init/topic mappings_n.vim
2019-08-02 06:41:17 /home/mod/.darbs/dotfiles/common/.config/nvim/init/topic mappings_n.vim
2019-08-02 06:41:17 /home/mod/.darbs/dotfiles/common/.config/nvim/init/topic mappings_n.vim
2019-08-02 06:41:17 /home/mod/.darbs/dotfiles/common/.config/nvim/init/topic mappings_n.vim
2019-08-02 06:40:25 /home/mod/.darbs/dotfiles/common/.config/nvim/init/topic mappings_n.vim
2019-08-02 06:40:25 /home/mod/.darbs/dotfiles/common/.config/nvim/init/topic mappings_n.vim
2019-08-02 06:35:50 /home/mod/.darbs/dotfiles/common/.config/nvim/init/topic mappings_n.vim
2019-08-02 06:35:50 /home/mod/.darbs/dotfiles/common/.config/nvim/init/topic mappings_n.vim
2019-08-02 06:35:34 /home/mod/.darbs/dotfiles/common/.config/nvim/init/topic mappings_n.vim
2019-08-02 06:35:34 /home/mod/.darbs/dotfiles/common/.config/nvim/init/topic mappings_n.vim
2019-08-02 06:34:16 /home/mod/.darbs/dotfiles/common/.config/nvim/init/topic mappings_n.vim
2019-08-02 06:34:16 /home/mod/.darbs/dotfiles/common/.config/nvim/init/topic mappings_n.vim
2019-08-02 06:33:25 /home/mod/.darbs/dotfiles/common/.config/nvim/init/topic mappings_n.vim
2019-08-02 06:33:25 /home/mod/.darbs/dotfiles/common/.config/nvim/init/topic mappings_n.vim
2019-08-02 06:25:36 /home/mod/.darbs/dotfiles/common/.config/nvim/init/topic mappings_i.vim
2019-08-02 06:25:36 /home/mod/.darbs/dotfiles/common/.config/nvim/init/topic mappings_i.vim
2019-08-02 06:19:16 /home/mod/.darbs/dotfiles/common/.config/nvim/init/topic mappings_n.vim
2019-08-02 06:19:16 /home/mod/.darbs/dotfiles/common/.config/nvim/init/topic mappings_n.vim
2019-08-02 06:18:53 /home/mod/.darbs/dotfiles/common/.config/nvim/init/topic mappings_n.vim
2019-08-02 06:18:53 /home/mod/.darbs/dotfiles/common/.config/nvim/init/topic mappings_n.vim
2019-08-02 06:18:49 /home/mod/.darbs/dotfiles/common/.config/nvim/init/topic mappings_n.vim
2019-08-02 06:18:49 /home/mod/.darbs/dotfiles/common/.config/nvim/init/topic mappings_n.vim
2019-08-01 20:46:06 /home/mod/.darbs/dotfiles/common/.config/nvim/init/topic mappings_n.vim
2019-08-01 20:46:06 /home/mod/.darbs/dotfiles/common/.config/nvim/init/topic mappings_n.vim
2019-08-01 20:41:24 /home/mod/.darbs/dotfiles/common/.config/nvim/init/topic plugins.vim
2019-08-01 20:41:24 /home/mod/.darbs/dotfiles/common/.config/nvim/init/topic plugins.vim
2019-08-01 20:25:46 /home/mod/.darbs/dotfiles/common/.config/nvim/init/topic mappings_n.vim
2019-08-01 20:25:46 /home/mod/.darbs/dotfiles/common/.config/nvim/init/topic mappings_n.vim
2019-08-01 20:10:29 /home/mod/.darbs/dotfiles/common/.config/nvim/init/topic mappings_n.vim
2019-08-01 20:10:29 /home/mod/.darbs/dotfiles/common/.config/nvim/init/topic mappings_n.vim
2019-08-01 20:10:26 /home/mod/.darbs/dotfiles/common/.config/nvim/init/topic mappings_n.vim
2019-08-01 20:10:26 /home/mod/.darbs/dotfiles/common/.config/nvim/init/topic mappings_n.vim
2019-08-01 20:10:08 /home/mod/.darbs/dotfiles/common/.config/nvim/init/topic mappings_n.vim
2019-08-01 20:10:08 /home/mod/.darbs/dotfiles/common/.config/nvim/init/topic mappings_n.vim
2019-08-01 19:50:07 /home/mod/.darbs/dotfiles/common/.config/nvim/init/topic mappings_n.vim
2019-08-01 19:50:07 /home/mod/.darbs/dotfiles/common/.config/nvim/init/topic mappings_n.vim
2019-08-01 19:50:05 /home/mod/.darbs/dotfiles/common/.config/nvim/init/topic mappings_n.vim
2019-08-01 19:50:05 /home/mod/.darbs/dotfiles/common/.config/nvim/init/topic mappings_n.vim
2019-08-01 19:49:56 /home/mod/.darbs/dotfiles/common/.config/nvim/init/topic mappings_n.vim
2019-08-01 19:49:56 /home/mod/.darbs/dotfiles/common/.config/nvim/init/topic mappings_n.vim
2019-08-01 19:49:51 /home/mod/.darbs/dotfiles/common/.config/nvim/init/topic mappings_n.vim
2019-08-01 19:49:51 /home/mod/.darbs/dotfiles/common/.config/nvim/init/topic mappings_n.vim
2019-08-01 19:49:11 /home/mod/.darbs/dotfiles/common/.config/nvim/init/topic mappings_n.vim
2019-08-01 19:49:11 /home/mod/.darbs/dotfiles/common/.config/nvim/init/topic mappings_n.vim
2019-08-01 19:48:17 /home/mod/.darbs/dotfiles/common/.config/nvim/init/topic mappings_n.vim
2019-08-01 19:48:17 /home/mod/.darbs/dotfiles/common/.config/nvim/init/topic mappings_n.vim
2019-08-01 19:48:15 /home/mod/.darbs/dotfiles/common/.config/nvim/init/topic mappings_n.vim
2019-08-01 19:48:15 /home/mod/.darbs/dotfiles/common/.config/nvim/init/topic mappings_n.vim
2019-08-01 19:46:42 /home/mod/.darbs/dotfiles/common/.config/nvim/init/topic mappings_n.vim
2019-08-01 19:46:42 /home/mod/.darbs/dotfiles/common/.config/nvim/init/topic mappings_n.vim
2019-08-01 19:46:42 /home/mod/.darbs/dotfiles/common/.config/nvim/init/topic mappings_n.vim
2019-08-01 19:46:42 /home/mod/.darbs/dotfiles/common/.config/nvim/init/topic mappings_n.vim
2019-08-01 19:46:42 /home/mod/.darbs/dotfiles/common/.config/nvim/init/topic mappings_n.vim
2019-08-01 19:46:42 /home/mod/.darbs/dotfiles/common/.config/nvim/init/topic mappings_n.vim
2019-08-01 19:46:42 /home/mod/.darbs/dotfiles/common/.config/nvim/init/topic mappings_n.vim
2019-08-01 19:46:42 /home/mod/.darbs/dotfiles/common/.config/nvim/init/topic mappings_n.vim
2019-08-01 19:45:56 /home/mod/.darbs/dotfiles/common/.config/nvim/init/topic mappings_n.vim
2019-08-01 19:45:56 /home/mod/.darbs/dotfiles/common/.config/nvim/init/topic mappings_n.vim
2019-08-01 19:45:56 /home/mod/.darbs/dotfiles/common/.config/nvim/init/topic mappings_n.vim
2019-08-01 19:45:56 /home/mod/.darbs/dotfiles/common/.config/nvim/init/topic mappings_n.vim
2019-08-01 19:45:56 /home/mod/.darbs/dotfiles/common/.config/nvim/init/topic mappings_n.vim
2019-08-01 19:45:56 /home/mod/.darbs/dotfiles/common/.config/nvim/init/topic mappings_n.vim
2019-08-01 19:45:56 /home/mod/.darbs/dotfiles/common/.config/nvim/init/topic mappings_n.vim
2019-08-01 19:45:56 /home/mod/.darbs/dotfiles/common/.config/nvim/init/topic mappings_n.vim
2019-08-01 19:44:48 /home/mod/.darbs/dotfiles/common/.config/nvim/init/topic mappings_n.vim
2019-08-01 19:44:48 /home/mod/.darbs/dotfiles/common/.config/nvim/init/topic mappings_n.vim
2019-08-01 19:44:48 /home/mod/.darbs/dotfiles/common/.config/nvim/init/topic mappings_n.vim
2019-08-01 19:44:48 /home/mod/.darbs/dotfiles/common/.config/nvim/init/topic mappings_n.vim
2019-08-01 19:44:48 /home/mod/.darbs/dotfiles/common/.config/nvim/init/topic mappings_n.vim
2019-08-01 19:44:48 /home/mod/.darbs/dotfiles/common/.config/nvim/init/topic mappings_n.vim
2019-08-01 19:44:48 /home/mod/.darbs/dotfiles/common/.config/nvim/init/topic mappings_n.vim
2019-08-01 19:44:48 /home/mod/.darbs/dotfiles/common/.config/nvim/init/topic mappings_n.vim
2019-08-01 19:44:43 /home/mod/.darbs/dotfiles/common/.config/nvim/init/topic mappings_n.vim
2019-08-01 19:44:43 /home/mod/.darbs/dotfiles/common/.config/nvim/init/topic mappings_n.vim
2019-08-01 19:44:43 /home/mod/.darbs/dotfiles/common/.config/nvim/init/topic mappings_n.vim
2019-08-01 19:44:43 /home/mod/.darbs/dotfiles/common/.config/nvim/init/topic mappings_n.vim
2019-08-01 19:44:43 /home/mod/.darbs/dotfiles/common/.config/nvim/init/topic mappings_n.vim
2019-08-01 19:44:43 /home/mod/.darbs/dotfiles/common/.config/nvim/init/topic mappings_n.vim
2019-08-01 19:44:43 /home/mod/.darbs/dotfiles/common/.config/nvim/init/topic mappings_n.vim
2019-08-01 19:44:43 /home/mod/.darbs/dotfiles/common/.config/nvim/init/topic mappings_n.vim
2019-08-01 19:43:10 /home/mod/.darbs/dotfiles/common/.config/nvim/init/topic mappings_n.vim
2019-08-01 19:43:10 /home/mod/.darbs/dotfiles/common/.config/nvim/init/topic mappings_n.vim
2019-08-01 19:43:09 /home/mod/.darbs/dotfiles/common/.config/nvim/init/topic mappings_n.vim
2019-08-01 19:43:09 /home/mod/.darbs/dotfiles/common/.config/nvim/init/topic mappings_n.vim
2019-08-01 19:43:09 /home/mod/.darbs/dotfiles/common/.config/nvim/init/topic mappings_n.vim
2019-08-01 19:43:09 /home/mod/.darbs/dotfiles/common/.config/nvim/init/topic mappings_n.vim
2019-08-01 19:42:08 /home/mod/.darbs/dotfiles/common/.config/nvim/init/topic mappings_n.vim
2019-08-01 19:42:08 /home/mod/.darbs/dotfiles/common/.config/nvim/init/topic mappings_n.vim
2019-08-01 19:42:08 /home/mod/.darbs/dotfiles/common/.config/nvim/init/topic mappings_n.vim
2019-08-01 19:42:08 /home/mod/.darbs/dotfiles/common/.config/nvim/init/topic mappings_n.vim
2019-08-01 19:42:07 /home/mod/.darbs/dotfiles/common/.config/nvim/init/topic mappings_n.vim
2019-08-01 19:42:07 /home/mod/.darbs/dotfiles/common/.config/nvim/init/topic mappings_n.vim
2019-08-01 18:18:24 /home/mod/.darbs/dotfiles/common/.config/nvim/init/topic mappings_n.vim
2019-08-01 18:18:24 /home/mod/.darbs/dotfiles/common/.config/nvim/init/topic mappings_n.vim
2019-08-01 18:18:24 /home/mod/.darbs/dotfiles/common/.config/nvim/init/topic mappings_n.vim
2019-08-01 18:18:24 /home/mod/.darbs/dotfiles/common/.config/nvim/init/topic mappings_n.vim
2019-08-01 18:18:24 /home/mod/.darbs/dotfiles/common/.config/nvim/init/topic mappings_n.vim
2019-08-01 18:18:24 /home/mod/.darbs/dotfiles/common/.config/nvim/init/topic mappings_n.vim
2019-08-01 18:08:33 /home/mod/.darbs/dotfiles/common/.config/nvim/init/topic mappings_n.vim
2019-08-01 18:08:33 /home/mod/.darbs/dotfiles/common/.config/nvim/init/topic mappings_n.vim
2019-08-01 18:07:15 /home/mod/.darbs/dotfiles/common/.config/nvim/init/topic mappings_n.vim
2019-08-01 18:07:15 /home/mod/.darbs/dotfiles/common/.config/nvim/init/topic mappings_n.vim
2019-08-01 17:58:12 /home/mod/.darbs/dotfiles/common/.config/nvim/init/topic mappings_n.vim
2019-08-01 17:58:12 /home/mod/.darbs/dotfiles/common/.config/nvim/init/topic mappings_n.vim
2019-08-01 17:58:12 /home/mod/.darbs/dotfiles/common/.config/nvim/init/topic mappings_n.vim
2019-08-01 17:58:12 /home/mod/.darbs/dotfiles/common/.config/nvim/init/topic mappings_n.vim
2019-08-01 17:58:11 /home/mod/.darbs/dotfiles/common/.config/nvim/init/topic mappings_n.vim
2019-08-01 17:58:11 /home/mod/.darbs/dotfiles/common/.config/nvim/init/topic mappings_n.vim
2019-08-01 17:57:37 /home/mod/.darbs/dotfiles/common/.config/nvim/init/topic mappings_n.vim
2019-08-01 17:57:37 /home/mod/.darbs/dotfiles/common/.config/nvim/init/topic mappings_n.vim
2019-08-01 17:57:37 /home/mod/.darbs/dotfiles/common/.config/nvim/init/topic mappings_n.vim
2019-08-01 17:57:37 /home/mod/.darbs/dotfiles/common/.config/nvim/init/topic mappings_n.vim
2019-08-01 17:57:29 /home/mod/.darbs/dotfiles/common/.config/nvim/init/topic mappings_n.vim
2019-08-01 17:57:29 /home/mod/.darbs/dotfiles/common/.config/nvim/init/topic mappings_n.vim
2019-08-01 17:57:29 /home/mod/.darbs/dotfiles/common/.config/nvim/init/topic mappings_n.vim
2019-08-01 17:57:29 /home/mod/.darbs/dotfiles/common/.config/nvim/init/topic mappings_n.vim
2019-08-01 17:53:30 /home/mod/.darbs/dotfiles/common/.config/nvim/init/topic mappings_n.vim
2019-08-01 17:53:30 /home/mod/.darbs/dotfiles/common/.config/nvim/init/topic mappings_n.vim
2019-08-01 10:35:54 /home/mod/.darbs/dotfiles/common/.config/nvim/init/topic mappings_n.vim
2019-08-01 10:35:54 /home/mod/.darbs/dotfiles/common/.config/nvim/init/topic mappings_n.vim
2019-08-01 10:34:32 /home/mod/.darbs/dotfiles/common/.config/nvim/init/topic mappings_n.vim
2019-08-01 10:34:32 /home/mod/.darbs/dotfiles/common/.config/nvim/init/topic mappings_n.vim
2019-08-01 10:33:30 /home/mod/.darbs/dotfiles/common/.config/nvim/init/topic mappings_n.vim
2019-08-01 10:33:30 /home/mod/.darbs/dotfiles/common/.config/nvim/init/topic mappings_n.vim
2019-08-01 10:33:04 /home/mod/.darbs/dotfiles/common/.config/nvim/init/topic mappings_n.vim
2019-08-01 10:33:04 /home/mod/.darbs/dotfiles/common/.config/nvim/init/topic mappings_n.vim
2019-08-01 10:28:53 /home/mod/.darbs/dotfiles/common/.config/nvim/init/topic mappings_n.vim
2019-08-01 10:28:53 /home/mod/.darbs/dotfiles/common/.config/nvim/init/topic mappings_n.vim
2019-08-01 10:27:11 /home/mod/.darbs/dotfiles/common/.config/nvim/init/topic mappings_n.vim
2019-08-01 10:27:11 /home/mod/.darbs/dotfiles/common/.config/nvim/init/topic mappings_n.vim
2019-08-01 10:26:36 /home/mod/.darbs/dotfiles/common/.config/nvim/init/topic mappings_n.vim
2019-08-01 10:26:36 /home/mod/.darbs/dotfiles/common/.config/nvim/init/topic mappings_n.vim
2019-08-01 10:25:53 /home/mod/.darbs/dotfiles/common/.config/nvim/init/topic mappings_n.vim
2019-08-01 10:25:53 /home/mod/.darbs/dotfiles/common/.config/nvim/init/topic mappings_n.vim
2019-08-01 10:23:38 /home/mod/.darbs/dotfiles/common/.config/nvim/init/topic mappings_n.vim
2019-08-01 10:23:38 /home/mod/.darbs/dotfiles/common/.config/nvim/init/topic mappings_n.vim
2019-08-01 10:22:40 /home/mod/.darbs/dotfiles/common/.config/nvim/init/topic mappings_n.vim
2019-08-01 10:22:40 /home/mod/.darbs/dotfiles/common/.config/nvim/init/topic mappings_n.vim
2019-08-01 10:21:59 /home/mod/.darbs/dotfiles/common/.config/nvim/init/topic mappings_n.vim
2019-08-01 10:21:59 /home/mod/.darbs/dotfiles/common/.config/nvim/init/topic mappings_n.vim
2019-08-01 10:18:20 /home/mod/.darbs/dotfiles/common/.config/nvim/init/topic mappings_n.vim
2019-08-01 10:18:20 /home/mod/.darbs/dotfiles/common/.config/nvim/init/topic mappings_n.vim
2019-08-01 10:09:28 /home/mod/.darbs/dotfiles/common/.config/nvim/init/topic mappings_n.vim
2019-08-01 10:09:28 /home/mod/.darbs/dotfiles/common/.config/nvim/init/topic mappings_n.vim
2019-08-01 10:08:03 /home/mod/.darbs/dotfiles/common/.config/nvim/init/topic mappings_n.vim
2019-08-01 10:08:03 /home/mod/.darbs/dotfiles/common/.config/nvim/init/topic mappings_n.vim
2019-08-01 10:07:13 /home/mod/.darbs/dotfiles/common/.config/nvim/init/topic mappings_n.vim
2019-08-01 10:07:13 /home/mod/.darbs/dotfiles/common/.config/nvim/init/topic mappings_n.vim
2019-08-01 10:06:05 /home/mod/.darbs/dotfiles/common/.config/nvim/init/topic mappings_n.vim
2019-08-01 10:06:05 /home/mod/.darbs/dotfiles/common/.config/nvim/init/topic mappings_n.vim
2019-08-01 10:05:44 /home/mod/.darbs/dotfiles/common/.config/nvim/init/topic mappings_n.vim
2019-08-01 10:05:44 /home/mod/.darbs/dotfiles/common/.config/nvim/init/topic mappings_n.vim
2019-08-01 10:04:48 /home/mod/.darbs/dotfiles/common/.config/nvim/init/topic mappings_n.vim
2019-08-01 10:04:48 /home/mod/.darbs/dotfiles/common/.config/nvim/init/topic mappings_n.vim
2019-08-01 10:04:00 /home/mod/.darbs/dotfiles/common/.config/nvim/init/topic mappings_n.vim
2019-08-01 10:04:00 /home/mod/.darbs/dotfiles/common/.config/nvim/init/topic mappings_n.vim
2019-08-01 10:02:39 /home/mod/.darbs/dotfiles/common/.config/nvim/init/topic mappings_n.vim
2019-08-01 10:02:39 /home/mod/.darbs/dotfiles/common/.config/nvim/init/topic mappings_n.vim
2019-08-01 10:01:24 /home/mod/.darbs/dotfiles/common/.config/nvim/init/topic mappings_n.vim
2019-08-01 10:01:24 /home/mod/.darbs/dotfiles/common/.config/nvim/init/topic mappings_n.vim
2019-08-01 10:01:12 /home/mod/.darbs/dotfiles/common/.config/nvim/init/topic mappings_n.vim
2019-08-01 10:01:12 /home/mod/.darbs/dotfiles/common/.config/nvim/init/topic mappings_n.vim
2019-08-01 10:00:46 /home/mod/.darbs/dotfiles/common/.config/nvim/init/topic mappings_n.vim
2019-08-01 10:00:46 /home/mod/.darbs/dotfiles/common/.config/nvim/init/topic mappings_n.vim
2019-08-01 10:00:08 /home/mod/.darbs/dotfiles/common/.config/nvim/init/topic mappings_v.vim
2019-08-01 10:00:08 /home/mod/.darbs/dotfiles/common/.config/nvim/init/topic mappings_v.vim
2019-08-01 10:00:07 /home/mod/.darbs/dotfiles/common/.config/nvim/init/topic mappings_n.vim
2019-08-01 10:00:07 /home/mod/.darbs/dotfiles/common/.config/nvim/init/topic mappings_n.vim
2019-08-01 09:58:34 /home/mod/.darbs/dotfiles/common/.config/nvim/init/topic mappings_n.vim
2019-08-01 09:58:34 /home/mod/.darbs/dotfiles/common/.config/nvim/init/topic mappings_n.vim
2019-08-01 09:57:47 /home/mod/.darbs/dotfiles/common/.config/nvim/init/topic mappings_n.vim
2019-08-01 09:57:47 /home/mod/.darbs/dotfiles/common/.config/nvim/init/topic mappings_n.vim
2019-08-01 09:56:48 /home/mod/.darbs/dotfiles/common/.config/nvim/init/topic mappings_n.vim
2019-08-01 09:56:48 /home/mod/.darbs/dotfiles/common/.config/nvim/init/topic mappings_n.vim
2019-08-01 09:56:06 /home/mod/.darbs/dotfiles/common/.config/nvim/init/topic mappings_n.vim
2019-08-01 09:56:06 /home/mod/.darbs/dotfiles/common/.config/nvim/init/topic mappings_n.vim
2019-08-01 09:53:57 /home/mod/.darbs/dotfiles/common/.config/nvim/init/topic mappings_n.vim
2019-08-01 09:53:57 /home/mod/.darbs/dotfiles/common/.config/nvim/init/topic mappings_n.vim
2019-08-01 09:53:28 /home/mod/.darbs/dotfiles/common/.config/nvim/init/topic mappings_n.vim
2019-08-01 09:53:28 /home/mod/.darbs/dotfiles/common/.config/nvim/init/topic mappings_n.vim
2019-08-01 09:52:24 /home/mod/.darbs/dotfiles/common/.config/nvim/init/topic mappings_n.vim
2019-08-01 09:52:24 /home/mod/.darbs/dotfiles/common/.config/nvim/init/topic mappings_n.vim
2019-08-01 09:50:12 /home/mod/.darbs/dotfiles/common/.config/nvim/init/topic mappings_n.vim
2019-08-01 09:50:12 /home/mod/.darbs/dotfiles/common/.config/nvim/init/topic mappings_n.vim
2019-08-01 09:49:30 /home/mod/.darbs/dotfiles/common/.config/nvim/init/topic mappings_n.vim
2019-08-01 09:49:30 /home/mod/.darbs/dotfiles/common/.config/nvim/init/topic mappings_n.vim
2019-08-01 09:47:34 /home/mod/.darbs/dotfiles/common/.config/nvim/init/topic mappings_n.vim
2019-08-01 09:47:34 /home/mod/.darbs/dotfiles/common/.config/nvim/init/topic mappings_n.vim
2019-08-01 09:46:53 /home/mod/.darbs/dotfiles/common/.config/nvim/init/topic mappings_n.vim
2019-08-01 09:46:53 /home/mod/.darbs/dotfiles/common/.config/nvim/init/topic mappings_n.vim
2019-08-01 09:46:03 /home/mod/.darbs/dotfiles/common/.config/nvim/init/topic mappings_n.vim
2019-08-01 09:46:03 /home/mod/.darbs/dotfiles/common/.config/nvim/init/topic mappings_n.vim
2019-08-01 09:45:05 /home/mod/.darbs/dotfiles/common/.config/nvim/init/topic mappings_n.vim
2019-08-01 09:45:05 /home/mod/.darbs/dotfiles/common/.config/nvim/init/topic mappings_n.vim
2019-08-01 09:44:33 /home/mod/.darbs/dotfiles/common/.config/nvim/init/topic mappings_n.vim
2019-08-01 09:44:33 /home/mod/.darbs/dotfiles/common/.config/nvim/init/topic mappings_n.vim
2019-08-01 09:40:19 /home/mod/.darbs/dotfiles/common/.config/nvim/init/topic mappings_n.vim
2019-08-01 09:40:19 /home/mod/.darbs/dotfiles/common/.config/nvim/init/topic mappings_n.vim
2019-08-01 09:39:10 /home/mod/.darbs/dotfiles/common/.config/nvim/init/topic mappings_n.vim
2019-08-01 09:39:10 /home/mod/.darbs/dotfiles/common/.config/nvim/init/topic mappings_n.vim
2019-08-01 09:39:05 /home/mod/.darbs/dotfiles/common/.config/nvim/init/topic mappings_n.vim
2019-08-01 09:39:05 /home/mod/.darbs/dotfiles/common/.config/nvim/init/topic mappings_n.vim
2019-08-01 09:36:06 /home/mod/.darbs/dotfiles/common/.config/nvim/init/topic mappings_n.vim
2019-08-01 09:36:06 /home/mod/.darbs/dotfiles/common/.config/nvim/init/topic mappings_n.vim
2019-08-01 09:35:47 /home/mod/.darbs/dotfiles/common/.config/nvim/init/topic mappings_n.vim
2019-08-01 09:35:47 /home/mod/.darbs/dotfiles/common/.config/nvim/init/topic mappings_n.vim
2019-08-01 09:35:41 /home/mod/.darbs/dotfiles/common/.config/nvim/init/topic mappings_n.vim
2019-08-01 09:35:41 /home/mod/.darbs/dotfiles/common/.config/nvim/init/topic mappings_n.vim
2019-08-01 09:34:37 /home/mod/.darbs/dotfiles/common/.config/nvim/init/topic mappings_n.vim
2019-08-01 09:34:37 /home/mod/.darbs/dotfiles/common/.config/nvim/init/topic mappings_n.vim
2019-08-01 09:32:28 /home/mod/.darbs/dotfiles/common/.config/nvim/init/topic mappings_n.vim
2019-08-01 09:32:28 /home/mod/.darbs/dotfiles/common/.config/nvim/init/topic mappings_n.vim
2019-08-01 09:31:44 /home/mod/.darbs/dotfiles/common/.config/nvim/init/topic mappings_n.vim
2019-08-01 09:31:44 /home/mod/.darbs/dotfiles/common/.config/nvim/init/topic mappings_n.vim
2019-08-01 09:31:25 /home/mod/.darbs/dotfiles/common/.config/nvim/init/topic mappings_n.vim
2019-08-01 09:31:25 /home/mod/.darbs/dotfiles/common/.config/nvim/init/topic mappings_n.vim
2019-08-01 09:29:37 /home/mod/.darbs/dotfiles/common/.config/nvim/init/topic mappings_n.vim
2019-08-01 09:29:37 /home/mod/.darbs/dotfiles/common/.config/nvim/init/topic mappings_n.vim
2019-08-01 09:29:12 /home/mod/.darbs/dotfiles/common/.config/nvim/init/topic mappings_n.vim
2019-08-01 09:29:12 /home/mod/.darbs/dotfiles/common/.config/nvim/init/topic mappings_n.vim
2019-08-01 09:28:32 /home/mod/.darbs/dotfiles/common/.config/nvim/init/topic mappings_n.vim
2019-08-01 09:28:32 /home/mod/.darbs/dotfiles/common/.config/nvim/init/topic mappings_n.vim
2019-08-01 09:25:59 /home/mod/.darbs/dotfiles/common/.config/nvim/init/topic mappings_n.vim
2019-08-01 09:25:59 /home/mod/.darbs/dotfiles/common/.config/nvim/init/topic mappings_n.vim
2019-08-01 09:24:53 /home/mod/.darbs/dotfiles/common/.config/nvim/init/topic mappings_n.vim
2019-08-01 09:24:53 /home/mod/.darbs/dotfiles/common/.config/nvim/init/topic mappings_n.vim
2019-08-01 09:22:22 /home/mod/.darbs/dotfiles/common/.config/nvim/init/topic mappings_n.vim
2019-08-01 09:22:22 /home/mod/.darbs/dotfiles/common/.config/nvim/init/topic mappings_n.vim
2019-08-01 09:22:03 /home/mod/.darbs/dotfiles/common/.config/nvim/init/topic mappings_n.vim
2019-08-01 09:22:03 /home/mod/.darbs/dotfiles/common/.config/nvim/init/topic mappings_n.vim
2019-08-01 09:17:12 /home/mod/.darbs/dotfiles/common/.config/nvim/init/topic mappings_n.vim
2019-08-01 09:17:12 /home/mod/.darbs/dotfiles/common/.config/nvim/init/topic mappings_n.vim
2019-08-01 09:14:27 /home/mod/.darbs/dotfiles/common/.config/nvim/init/topic mappings_n.vim
2019-08-01 09:14:27 /home/mod/.darbs/dotfiles/common/.config/nvim/init/topic mappings_n.vim
2019-08-01 09:14:10 /home/mod/.darbs/dotfiles/common/.config/nvim/init/topic mappings_n.vim
2019-08-01 09:14:10 /home/mod/.darbs/dotfiles/common/.config/nvim/init/topic mappings_n.vim
2019-08-01 09:11:22 /home/mod/.darbs/dotfiles/common/.config/nvim/init/topic mappings_n.vim
2019-08-01 09:11:22 /home/mod/.darbs/dotfiles/common/.config/nvim/init/topic mappings_n.vim
2019-08-01 09:10:35 /home/mod/.darbs/dotfiles/common/.config/nvim/init/topic mappings_n.vim
2019-08-01 09:10:35 /home/mod/.darbs/dotfiles/common/.config/nvim/init/topic mappings_n.vim
