[monitor] 07:56:25 INFO: Starting syncthing
[DWRQG] 07:56:25 INFO: syncthing v1.0.1 "Erbium Earthworm" (go1.11.5 linux-amd64) builduser@svetlemodry 2019-02-05 18:18:07 UTC [noupgrade]
[DWRQG] 07:56:25 INFO: My ID: DWRQG7T-TCA2DUJ-BQKCM25-VYQYVVW-PENJ5CJ-3LGPQD7-NRTMGMH-RGXPIQZ
[DWRQG] 07:56:26 INFO: Single thread SHA256 performance is 408 MB/s using minio/sha256-simd (347 MB/s using crypto/sha256).
[DWRQG] 07:56:27 INFO: Hashing performance is 265.20 MB/s
[DWRQG] 07:56:27 FATAL: Error opening database: resource temporarily unavailable (is another instance of Syncthing running?)
[monitor] 07:56:27 INFO: Syncthing exited: exit status 1
[monitor] 07:56:28 INFO: Starting syncthing
[DWRQG] 07:56:28 INFO: syncthing v1.0.1 "Erbium Earthworm" (go1.11.5 linux-amd64) builduser@svetlemodry 2019-02-05 18:18:07 UTC [noupgrade]
[DWRQG] 07:56:28 INFO: My ID: DWRQG7T-TCA2DUJ-BQKCM25-VYQYVVW-PENJ5CJ-3LGPQD7-NRTMGMH-RGXPIQZ
[DWRQG] 07:56:29 INFO: Single thread SHA256 performance is 401 MB/s using minio/sha256-simd (348 MB/s using crypto/sha256).
[DWRQG] 07:56:29 INFO: Hashing performance is 266.95 MB/s
[DWRQG] 07:56:29 FATAL: Error opening database: resource temporarily unavailable (is another instance of Syncthing running?)
[monitor] 07:56:29 INFO: Syncthing exited: exit status 1
[monitor] 07:56:30 INFO: Starting syncthing
[DWRQG] 07:56:30 INFO: syncthing v1.0.1 "Erbium Earthworm" (go1.11.5 linux-amd64) builduser@svetlemodry 2019-02-05 18:18:07 UTC [noupgrade]
[DWRQG] 07:56:30 INFO: My ID: DWRQG7T-TCA2DUJ-BQKCM25-VYQYVVW-PENJ5CJ-3LGPQD7-NRTMGMH-RGXPIQZ
[DWRQG] 07:56:31 INFO: Single thread SHA256 performance is 431 MB/s using minio/sha256-simd (376 MB/s using crypto/sha256).
[DWRQG] 07:56:32 INFO: Hashing performance is 285.33 MB/s
[DWRQG] 07:56:32 FATAL: Error opening database: resource temporarily unavailable (is another instance of Syncthing running?)
[monitor] 07:56:32 INFO: Syncthing exited: exit status 1
[monitor] 07:56:33 INFO: Starting syncthing
[DWRQG] 07:56:33 INFO: syncthing v1.0.1 "Erbium Earthworm" (go1.11.5 linux-amd64) builduser@svetlemodry 2019-02-05 18:18:07 UTC [noupgrade]
[DWRQG] 07:56:33 INFO: My ID: DWRQG7T-TCA2DUJ-BQKCM25-VYQYVVW-PENJ5CJ-3LGPQD7-NRTMGMH-RGXPIQZ
[DWRQG] 07:56:34 INFO: Single thread SHA256 performance is 426 MB/s using minio/sha256-simd (353 MB/s using crypto/sha256).
[DWRQG] 07:56:34 INFO: Hashing performance is 282.37 MB/s
[DWRQG] 07:56:34 FATAL: Error opening database: resource temporarily unavailable (is another instance of Syncthing running?)
[monitor] 07:56:34 INFO: Syncthing exited: exit status 1
[monitor] 07:56:35 WARNING: 4 restarts in 10.067874218s; not retrying further
[monitor] 07:57:45 INFO: Starting syncthing
[DWRQG] 07:57:45 INFO: syncthing v1.0.1 "Erbium Earthworm" (go1.11.5 linux-amd64) builduser@svetlemodry 2019-02-05 18:18:07 UTC [noupgrade]
[DWRQG] 07:57:45 INFO: My ID: DWRQG7T-TCA2DUJ-BQKCM25-VYQYVVW-PENJ5CJ-3LGPQD7-NRTMGMH-RGXPIQZ
[DWRQG] 07:57:46 INFO: Single thread SHA256 performance is 391 MB/s using minio/sha256-simd (341 MB/s using crypto/sha256).
[DWRQG] 07:57:46 INFO: Hashing performance is 283.50 MB/s
[DWRQG] 07:57:46 FATAL: Error opening database: resource temporarily unavailable (is another instance of Syncthing running?)
[monitor] 07:57:46 INFO: Syncthing exited: exit status 1
[monitor] 07:57:47 INFO: Starting syncthing
[DWRQG] 07:57:47 INFO: syncthing v1.0.1 "Erbium Earthworm" (go1.11.5 linux-amd64) builduser@svetlemodry 2019-02-05 18:18:07 UTC [noupgrade]
[DWRQG] 07:57:47 INFO: My ID: DWRQG7T-TCA2DUJ-BQKCM25-VYQYVVW-PENJ5CJ-3LGPQD7-NRTMGMH-RGXPIQZ
[DWRQG] 07:57:48 INFO: Single thread SHA256 performance is 431 MB/s using minio/sha256-simd (374 MB/s using crypto/sha256).
[DWRQG] 07:57:49 INFO: Hashing performance is 281.79 MB/s
[DWRQG] 07:57:49 FATAL: Error opening database: resource temporarily unavailable (is another instance of Syncthing running?)
[monitor] 07:57:49 INFO: Syncthing exited: exit status 1
[monitor] 07:57:50 INFO: Starting syncthing
[DWRQG] 07:57:50 INFO: syncthing v1.0.1 "Erbium Earthworm" (go1.11.5 linux-amd64) builduser@svetlemodry 2019-02-05 18:18:07 UTC [noupgrade]
[DWRQG] 07:57:50 INFO: My ID: DWRQG7T-TCA2DUJ-BQKCM25-VYQYVVW-PENJ5CJ-3LGPQD7-NRTMGMH-RGXPIQZ
[DWRQG] 07:57:51 INFO: Single thread SHA256 performance is 409 MB/s using minio/sha256-simd (351 MB/s using crypto/sha256).
[DWRQG] 07:57:51 INFO: Hashing performance is 286.16 MB/s
[DWRQG] 07:57:51 FATAL: Error opening database: resource temporarily unavailable (is another instance of Syncthing running?)
[monitor] 07:57:51 INFO: Syncthing exited: exit status 1
[monitor] 07:57:52 INFO: Starting syncthing
[DWRQG] 07:57:52 INFO: syncthing v1.0.1 "Erbium Earthworm" (go1.11.5 linux-amd64) builduser@svetlemodry 2019-02-05 18:18:07 UTC [noupgrade]
[DWRQG] 07:57:52 INFO: My ID: DWRQG7T-TCA2DUJ-BQKCM25-VYQYVVW-PENJ5CJ-3LGPQD7-NRTMGMH-RGXPIQZ
[DWRQG] 07:57:53 INFO: Single thread SHA256 performance is 430 MB/s using minio/sha256-simd (377 MB/s using crypto/sha256).
[DWRQG] 07:57:54 INFO: Hashing performance is 283.46 MB/s
[DWRQG] 07:57:54 FATAL: Error opening database: resource temporarily unavailable (is another instance of Syncthing running?)
[monitor] 07:57:54 INFO: Syncthing exited: exit status 1
[monitor] 07:57:55 WARNING: 4 restarts in 10.033348643s; not retrying further
